TN:
SF:src\app\App.tsx
FN:5,App
FNF:1
FNH:0
FNDA:0,App
DA:6,0
LF:1
LH:0
BRF:0
BRH:0
end_of_record
TN:
SF:src\app\adminHubRoutes.tsx
FN:9,(anonymous_0)
FNF:1
FNH:1
FNDA:2,(anonymous_0)
DA:9,4
DA:10,2
DA:11,2
DA:15,4
DA:34,4
LF:5
LH:5
BRF:0
BRH:0
end_of_record
TN:
SF:src\app\routes.tsx
FNF:0
FNH:0
DA:16,1
LF:1
LH:1
BRF:0
BRH:0
end_of_record
TN:
SF:src\app\userHubRoutes.tsx
FN:7,(anonymous_0)
FNF:1
FNH:1
FNDA:2,(anonymous_0)
DA:7,4
DA:8,2
DA:9,2
DA:13,4
DA:32,4
LF:5
LH:5
BRF:0
BRH:0
end_of_record
TN:
SF:src\features\admin-hub\AdminHubLayout.tsx
FN:27,AdminHubLayout
FNF:1
FNH:1
FNDA:8,AdminHubLayout
DA:4,4
DA:28,8
LF:2
LH:2
BRF:0
BRH:0
end_of_record
TN:
SF:src\features\admin-hub\pages\DiagramGalleryPage.tsx
FN:17,normalizeError
FN:25,getDiagramCount
FN:29,canAcceptDiagram
FN:42,DiagramGalleryPage
FN:54,(anonymous_4)
FN:54,(anonymous_5)
FN:59,(anonymous_6)
FN:59,(anonymous_7)
FN:63,(anonymous_8)
FN:78,(anonymous_9)
FN:81,bootstrap
FN:91,(anonymous_11)
FN:96,openAssignModal
FN:102,handleAssignSubmit
FN:109,(anonymous_14)
FN:127,(anonymous_15)
FN:127,(anonymous_16)
FN:167,(anonymous_17)
FN:187,(anonymous_18)
FN:207,(anonymous_19)
FN:213,(anonymous_20)
FN:217,(anonymous_21)
FN:244,(anonymous_22)
FNF:23
FNH:21
FNDA:0,normalizeError
FNDA:14,getDiagramCount
FNDA:6,canAcceptDiagram
FNDA:9,DiagramGalleryPage
FNDA:4,(anonymous_4)
FNDA:3,(anonymous_5)
FNDA:7,(anonymous_6)
FNDA:8,(anonymous_7)
FNDA:2,(anonymous_8)
FNDA:2,(anonymous_9)
FNDA:2,bootstrap
FNDA:2,(anonymous_11)
FNDA:1,openAssignModal
FNDA:1,handleAssignSubmit
FNDA:2,(anonymous_14)
FNDA:1,(anonymous_15)
FNDA:1,(anonymous_16)
FNDA:6,(anonymous_17)
FNDA:1,(anonymous_18)
FNDA:1,(anonymous_19)
FNDA:2,(anonymous_20)
FNDA:8,(anonymous_21)
FNDA:0,(anonymous_22)
DA:11,4
DA:18,0
DA:19,0
DA:22,0
DA:26,14
DA:30,6
DA:31,0
DA:34,6
DA:35,6
DA:36,0
DA:39,6
DA:43,9
DA:44,9
DA:45,9
DA:46,9
DA:48,9
DA:49,9
DA:50,9
DA:51,9
DA:53,9
DA:54,4
DA:58,9
DA:59,8
DA:63,9
DA:64,2
DA:66,2
DA:67,2
DA:71,2
DA:72,2
DA:74,0
DA:78,9
DA:79,2
DA:82,2
DA:83,2
DA:84,2
DA:85,2
DA:89,2
DA:91,2
DA:92,2
DA:97,1
DA:98,1
DA:99,1
DA:103,1
DA:105,1
DA:106,0
DA:109,2
DA:110,1
DA:111,0
DA:112,0
DA:115,1
DA:116,0
DA:119,0
DA:122,1
DA:123,1
DA:125,1
DA:126,1
DA:127,1
DA:128,1
DA:129,1
DA:130,1
DA:132,0
DA:133,0
DA:137,0
DA:140,1
DA:144,9
DA:168,6
DA:187,1
DA:207,1
DA:213,2
DA:218,8
DA:220,8
DA:226,8
DA:245,0
DA:246,0
DA:247,0
LF:75
LH:58
BRDA:18,0,0,0
BRDA:18,0,1,0
BRDA:18,1,0,0
BRDA:18,1,1,0
BRDA:26,2,0,14
BRDA:26,2,1,0
BRDA:30,3,0,0
BRDA:30,3,1,6
BRDA:35,4,0,0
BRDA:35,4,1,6
BRDA:54,5,0,3
BRDA:54,5,1,3
BRDA:54,5,2,3
BRDA:59,6,0,7
BRDA:59,6,1,5
BRDA:84,7,0,2
BRDA:84,7,1,0
BRDA:105,8,0,0
BRDA:105,8,1,1
BRDA:105,9,0,1
BRDA:105,9,1,1
BRDA:105,9,2,1
BRDA:110,10,0,0
BRDA:110,10,1,1
BRDA:115,11,0,0
BRDA:115,11,1,1
BRDA:132,12,0,0
BRDA:132,12,1,0
BRDA:132,13,0,0
BRDA:132,13,1,0
BRDA:153,14,0,9
BRDA:153,14,1,0
BRDA:159,15,0,2
BRDA:159,15,1,7
BRDA:161,16,0,1
BRDA:161,16,1,6
BRDA:199,17,0,9
BRDA:199,17,1,4
BRDA:220,18,0,0
BRDA:220,18,1,8
BRDA:222,19,0,0
BRDA:222,19,1,8
BRDA:235,20,0,4
BRDA:235,20,1,3
BRDA:235,20,2,1
BRDA:255,21,0,4
BRDA:255,21,1,3
BRDA:255,21,2,2
BRDA:258,22,0,1
BRDA:258,22,1,3
BRF:50
BRH:32
end_of_record
TN:
SF:src\features\admin-hub\pages\EdgeFleetPage.tsx
FN:22,normalizeError
FN:30,toUserRef
FN:47,getAssignedUsers
FN:53,(anonymous_3)
FN:54,(anonymous_4)
FN:57,EdgeFleetPage
FN:78,(anonymous_6)
FN:78,(anonymous_7)
FN:82,(anonymous_8)
FN:82,(anonymous_9)
FN:86,(anonymous_10)
FN:102,(anonymous_11)
FN:105,bootstrap
FN:115,(anonymous_13)
FN:120,handleRefresh
FN:130,handleRegisterSubmit
FN:144,(anonymous_16)
FN:154,openAssignModal
FN:160,handleAssignSubmit
FN:172,(anonymous_19)
FN:172,(anonymous_20)
FN:183,openRevokeModal
FN:194,handleRevokeSubmit
FN:206,(anonymous_23)
FN:206,(anonymous_24)
FN:230,(anonymous_25)
FN:238,(anonymous_26)
FN:277,(anonymous_27)
FN:301,(anonymous_28)
FN:308,(anonymous_29)
FN:316,(anonymous_30)
FN:337,(anonymous_31)
FN:344,(anonymous_32)
FN:345,(anonymous_33)
FN:357,(anonymous_34)
FN:358,(anonymous_35)
FN:367,(anonymous_36)
FN:394,(anonymous_37)
FN:400,(anonymous_38)
FN:404,(anonymous_39)
FN:415,(anonymous_40)
FN:445,(anonymous_41)
FN:451,(anonymous_42)
FN:455,(anonymous_43)
FN:456,(anonymous_44)
FN:457,(anonymous_45)
FN:458,(anonymous_46)
FN:469,(anonymous_47)
FNF:48
FNH:41
FNDA:0,normalizeError
FNDA:6,toUserRef
FNDA:41,getAssignedUsers
FNDA:4,(anonymous_3)
FNDA:4,(anonymous_4)
FNDA:33,EdgeFleetPage
FNDA:5,(anonymous_6)
FNDA:7,(anonymous_7)
FNDA:2,(anonymous_8)
FNDA:1,(anonymous_9)
FNDA:1,(anonymous_10)
FNDA:1,(anonymous_11)
FNDA:1,bootstrap
FNDA:1,(anonymous_13)
FNDA:0,handleRefresh
FNDA:1,handleRegisterSubmit
FNDA:1,(anonymous_16)
FNDA:1,openAssignModal
FNDA:1,handleAssignSubmit
FNDA:1,(anonymous_19)
FNDA:2,(anonymous_20)
FNDA:1,openRevokeModal
FNDA:1,handleRevokeSubmit
FNDA:1,(anonymous_23)
FNDA:2,(anonymous_24)
FNDA:0,(anonymous_25)
FNDA:1,(anonymous_26)
FNDA:40,(anonymous_27)
FNDA:3,(anonymous_28)
FNDA:1,(anonymous_29)
FNDA:1,(anonymous_30)
FNDA:1,(anonymous_31)
FNDA:8,(anonymous_32)
FNDA:8,(anonymous_33)
FNDA:13,(anonymous_34)
FNDA:13,(anonymous_35)
FNDA:0,(anonymous_36)
FNDA:1,(anonymous_37)
FNDA:1,(anonymous_38)
FNDA:3,(anonymous_39)
FNDA:0,(anonymous_40)
FNDA:1,(anonymous_41)
FNDA:0,(anonymous_42)
FNDA:2,(anonymous_43)
FNDA:2,(anonymous_44)
FNDA:2,(anonymous_45)
FNDA:2,(anonymous_46)
FNDA:0,(anonymous_47)
DA:17,4
DA:23,0
DA:24,0
DA:27,0
DA:33,6
DA:34,0
DA:37,6
DA:38,0
DA:41,6
DA:48,41
DA:49,37
DA:52,4
DA:53,4
DA:54,4
DA:58,33
DA:59,33
DA:60,33
DA:61,33
DA:62,33
DA:64,33
DA:65,33
DA:66,33
DA:68,33
DA:69,33
DA:70,33
DA:71,33
DA:73,33
DA:74,33
DA:75,33
DA:76,33
DA:78,33
DA:79,33
DA:81,33
DA:82,2
DA:86,33
DA:87,1
DA:89,1
DA:90,1
DA:95,1
DA:96,1
DA:98,0
DA:102,33
DA:103,1
DA:106,1
DA:107,1
DA:108,1
DA:109,1
DA:113,1
DA:115,1
DA:116,1
DA:121,0
DA:122,0
DA:125,0
DA:126,0
DA:127,0
DA:131,1
DA:132,1
DA:133,0
DA:136,1
DA:137,1
DA:139,1
DA:140,1
DA:144,1
DA:145,1
DA:146,1
DA:148,0
DA:150,1
DA:155,1
DA:156,1
DA:157,1
DA:161,1
DA:163,1
DA:164,0
DA:167,1
DA:168,1
DA:170,1
DA:171,1
DA:172,2
DA:173,1
DA:174,1
DA:175,1
DA:177,0
DA:179,1
DA:184,1
DA:185,1
DA:186,0
DA:189,1
DA:190,1
DA:191,1
DA:195,1
DA:197,1
DA:198,0
DA:201,1
DA:202,1
DA:204,1
DA:205,1
DA:206,2
DA:207,1
DA:208,1
DA:209,1
DA:211,0
DA:213,1
DA:217,33
DA:230,0
DA:238,1
DA:278,40
DA:280,40
DA:284,40
DA:301,3
DA:308,1
DA:316,1
DA:337,1
DA:345,8
DA:358,13
DA:368,0
DA:369,0
DA:394,1
DA:400,1
DA:405,3
DA:416,0
DA:417,0
DA:418,0
DA:445,1
DA:451,0
DA:455,2
DA:456,2
DA:457,2
DA:459,2
DA:470,0
DA:471,0
DA:472,0
LF:131
LH:103
BRDA:23,0,0,0
BRDA:23,0,1,0
BRDA:23,1,0,0
BRDA:23,1,1,0
BRDA:33,2,0,0
BRDA:33,2,1,6
BRDA:33,3,0,6
BRDA:33,3,1,6
BRDA:37,4,0,0
BRDA:37,4,1,6
BRDA:37,5,0,6
BRDA:37,5,1,6
BRDA:37,5,2,6
BRDA:48,6,0,37
BRDA:48,6,1,4
BRDA:48,7,0,41
BRDA:48,7,1,41
BRDA:82,8,0,1
BRDA:82,8,1,1
BRDA:82,8,2,1
BRDA:108,9,0,1
BRDA:108,9,1,0
BRDA:121,10,0,0
BRDA:121,10,1,0
BRDA:121,11,0,0
BRDA:121,11,1,0
BRDA:132,12,0,0
BRDA:132,12,1,1
BRDA:163,13,0,0
BRDA:163,13,1,1
BRDA:163,14,0,1
BRDA:163,14,1,1
BRDA:163,14,2,1
BRDA:172,15,0,1
BRDA:172,15,1,1
BRDA:185,16,0,0
BRDA:185,16,1,1
BRDA:197,17,0,0
BRDA:197,17,1,1
BRDA:197,18,0,1
BRDA:197,18,1,1
BRDA:197,18,2,1
BRDA:206,19,0,1
BRDA:206,19,1,1
BRDA:231,20,0,33
BRDA:231,20,1,33
BRDA:234,21,0,0
BRDA:234,21,1,33
BRDA:246,22,0,33
BRDA:246,22,1,0
BRDA:264,23,0,1
BRDA:264,23,1,32
BRDA:270,24,0,0
BRDA:270,24,1,32
BRDA:280,25,0,40
BRDA:280,25,1,0
BRDA:280,26,0,40
BRDA:280,26,1,40
BRDA:280,26,2,40
BRDA:290,27,0,0
BRDA:290,27,1,40
BRDA:295,28,0,0
BRDA:295,28,1,40
BRDA:299,29,0,37
BRDA:299,29,1,3
BRDA:331,30,0,33
BRDA:331,30,1,23
BRDA:380,31,0,1
BRDA:380,31,1,22
BRDA:388,32,0,33
BRDA:388,32,1,3
BRDA:426,33,0,3
BRDA:426,33,1,2
BRDA:429,34,0,1
BRDA:429,34,1,2
BRDA:437,35,0,33
BRDA:437,35,1,2
BRDA:480,36,0,2
BRDA:480,36,1,1
BRDA:483,37,0,1
BRDA:483,37,1,1
BRF:81
BRH:60
end_of_record
TN:
SF:src\features\admin-hub\pages\OverviewPage.tsx
FN:16,emptyStats
FN:27,deriveUserStats
FN:30,(anonymous_2)
FN:31,(anonymous_3)
FN:32,(anonymous_4)
FN:36,OverviewPage
FN:41,(anonymous_6)
FN:44,loadOverview
FN:78,(anonymous_8)
FNF:9
FNH:0
FNDA:0,emptyStats
FNDA:0,deriveUserStats
FNDA:0,(anonymous_2)
FNDA:0,(anonymous_3)
FNDA:0,(anonymous_4)
FNDA:0,OverviewPage
FNDA:0,(anonymous_6)
FNDA:0,loadOverview
FNDA:0,(anonymous_8)
DA:17,0
DA:28,0
DA:30,0
DA:31,0
DA:32,0
DA:37,0
DA:38,0
DA:39,0
DA:41,0
DA:42,0
DA:45,0
DA:46,0
DA:48,0
DA:49,0
DA:55,0
DA:56,0
DA:59,0
DA:60,0
DA:66,0
DA:67,0
DA:70,0
DA:71,0
DA:76,0
DA:78,0
DA:79,0
DA:83,0
LF:26
LH:0
BRDA:55,0,0,0
BRDA:55,0,1,0
BRDA:66,1,0,0
BRDA:66,1,1,0
BRDA:70,2,0,0
BRDA:70,2,1,0
BRDA:92,3,0,0
BRDA:92,3,1,0
BRDA:101,4,0,0
BRDA:101,4,1,0
BRDA:106,5,0,0
BRDA:106,5,1,0
BRDA:111,6,0,0
BRDA:111,6,1,0
BRDA:116,7,0,0
BRDA:116,7,1,0
BRDA:121,8,0,0
BRDA:121,8,1,0
BRDA:126,9,0,0
BRDA:126,9,1,0
BRF:20
BRH:0
end_of_record
TN:
SF:src\features\admin-hub\pages\ReducedConstructorPage.tsx
FN:21,ReducedConstructorPage
FN:38,(anonymous_1)
FN:97,(anonymous_2)
FN:101,(anonymous_3)
FN:108,(anonymous_4)
FN:136,(anonymous_5)
FN:148,(anonymous_6)
FN:166,(anonymous_7)
FN:168,(anonymous_8)
FNF:9
FNH:9
FNDA:20,ReducedConstructorPage
FNDA:5,(anonymous_1)
FNDA:4,(anonymous_2)
FNDA:1,(anonymous_3)
FNDA:1,(anonymous_4)
FNDA:1,(anonymous_5)
FNDA:1,(anonymous_6)
FNDA:2,(anonymous_7)
FNDA:1,(anonymous_8)
DA:22,20
DA:23,20
DA:24,20
DA:25,20
DA:26,20
DA:27,20
DA:28,20
DA:30,20
DA:35,20
DA:36,20
DA:38,20
DA:39,5
DA:40,0
DA:41,0
DA:42,0
DA:45,5
DA:46,5
DA:47,5
DA:48,5
DA:49,5
DA:51,5
DA:52,5
DA:53,5
DA:55,5
DA:56,5
DA:58,1
DA:59,0
DA:62,1
DA:66,1
DA:67,1
DA:68,1
DA:69,1
DA:72,4
DA:76,4
DA:77,4
DA:79,0
DA:80,0
DA:81,0
DA:82,0
DA:84,0
DA:85,0
DA:86,0
DA:89,0
DA:97,20
DA:98,4
DA:101,20
DA:102,1
DA:103,0
DA:106,1
DA:107,1
DA:108,1
DA:109,1
DA:113,20
DA:137,1
DA:138,1
DA:139,1
DA:149,1
DA:166,2
DA:169,1
DA:170,1
DA:171,1
LF:61
LH:48
BRDA:39,0,0,0
BRDA:39,0,1,5
BRDA:58,1,0,0
BRDA:58,1,1,1
BRDA:84,2,0,0
BRDA:84,2,1,0
BRDA:90,3,0,0
BRDA:90,3,1,0
BRDA:102,4,0,0
BRDA:102,4,1,1
BRDA:120,5,0,20
BRDA:120,5,1,7
BRDA:126,6,0,20
BRDA:126,6,1,3
BRDA:131,7,0,3
BRDA:131,7,1,3
BRDA:132,8,0,3
BRDA:132,8,1,2
BRDA:132,8,2,2
BRDA:157,9,0,20
BRDA:157,9,1,10
BRDA:157,9,2,10
BRF:22
BRH:15
end_of_record
TN:
SF:src\features\admin-hub\pages\UserManagementPage.tsx
FN:12,normalizeError
FN:20,UserManagementPage
FN:30,(anonymous_2)
FN:48,(anonymous_3)
FN:52,handleSubmitSearch
FN:58,handleTierChange
FN:64,(anonymous_6)
FN:68,(anonymous_7)
FN:69,(anonymous_8)
FN:81,(anonymous_9)
FN:85,handleBanToggle
FN:93,(anonymous_11)
FN:97,(anonymous_12)
FN:98,(anonymous_13)
FN:110,(anonymous_14)
FN:118,(anonymous_15)
FN:141,(anonymous_16)
FN:157,(anonymous_17)
FN:163,(anonymous_18)
FN:205,(anonymous_19)
FN:224,(anonymous_20)
FN:237,(anonymous_21)
FN:259,(anonymous_22)
FN:259,(anonymous_23)
FN:267,(anonymous_24)
FN:267,(anonymous_25)
FNF:26
FNH:6
FNDA:0,normalizeError
FNDA:2,UserManagementPage
FNDA:1,(anonymous_2)
FNDA:1,(anonymous_3)
FNDA:0,handleSubmitSearch
FNDA:0,handleTierChange
FNDA:0,(anonymous_6)
FNDA:0,(anonymous_7)
FNDA:0,(anonymous_8)
FNDA:0,(anonymous_9)
FNDA:0,handleBanToggle
FNDA:0,(anonymous_11)
FNDA:0,(anonymous_12)
FNDA:0,(anonymous_13)
FNDA:0,(anonymous_14)
FNDA:2,(anonymous_15)
FNDA:0,(anonymous_16)
FNDA:0,(anonymous_17)
FNDA:6,(anonymous_18)
FNDA:1,(anonymous_19)
FNDA:0,(anonymous_20)
FNDA:0,(anonymous_21)
FNDA:0,(anonymous_22)
FNDA:0,(anonymous_23)
FNDA:0,(anonymous_24)
FNDA:0,(anonymous_25)
DA:10,4
DA:13,0
DA:14,0
DA:17,0
DA:21,2
DA:22,2
DA:23,2
DA:24,2
DA:25,2
DA:26,2
DA:27,2
DA:28,2
DA:30,2
DA:31,1
DA:32,1
DA:34,1
DA:35,1
DA:40,1
DA:42,0
DA:44,1
DA:48,2
DA:49,1
DA:53,0
DA:54,0
DA:55,0
DA:59,0
DA:60,0
DA:63,0
DA:64,0
DA:66,0
DA:67,0
DA:68,0
DA:69,0
DA:70,0
DA:79,0
DA:81,0
DA:86,0
DA:87,0
DA:90,0
DA:92,0
DA:93,0
DA:95,0
DA:96,0
DA:97,0
DA:98,0
DA:99,0
DA:108,0
DA:110,0
DA:114,2
DA:115,2
DA:116,2
DA:118,2
DA:119,2
DA:120,0
DA:123,2
DA:126,2
DA:141,0
DA:158,0
DA:159,0
DA:164,6
DA:206,1
DA:208,1
DA:225,0
DA:237,0
DA:259,0
DA:267,0
LF:66
LH:28
BRDA:13,0,0,0
BRDA:13,0,1,0
BRDA:13,1,0,0
BRDA:13,1,1,0
BRDA:36,2,0,1
BRDA:36,2,1,1
BRDA:59,3,0,0
BRDA:59,3,1,0
BRDA:59,4,0,0
BRDA:59,4,1,0
BRDA:70,5,0,0
BRDA:70,5,1,0
BRDA:86,6,0,0
BRDA:86,6,1,0
BRDA:99,7,0,0
BRDA:99,7,1,0
BRDA:115,8,0,2
BRDA:115,8,1,0
BRDA:116,9,0,2
BRDA:116,9,1,0
BRDA:119,10,0,0
BRDA:119,10,1,2
BRDA:119,11,0,2
BRDA:119,11,1,1
BRDA:172,12,0,2
BRDA:172,12,1,0
BRDA:192,13,0,1
BRDA:192,13,1,1
BRDA:198,14,0,0
BRDA:198,14,1,1
BRDA:214,15,0,0
BRDA:214,15,1,1
BRDA:214,16,0,0
BRDA:214,16,1,1
BRDA:240,17,0,0
BRDA:240,17,1,1
BRF:36
BRH:14
end_of_record
TN:
SF:src\features\auth\hooks\useLogin.ts
FN:36,isBannedAccountError
FN:43,useLogin
FN:50,login
FNF:3
FNH:3
FNDA:1,isBannedAccountError
FNDA:2,useLogin
FNDA:1,login
DA:34,2
DA:37,1
DA:38,1
DA:44,2
DA:45,2
DA:47,2
DA:48,2
DA:51,1
DA:52,1
DA:54,1
DA:55,1
DA:61,0
DA:69,0
DA:72,0
DA:74,1
DA:75,1
DA:76,1
DA:81,0
DA:82,0
DA:84,0
DA:87,0
DA:90,1
DA:94,2
LF:23
LH:16
BRDA:38,0,0,1
BRDA:38,0,1,0
BRDA:72,1,0,0
BRDA:72,1,1,0
BRDA:74,2,0,1
BRDA:74,2,1,0
BRDA:75,3,0,1
BRDA:75,3,1,0
BRDA:75,4,0,1
BRDA:75,4,1,0
BRDA:77,5,0,1
BRDA:77,5,1,0
BRDA:81,6,0,0
BRDA:81,6,1,0
BRF:14
BRH:5
end_of_record
TN:
SF:src\features\auth\hooks\useRegister.ts
FN:39,useRegister
FN:46,register
FNF:2
FNH:0
FNDA:0,useRegister
FNDA:0,register
DA:40,0
DA:41,0
DA:43,0
DA:44,0
DA:47,0
DA:48,0
DA:50,0
DA:51,0
DA:57,0
DA:65,0
DA:68,0
DA:70,0
DA:71,0
DA:72,0
DA:73,0
DA:74,0
DA:75,0
DA:76,0
DA:78,0
DA:81,0
DA:84,0
DA:88,0
LF:22
LH:0
BRDA:70,0,0,0
BRDA:70,0,1,0
BRDA:71,1,0,0
BRDA:71,1,1,0
BRDA:73,2,0,0
BRDA:73,2,1,0
BRDA:74,3,0,0
BRDA:74,3,1,0
BRDA:75,4,0,0
BRDA:75,4,1,0
BRF:10
BRH:0
end_of_record
TN:
SF:src\features\auth\pages\LoginPage.tsx
FN:18,LoginPage
FN:35,LoginForm
FN:41,handleSubmit
FN:70,(anonymous_3)
FN:87,(anonymous_4)
FN:115,(anonymous_5)
FN:129,(anonymous_6)
FN:129,(anonymous_7)
FNF:8
FNH:0
FNDA:0,LoginPage
FNDA:0,LoginForm
FNDA:0,handleSubmit
FNDA:0,(anonymous_3)
FNDA:0,(anonymous_4)
FNDA:0,(anonymous_5)
FNDA:0,(anonymous_6)
FNDA:0,(anonymous_7)
DA:19,0
DA:20,0
DA:21,0
DA:24,0
DA:25,0
DA:26,0
DA:27,0
DA:30,0
DA:36,0
DA:37,0
DA:38,0
DA:39,0
DA:42,0
DA:43,0
DA:46,0
DA:70,0
DA:87,0
DA:115,0
DA:129,0
LF:19
LH:0
BRDA:24,0,0,0
BRDA:24,0,1,0
BRDA:24,1,0,0
BRDA:24,1,1,0
BRDA:26,2,0,0
BRDA:26,2,1,0
BRDA:26,3,0,0
BRDA:26,3,1,0
BRDA:27,4,0,0
BRDA:27,4,1,0
BRDA:93,5,0,0
BRDA:93,5,1,0
BRDA:111,6,0,0
BRDA:111,6,1,0
BRDA:121,7,0,0
BRDA:121,7,1,0
BRDA:128,8,0,0
BRDA:128,8,1,0
BRDA:132,9,0,0
BRDA:132,9,1,0
BRDA:138,10,0,0
BRDA:138,10,1,0
BRDA:152,11,0,0
BRDA:152,11,1,0
BRDA:152,11,2,0
BRDA:157,12,0,0
BRDA:157,12,1,0
BRDA:160,13,0,0
BRDA:160,13,1,0
BRF:29
BRH:0
end_of_record
TN:
SF:src\features\auth\pages\RegisterPage.tsx
FN:18,RegisterPage
FN:35,RegisterForm
FN:43,handleSubmit
FN:61,(anonymous_3)
FN:91,(anonymous_4)
FN:108,(anonymous_5)
FN:136,(anonymous_6)
FN:150,(anonymous_7)
FN:150,(anonymous_8)
FN:172,(anonymous_9)
FNF:10
FNH:0
FNDA:0,RegisterPage
FNDA:0,RegisterForm
FNDA:0,handleSubmit
FNDA:0,(anonymous_3)
FNDA:0,(anonymous_4)
FNDA:0,(anonymous_5)
FNDA:0,(anonymous_6)
FNDA:0,(anonymous_7)
FNDA:0,(anonymous_8)
FNDA:0,(anonymous_9)
DA:19,0
DA:20,0
DA:21,0
DA:24,0
DA:25,0
DA:26,0
DA:27,0
DA:30,0
DA:36,0
DA:37,0
DA:38,0
DA:39,0
DA:40,0
DA:41,0
DA:44,0
DA:45,0
DA:47,0
DA:48,0
DA:49,0
DA:52,0
DA:53,0
DA:54,0
DA:57,0
DA:61,0
DA:62,0
DA:65,0
DA:67,0
DA:91,0
DA:108,0
DA:136,0
DA:150,0
DA:172,0
LF:32
LH:0
BRDA:24,0,0,0
BRDA:24,0,1,0
BRDA:24,1,0,0
BRDA:24,1,1,0
BRDA:26,2,0,0
BRDA:26,2,1,0
BRDA:26,3,0,0
BRDA:26,3,1,0
BRDA:27,4,0,0
BRDA:27,4,1,0
BRDA:47,5,0,0
BRDA:47,5,1,0
BRDA:52,6,0,0
BRDA:52,6,1,0
BRDA:65,7,0,0
BRDA:65,7,1,0
BRDA:114,8,0,0
BRDA:114,8,1,0
BRDA:132,9,0,0
BRDA:132,9,1,0
BRDA:142,10,0,0
BRDA:142,10,1,0
BRDA:149,11,0,0
BRDA:149,11,1,0
BRDA:153,12,0,0
BRDA:153,12,1,0
BRDA:168,13,0,0
BRDA:168,13,1,0
BRDA:179,14,0,0
BRDA:179,14,1,0
BRDA:187,15,0,0
BRDA:187,15,1,0
BRDA:201,16,0,0
BRDA:201,16,1,0
BRDA:201,16,2,0
BRDA:201,16,3,0
BRDA:206,17,0,0
BRDA:206,17,1,0
BRDA:209,18,0,0
BRDA:209,18,1,0
BRF:40
BRH:0
end_of_record
TN:
SF:src\features\constructor-host\ConstructorHost.tsx
FN:41,toError
FN:49,createNoopCallbacks
FN:51,(anonymous_2)
FN:52,(anonymous_3)
FN:53,(anonymous_4)
FN:54,(anonymous_5)
FN:55,(anonymous_6)
FN:56,(anonymous_7)
FN:60,normalizeDirtyState
FN:71,hasUnsavedChanges
FN:75,confirmBrowserNavigation
FN:83,cleanupHostedRuntimeRoots
FN:89,(anonymous_12)
FN:96,ConstructorHost
FN:133,(anonymous_14)
FN:159,(anonymous_15)
FN:170,(anonymous_16)
FN:174,(anonymous_17)
FN:187,(anonymous_18)
FN:191,mountRuntime
FN:222,(anonymous_20)
FN:228,(anonymous_21)
FN:230,(anonymous_22)
FN:232,(anonymous_23)
FN:234,(anonymous_24)
FN:266,(anonymous_25)
FN:295,(anonymous_26)
FN:328,(anonymous_27)
FN:329,(anonymous_28)
FNF:29
FNH:18
FNDA:1,toError
FNDA:92,createNoopCallbacks
FNDA:0,(anonymous_2)
FNDA:0,(anonymous_3)
FNDA:0,(anonymous_4)
FNDA:0,(anonymous_5)
FNDA:0,(anonymous_6)
FNDA:0,(anonymous_7)
FNDA:3,normalizeDirtyState
FNDA:3,hasUnsavedChanges
FNDA:2,confirmBrowserNavigation
FNDA:38,cleanupHostedRuntimeRoots
FNDA:0,(anonymous_12)
FNDA:52,ConstructorHost
FNDA:40,(anonymous_14)
FNDA:19,(anonymous_15)
FNDA:17,(anonymous_16)
FNDA:1,(anonymous_17)
FNDA:19,(anonymous_18)
FNDA:19,mountRuntime
FNDA:3,(anonymous_20)
FNDA:3,(anonymous_21)
FNDA:0,(anonymous_22)
FNDA:3,(anonymous_23)
FNDA:4,(anonymous_24)
FNDA:0,(anonymous_25)
FNDA:19,(anonymous_26)
FNDA:0,(anonymous_27)
FNDA:0,(anonymous_28)
DA:16,5
DA:17,5
DA:18,5
DA:19,5
DA:20,5
DA:22,5
DA:42,1
DA:43,1
DA:46,0
DA:50,92
DA:51,0
DA:52,0
DA:53,0
DA:54,0
DA:55,0
DA:56,0
DA:61,3
DA:62,0
DA:65,3
DA:72,3
DA:76,2
DA:77,0
DA:80,2
DA:84,38
DA:85,0
DA:88,38
DA:89,38
DA:90,0
DA:91,0
DA:112,52
DA:113,52
DA:114,52
DA:115,52
DA:116,52
DA:117,52
DA:118,52
DA:119,52
DA:120,52
DA:122,52
DA:133,52
DA:134,40
DA:154,52
DA:155,52
DA:156,52
DA:158,52
DA:159,19
DA:170,52
DA:171,17
DA:174,52
DA:175,1
DA:176,1
DA:177,1
DA:178,1
DA:179,0
DA:182,1
DA:183,1
DA:184,1
DA:187,52
DA:188,19
DA:189,19
DA:192,19
DA:193,19
DA:194,0
DA:197,19
DA:198,19
DA:200,19
DA:201,19
DA:202,19
DA:203,19
DA:204,19
DA:205,19
DA:207,19
DA:208,19
DA:209,19
DA:210,0
DA:213,19
DA:223,3
DA:224,3
DA:225,3
DA:226,3
DA:229,3
DA:231,0
DA:233,3
DA:235,4
DA:237,4
DA:241,0
DA:242,0
DA:243,0
DA:245,4
DA:246,1
DA:250,4
DA:254,4
DA:258,1
DA:259,1
DA:260,1
DA:263,3
DA:264,3
DA:267,0
DA:268,0
DA:271,0
DA:276,18
DA:277,0
DA:278,0
DA:281,18
DA:282,18
DA:283,19
DA:285,1
DA:286,0
DA:289,1
DA:293,19
DA:295,19
DA:296,19
DA:298,19
DA:299,19
DA:300,19
DA:301,19
DA:302,19
DA:303,18
DA:305,19
DA:309,52
DA:329,0
LF:121
LH:95
BRDA:42,0,0,1
BRDA:42,0,1,0
BRDA:61,1,0,0
BRDA:61,1,1,3
BRDA:61,2,0,3
BRDA:61,2,1,3
BRDA:67,3,0,3
BRDA:67,3,1,0
BRDA:72,4,0,3
BRDA:72,4,1,3
BRDA:76,5,0,0
BRDA:76,5,1,2
BRDA:84,6,0,0
BRDA:84,6,1,38
BRDA:90,7,0,0
BRDA:90,7,1,0
BRDA:102,8,0,52
BRDA:154,9,0,52
BRDA:154,9,1,52
BRDA:155,10,0,52
BRDA:155,10,1,12
BRDA:156,11,0,52
BRDA:156,11,1,33
BRDA:178,12,0,0
BRDA:178,12,1,1
BRDA:193,13,0,0
BRDA:193,13,1,19
BRDA:209,14,0,0
BRDA:209,14,1,19
BRDA:235,15,0,4
BRDA:235,15,1,0
BRDA:237,16,0,0
BRDA:237,16,1,4
BRDA:238,17,0,4
BRDA:238,17,1,1
BRDA:245,18,0,1
BRDA:245,18,1,3
BRDA:250,19,0,4
BRDA:250,19,1,3
BRDA:250,19,2,3
BRDA:254,20,0,1
BRDA:254,20,1,3
BRDA:255,21,0,4
BRDA:255,21,1,2
BRDA:267,22,0,0
BRDA:267,22,1,0
BRDA:276,23,0,0
BRDA:276,23,1,18
BRDA:285,24,0,0
BRDA:285,24,1,1
BRDA:302,25,0,18
BRDA:302,25,1,1
BRDA:310,26,0,52
BRDA:310,26,1,21
BRDA:313,27,0,52
BRDA:313,27,1,18
BRDA:319,28,0,52
BRDA:319,28,1,0
BRDA:324,29,0,0
BRDA:324,29,1,0
BRF:60
BRH:41
end_of_record
TN:
SF:src\features\constructor-host\index.ts
FNF:0
FNH:0
LF:0
LH:0
BRF:0
BRH:0
end_of_record
TN:
SF:src\features\constructor-host\loadHostedConstructor.ts
FN:14,assertBrowserEnvironment
FN:20,resolveHostedConstructorEntryUrl
FN:35,defaultHostedConstructorImporter
FN:39,isHostedConstructorModule
FN:47,loadHostedConstructorModule
FN:63,loadHostedConstructor
FN:88,resetHostedConstructorLoaderForTests
FNF:7
FNH:6
FNDA:2,assertBrowserEnvironment
FNDA:2,resolveHostedConstructorEntryUrl
FNDA:0,defaultHostedConstructorImporter
FNDA:2,isHostedConstructorModule
FNDA:2,loadHostedConstructorModule
FNDA:3,loadHostedConstructor
FNDA:5,resetHostedConstructorLoaderForTests
DA:11,6
DA:12,6
DA:15,2
DA:16,0
DA:21,2
DA:23,2
DA:24,2
DA:25,0
DA:28,2
DA:29,0
DA:32,2
DA:36,0
DA:40,2
DA:51,2
DA:52,2
DA:54,2
DA:55,1
DA:60,1
DA:66,3
DA:68,3
DA:69,0
DA:70,0
DA:73,3
DA:74,2
DA:80,3
DA:81,3
DA:83,1
DA:84,1
DA:89,5
DA:90,5
LF:30
LH:24
BRDA:15,0,0,0
BRDA:15,0,1,2
BRDA:24,1,0,0
BRDA:24,1,1,2
BRDA:28,2,0,0
BRDA:28,2,1,2
BRDA:41,3,0,2
BRDA:41,3,1,2
BRDA:41,3,2,2
BRDA:54,4,0,1
BRDA:54,4,1,1
BRDA:64,5,0,3
BRDA:66,6,0,3
BRDA:66,7,0,3
BRDA:68,8,0,0
BRDA:68,8,1,3
BRDA:73,9,0,2
BRDA:73,9,1,1
BRDA:76,10,0,0
BRDA:76,10,1,2
BRF:20
BRH:15
end_of_record
TN:
SF:src\features\constructor-host\runtimePaths.ts
FN:10,buildHostedConstructorPublicAssetPath
FN:22,getHostedConstructorRoutePattern
FN:28,getHostedConstructorRoutePath
FNF:3
FNH:1
FNDA:12,buildHostedConstructorPublicAssetPath
FNDA:0,getHostedConstructorRoutePattern
FNDA:0,getHostedConstructorRoutePath
DA:3,6
DA:4,6
DA:6,6
DA:7,6
DA:8,6
DA:11,12
DA:12,12
DA:15,6
DA:18,6
DA:23,0
DA:29,0
DA:30,0
LF:12
LH:9
BRDA:23,0,0,0
BRDA:23,0,1,0
BRDA:30,1,0,0
BRDA:30,1,1,0
BRF:4
BRH:0
end_of_record
TN:
SF:src\features\constructor-host\types.ts
FNF:0
FNH:0
LF:0
LH:0
BRF:0
BRH:0
end_of_record
TN:
SF:src\features\constructor-host\useHostedLayoutSaveFlow.ts
FN:13,toErrorMessage
FN:50,useHostedLayoutSaveFlow
FN:67,(anonymous_2)
FN:77,(anonymous_3)
FN:86,(anonymous_4)
FN:90,(anonymous_5)
FN:100,(anonymous_6)
FN:130,(anonymous_7)
FN:138,(anonymous_8)
FN:160,(anonymous_9)
FN:165,(anonymous_10)
FN:170,(anonymous_11)
FN:197,(anonymous_12)
FN:202,(anonymous_13)
FN:216,(anonymous_14)
FNF:15
FNH:15
FNDA:3,toErrorMessage
FNDA:75,useHostedLayoutSaveFlow
FNDA:27,(anonymous_2)
FNDA:26,(anonymous_3)
FNDA:15,(anonymous_4)
FNDA:5,(anonymous_5)
FNDA:2,(anonymous_6)
FNDA:2,(anonymous_7)
FNDA:2,(anonymous_8)
FNDA:4,(anonymous_9)
FNDA:3,(anonymous_10)
FNDA:4,(anonymous_11)
FNDA:1,(anonymous_12)
FNDA:1,(anonymous_13)
FNDA:2,(anonymous_14)
DA:14,3
DA:15,1
DA:18,2
DA:55,75
DA:56,75
DA:58,75
DA:59,75
DA:60,75
DA:61,75
DA:63,75
DA:64,75
DA:65,75
DA:67,75
DA:68,27
DA:69,27
DA:70,27
DA:71,27
DA:72,27
DA:73,27
DA:74,27
DA:77,75
DA:78,26
DA:79,26
DA:80,11
DA:83,15
DA:86,75
DA:87,15
DA:90,75
DA:91,5
DA:92,5
DA:93,1
DA:96,4
DA:97,4
DA:100,75
DA:101,2
DA:102,0
DA:105,2
DA:106,2
DA:107,0
DA:110,2
DA:111,2
DA:113,2
DA:114,2
DA:115,1
DA:117,1
DA:118,1
DA:122,1
DA:124,1
DA:126,2
DA:130,75
DA:131,2
DA:132,0
DA:135,2
DA:136,2
DA:138,2
DA:139,2
DA:140,2
DA:141,2
DA:146,1
DA:148,1
DA:149,1
DA:150,1
DA:153,0
DA:155,2
DA:160,75
DA:161,4
DA:162,4
DA:165,75
DA:166,3
DA:169,75
DA:171,4
DA:172,1
DA:175,3
DA:176,3
DA:178,3
DA:179,3
DA:180,2
DA:185,1
DA:186,1
DA:187,1
DA:189,2
DA:191,3
DA:197,75
DA:198,1
DA:199,1
DA:202,75
DA:203,1
DA:206,75
DA:217,2
DA:218,1
DA:221,1
DA:222,1
LF:92
LH:88
BRDA:14,0,0,1
BRDA:14,0,1,2
BRDA:14,1,0,3
BRDA:14,1,1,1
BRDA:78,2,0,26
BRDA:78,2,1,11
BRDA:79,3,0,11
BRDA:79,3,1,15
BRDA:92,4,0,1
BRDA:92,4,1,4
BRDA:101,5,0,0
BRDA:101,5,1,2
BRDA:106,6,0,0
BRDA:106,6,1,2
BRDA:131,7,0,0
BRDA:131,7,1,2
BRDA:131,8,0,2
BRDA:131,8,1,2
BRDA:148,9,0,1
BRDA:148,9,1,0
BRDA:148,10,0,1
BRDA:148,10,1,1
BRDA:171,11,0,1
BRDA:171,11,1,3
BRDA:217,12,0,1
BRDA:217,12,1,1
BRF:26
BRH:22
end_of_record
TN:
SF:src\features\constructor-host\useUnsavedChangesGuard.ts
FN:21,hasUnsavedChangesFromDirtyState
FN:29,defaultConfirmNavigation
FN:37,useUnsavedChangesGuard
FN:48,(anonymous_3)
FN:62,(anonymous_4)
FNF:5
FNH:4
FNDA:55,hasUnsavedChangesFromDirtyState
FNDA:4,defaultConfirmNavigation
FNDA:60,useUnsavedChangesGuard
FNDA:0,(anonymous_3)
FNDA:18,(anonymous_4)
DA:4,6
DA:5,6
DA:22,55
DA:23,0
DA:26,55
DA:30,4
DA:31,0
DA:34,4
DA:43,60
DA:44,60
DA:46,60
DA:49,0
DA:50,0
DA:53,0
DA:54,0
DA:60,60
DA:62,60
DA:63,18
DA:64,14
DA:65,14
DA:69,4
DA:72,18
DA:73,0
DA:75,4
DA:77,4
DA:78,2
DA:79,2
DA:82,2
DA:85,60
LF:29
LH:22
BRDA:22,0,0,0
BRDA:22,0,1,55
BRDA:26,1,0,55
BRDA:26,1,1,50
BRDA:30,2,0,0
BRDA:30,2,1,4
BRDA:39,3,0,60
BRDA:40,4,0,60
BRDA:41,5,0,60
BRDA:43,6,0,60
BRDA:43,6,1,60
BRDA:49,7,0,0
BRDA:49,7,1,0
BRDA:63,8,0,14
BRDA:63,8,1,4
BRDA:69,9,0,4
BRDA:69,9,1,0
BRDA:72,10,0,0
BRDA:72,10,1,18
BRDA:77,11,0,2
BRDA:77,11,1,2
BRF:21
BRH:15
end_of_record
TN:
SF:src\features\constructor-host\adapters\bindingsAdapter.ts
FN:21,(anonymous_0)
FN:28,isBindingsPayloadError
FN:36,throwBindingsPayloadError
FN:40,isPlainObject
FN:49,asNonEmptyString
FN:62,cloneSerializable
FN:66,normalizeWidgetBinding
FN:78,normalizeBindingSet
FN:90,(anonymous_8)
FN:114,normalizeWidgetBindings
FN:119,(anonymous_10)
FN:126,importWidgetBindingsPayload
FN:130,exportWidgetBindingsPayload
FN:134,importBindingSetsPayload
FN:139,(anonymous_14)
FN:143,importBindingSetsPayloadWithRecovery
FN:157,(anonymous_16)
FN:193,findBindingSetForEdgeServer
FN:201,(anonymous_18)
FNF:19
FNH:19
FNDA:12,(anonymous_0)
FNDA:8,isBindingsPayloadError
FNDA:7,throwBindingsPayloadError
FNDA:29,isPlainObject
FNDA:66,asNonEmptyString
FNDA:17,cloneSerializable
FNDA:17,normalizeWidgetBinding
FNDA:12,normalizeBindingSet
FNDA:12,(anonymous_8)
FNDA:6,normalizeWidgetBindings
FNDA:5,(anonymous_10)
FNDA:3,importWidgetBindingsPayload
FNDA:3,exportWidgetBindingsPayload
FNDA:5,importBindingSetsPayload
FNDA:6,(anonymous_14)
FNDA:10,importBindingSetsPayloadWithRecovery
FNDA:6,(anonymous_16)
FNDA:17,findBindingSetForEdgeServer
FNDA:8,(anonymous_18)
DA:18,12
DA:22,12
DA:23,12
DA:24,12
DA:29,8
DA:37,7
DA:41,29
DA:42,0
DA:45,29
DA:46,29
DA:50,66
DA:51,1
DA:54,65
DA:55,65
DA:56,5
DA:59,60
DA:63,17
DA:67,17
DA:68,0
DA:71,17
DA:79,12
DA:80,12
DA:81,0
DA:84,12
DA:85,0
DA:88,12
DA:91,12
DA:95,12
DA:96,6
DA:99,8
DA:100,6
DA:103,8
DA:104,1
DA:107,8
DA:108,1
DA:111,8
DA:115,6
DA:116,1
DA:119,5
DA:120,5
DA:123,5
DA:127,3
DA:131,3
DA:135,5
DA:136,0
DA:139,6
DA:140,5
DA:146,10
DA:147,1
DA:153,9
DA:154,9
DA:155,9
DA:157,9
DA:158,6
DA:159,6
DA:161,4
DA:162,0
DA:165,4
DA:166,4
DA:167,3
DA:172,9
DA:173,6
DA:179,3
DA:180,3
DA:181,3
DA:182,10
DA:184,10
DA:197,17
DA:198,2
DA:201,15
LF:70
LH:64
BRDA:21,0,0,12
BRDA:29,1,0,8
BRDA:29,1,1,3
BRDA:29,1,2,3
BRDA:29,1,3,2
BRDA:36,2,0,7
BRDA:41,3,0,0
BRDA:41,3,1,29
BRDA:41,4,0,29
BRDA:41,4,1,29
BRDA:41,4,2,29
BRDA:46,5,0,29
BRDA:46,5,1,0
BRDA:50,6,0,1
BRDA:50,6,1,65
BRDA:55,7,0,5
BRDA:55,7,1,60
BRDA:67,8,0,0
BRDA:67,8,1,17
BRDA:80,9,0,0
BRDA:80,9,1,12
BRDA:84,10,0,0
BRDA:84,10,1,12
BRDA:95,11,0,6
BRDA:95,11,1,6
BRDA:99,12,0,6
BRDA:99,12,1,2
BRDA:103,13,0,1
BRDA:103,13,1,7
BRDA:107,14,0,1
BRDA:107,14,1,7
BRDA:115,15,0,1
BRDA:115,15,1,5
BRDA:135,16,0,0
BRDA:135,16,1,5
BRDA:146,17,0,1
BRDA:146,17,1,9
BRDA:161,18,0,0
BRDA:161,18,1,4
BRDA:166,19,0,3
BRDA:166,19,1,1
BRDA:172,20,0,6
BRDA:172,20,1,3
BRDA:181,21,0,2
BRDA:181,21,1,1
BRDA:197,22,0,2
BRDA:197,22,1,15
BRDA:201,23,0,15
BRDA:201,23,1,9
BRF:49
BRH:42
end_of_record
TN:
SF:src\features\constructor-host\adapters\catalogAdapter.ts
FN:21,normalizeString
FN:25,buildDeviceLabel
FN:30,buildMetricOption
FN:37,mapTrustedEdgeServersToMachineOptions
FN:41,(anonymous_4)
FN:46,(anonymous_5)
FN:49,mapCatalogRowsToDeviceMetricCatalog
FN:72,(anonymous_7)
FN:90,(anonymous_8)
FN:95,(anonymous_9)
FN:97,(anonymous_10)
FN:100,loadHostedMachineOptions
FN:105,loadHostedDeviceMetricCatalog
FNF:13
FNH:12
FNDA:40,normalizeString
FNDA:5,buildDeviceLabel
FNDA:6,buildMetricOption
FNDA:8,mapTrustedEdgeServersToMachineOptions
FNDA:9,(anonymous_4)
FNDA:1,(anonymous_5)
FNDA:8,mapCatalogRowsToDeviceMetricCatalog
FNDA:5,(anonymous_7)
FNDA:5,(anonymous_8)
FNDA:1,(anonymous_9)
FNDA:0,(anonymous_10)
FNDA:1,loadHostedMachineOptions
FNDA:1,loadHostedDeviceMetricCatalog
DA:22,40
DA:26,5
DA:27,5
DA:31,6
DA:40,8
DA:41,9
DA:46,1
DA:53,8
DA:54,8
DA:55,0
DA:58,8
DA:60,8
DA:61,7
DA:62,7
DA:64,7
DA:65,0
DA:68,7
DA:69,7
DA:71,7
DA:73,5
DA:80,5
DA:81,5
DA:84,7
DA:85,6
DA:89,8
DA:90,5
DA:95,1
DA:97,0
DA:101,1
DA:102,1
DA:108,1
DA:109,1
DA:110,0
DA:113,1
DA:114,1
LF:35
LH:31
BRDA:22,0,0,40
BRDA:22,0,1,0
BRDA:27,1,0,5
BRDA:27,1,1,0
BRDA:54,2,0,0
BRDA:54,2,1,8
BRDA:64,3,0,0
BRDA:64,3,1,7
BRDA:64,4,0,7
BRDA:64,4,1,7
BRDA:68,5,0,7
BRDA:68,5,1,0
BRDA:71,6,0,7
BRDA:71,6,1,5
BRDA:77,7,0,5
BRDA:77,7,1,0
BRDA:84,8,0,6
BRDA:84,8,1,1
BRDA:109,9,0,0
BRDA:109,9,1,1
BRF:20
BRH:13
end_of_record
TN:
SF:src\features\constructor-host\adapters\layoutAdapter.ts
FN:17,(anonymous_0)
FN:24,isLayoutPayloadError
FN:32,isPlainObject
FN:41,throwLayoutPayloadError
FN:45,assertJsonSerializable
FN:67,(anonymous_5)
FN:85,validateArraySections
FN:97,cloneLayout
FN:101,normalizeLayoutPayload
FN:112,importLayoutPayload
FN:116,exportLayoutPayload
FNF:11
FNH:11
FNDA:5,(anonymous_0)
FNDA:3,isLayoutPayloadError
FNDA:107,isPlainObject
FNDA:5,throwLayoutPayloadError
FNDA:290,assertJsonSerializable
FNDA:29,(anonymous_5)
FNDA:27,validateArraySections
FNDA:25,cloneLayout
FNDA:30,normalizeLayoutPayload
FNDA:19,importLayoutPayload
FNDA:11,exportLayoutPayload
DA:3,6
DA:14,5
DA:18,5
DA:19,5
DA:20,5
DA:25,3
DA:33,107
DA:34,3
DA:37,104
DA:38,104
DA:42,5
DA:46,290
DA:47,0
DA:50,290
DA:51,290
DA:52,93
DA:55,197
DA:56,80
DA:57,0
DA:59,80
DA:62,117
DA:63,0
DA:66,117
DA:67,40
DA:68,29
DA:70,40
DA:73,77
DA:74,0
DA:80,77
DA:81,236
DA:86,27
DA:87,105
DA:88,105
DA:89,2
DA:98,25
DA:102,30
DA:103,3
DA:106,27
DA:107,27
DA:109,27
DA:113,19
DA:117,11
LF:42
LH:38
BRDA:17,0,0,5
BRDA:25,1,0,3
BRDA:25,1,1,1
BRDA:25,1,2,1
BRDA:25,1,3,1
BRDA:33,2,0,3
BRDA:33,2,1,104
BRDA:33,3,0,107
BRDA:33,3,1,104
BRDA:33,3,2,104
BRDA:38,4,0,104
BRDA:38,4,1,0
BRDA:41,5,0,5
BRDA:46,6,0,0
BRDA:46,6,1,290
BRDA:51,7,0,93
BRDA:51,7,1,197
BRDA:51,8,0,290
BRDA:51,8,1,202
BRDA:55,9,0,80
BRDA:55,9,1,117
BRDA:56,10,0,0
BRDA:56,10,1,80
BRDA:62,11,0,0
BRDA:62,11,1,117
BRDA:62,12,0,117
BRDA:62,12,1,117
BRDA:62,12,2,117
BRDA:62,12,3,117
BRDA:66,13,0,40
BRDA:66,13,1,77
BRDA:73,14,0,0
BRDA:73,14,1,77
BRDA:88,15,0,2
BRDA:88,15,1,103
BRDA:88,16,0,105
BRDA:88,16,1,42
BRDA:102,17,0,3
BRDA:102,17,1,27
BRF:39
BRH:34
end_of_record
TN:
SF:src\features\dashboard\components\DashboardRuntimeSurface.tsx
FN:20,formatRuntimeValue
FN:28,selectRuntimeWidgetClassName
FN:39,DashboardRuntimeSurface
FN:59,(anonymous_3)
FN:92,(anonymous_4)
FN:127,(anonymous_5)
FNF:6
FNH:6
FNDA:36,formatRuntimeValue
FNDA:32,selectRuntimeWidgetClassName
FNDA:63,DashboardRuntimeSurface
FNDA:3,(anonymous_3)
FNDA:32,(anonymous_4)
FNDA:7,(anonymous_5)
DA:21,36
DA:22,23
DA:25,13
DA:30,32
DA:32,32
DA:33,29
DA:36,3
DA:48,63
DA:49,40
DA:59,23
DA:60,3
DA:62,23
DA:63,23
DA:64,63
DA:66,63
DA:93,32
DA:95,32
DA:128,7
LF:18
LH:18
BRDA:21,0,0,23
BRDA:21,0,1,13
BRDA:32,1,0,29
BRDA:32,1,1,3
BRDA:46,2,0,63
BRDA:48,3,0,40
BRDA:48,3,1,23
BRDA:63,4,0,23
BRDA:63,4,1,0
BRDA:74,5,0,4
BRDA:74,5,1,19
BRDA:78,6,0,63
BRDA:78,6,1,2
BRDA:86,7,0,0
BRDA:86,7,1,23
BRDA:88,8,0,0
BRDA:88,8,1,23
BRDA:99,9,0,3
BRDA:99,9,1,29
BRDA:104,10,0,3
BRDA:104,10,1,29
BRDA:108,11,0,0
BRDA:108,11,1,29
BRDA:123,12,0,19
BRDA:123,12,1,4
BRF:25
BRH:21
end_of_record
TN:
SF:src\features\dashboard\components\DashboardStatePanel.tsx
FN:20,getMessage
FN:48,getHint
FN:67,DashboardStatePanel
FNF:3
FNH:3
FNDA:63,getMessage
FNDA:63,getHint
FNDA:63,DashboardStatePanel
DA:25,63
DA:27,3
DA:28,2
DA:30,1
DA:32,32
DA:34,0
DA:36,3
DA:38,1
DA:40,1
DA:42,23
DA:44,0
DA:49,63
DA:51,3
DA:53,32
DA:55,3
DA:57,1
DA:59,1
DA:61,23
DA:63,0
DA:75,63
DA:76,63
DA:77,63
DA:78,63
DA:79,63
DA:80,63
DA:81,63
DA:83,63
LF:27
LH:24
BRDA:25,0,0,3
BRDA:25,0,1,32
BRDA:25,0,2,0
BRDA:25,0,3,3
BRDA:25,0,4,1
BRDA:25,0,5,1
BRDA:25,0,6,23
BRDA:25,0,7,0
BRDA:27,1,0,2
BRDA:27,1,1,1
BRDA:34,2,0,0
BRDA:34,2,1,0
BRDA:49,3,0,3
BRDA:49,3,1,32
BRDA:49,3,2,3
BRDA:49,3,3,1
BRDA:49,3,4,1
BRDA:49,3,5,23
BRDA:49,3,6,0
BRDA:71,4,0,63
BRDA:72,5,0,63
BRDA:73,6,0,63
BRDA:90,7,0,0
BRDA:90,7,1,63
BRDA:94,8,0,63
BRDA:94,8,1,63
BRDA:97,9,0,63
BRDA:97,9,1,24
BRDA:98,10,0,63
BRDA:98,10,1,29
BRDA:106,11,0,63
BRDA:106,11,1,32
BRDA:112,12,0,63
BRDA:112,12,1,2
BRF:34
BRH:28
end_of_record
TN:
SF:src\features\dashboard\components\DashboardToolbar.tsx
FN:16,toSelectValue
FN:20,fromSelectValue
FN:25,DashboardToolbar
FN:45,(anonymous_3)
FN:49,(anonymous_4)
FN:63,(anonymous_5)
FN:67,(anonymous_6)
FNF:7
FNH:7
FNDA:126,toSelectValue
FNDA:4,fromSelectValue
FNDA:63,DashboardToolbar
FNDA:2,(anonymous_3)
FNDA:78,(anonymous_4)
FNDA:2,(anonymous_5)
FNDA:35,(anonymous_6)
DA:17,126
DA:21,4
DA:22,4
DA:34,63
DA:36,63
DA:45,2
DA:50,78
DA:63,2
DA:68,35
LF:9
LH:9
BRDA:17,0,0,126
BRDA:17,0,1,15
BRDA:22,1,0,4
BRDA:22,1,1,0
BRDA:30,2,0,63
BRDA:34,3,0,63
BRDA:34,3,1,41
BRDA:34,3,2,39
BRF:8
BRH:7
end_of_record
TN:
SF:src\features\dashboard\hooks\useDashboardRouteState.ts
FN:8,normalizeQueryValue
FN:17,normalizeRouteState
FN:56,parseDashboardRouteState
FN:67,isDashboardRouteStructurallyInvalid
FN:73,createDashboardSearchParams
FN:90,useDashboardRouteState
FN:96,(anonymous_6)
FN:110,(anonymous_7)
FN:115,(anonymous_8)
FN:150,(anonymous_9)
FNF:10
FNH:10
FNDA:71,normalizeQueryValue
FNDA:7,normalizeRouteState
FNDA:25,parseDashboardRouteState
FNDA:19,isDashboardRouteStructurallyInvalid
FNDA:7,createDashboardSearchParams
FNDA:66,useDashboardRouteState
FNDA:18,(anonymous_6)
FNDA:18,(anonymous_7)
FNDA:6,(anonymous_8)
FNDA:1,(anonymous_9)
DA:5,5
DA:6,5
DA:9,71
DA:10,26
DA:13,45
DA:14,45
DA:20,7
DA:21,7
DA:23,7
DA:24,2
DA:30,5
DA:60,25
DA:70,19
DA:76,7
DA:77,7
DA:79,7
DA:80,5
DA:83,7
DA:84,2
DA:87,7
DA:91,66
DA:92,66
DA:93,66
DA:94,66
DA:96,66
DA:97,18
DA:99,18
DA:103,18
DA:109,66
DA:110,18
DA:114,66
DA:116,6
DA:117,6
DA:120,6
DA:125,6
DA:128,6
DA:133,3
DA:136,6
DA:140,6
DA:142,6
DA:143,6
DA:144,6
DA:149,66
DA:151,1
DA:165,66
LF:45
LH:45
BRDA:9,0,0,26
BRDA:9,0,1,45
BRDA:14,1,0,45
BRDA:14,1,1,0
BRDA:23,2,0,2
BRDA:23,2,1,5
BRDA:58,3,0,25
BRDA:70,4,0,19
BRDA:70,4,1,5
BRDA:79,5,0,5
BRDA:79,5,1,2
BRDA:83,6,0,2
BRDA:83,6,1,5
BRDA:99,7,0,6
BRDA:99,7,1,12
BRDA:115,8,0,6
BRDA:116,9,0,6
BRDA:116,9,1,0
BRDA:120,10,0,2
BRDA:120,10,1,4
BRDA:125,11,0,3
BRDA:125,11,1,3
BRDA:128,12,0,3
BRDA:128,12,1,3
BRDA:129,13,0,6
BRDA:129,13,1,4
BRDA:129,13,2,3
BRDA:144,14,0,6
BRDA:144,14,1,5
BRDA:150,15,0,1
BRDA:157,16,0,1
BRDA:157,16,1,1
BRDA:158,17,0,1
BRDA:158,17,1,0
BRF:34
BRH:31
end_of_record
TN:
SF:src\features\dashboard\hooks\useDashboardRuntimeSession.ts
FN:31,createIdleState
FN:42,normalizeEdgeId
FN:51,toErrorMessage
FN:59,useDashboardRuntimeSession
FN:63,(anonymous_4)
FN:64,(anonymous_5)
FN:70,(anonymous_6)
FN:80,(anonymous_7)
FN:80,(anonymous_8)
FN:86,(anonymous_9)
FN:109,(anonymous_10)
FN:114,(anonymous_11)
FN:119,(anonymous_12)
FN:124,(anonymous_13)
FN:129,(anonymous_14)
FN:134,(anonymous_15)
FN:143,(anonymous_16)
FN:148,(anonymous_17)
FN:167,(anonymous_18)
FNF:19
FNH:16
FNDA:28,createIdleState
FNDA:21,normalizeEdgeId
FNDA:0,toErrorMessage
FNDA:82,useDashboardRuntimeSession
FNDA:16,(anonymous_4)
FNDA:21,(anonymous_5)
FNDA:58,(anonymous_6)
FNDA:16,(anonymous_7)
FNDA:16,(anonymous_8)
FNDA:27,(anonymous_9)
FNDA:31,(anonymous_10)
FNDA:31,(anonymous_11)
FNDA:3,(anonymous_12)
FNDA:3,(anonymous_13)
FNDA:6,(anonymous_14)
FNDA:6,(anonymous_15)
FNDA:0,(anonymous_16)
FNDA:0,(anonymous_17)
FNDA:15,(anonymous_18)
DA:32,28
DA:43,21
DA:44,2
DA:47,19
DA:48,19
DA:52,0
DA:53,0
DA:56,0
DA:62,82
DA:63,82
DA:64,82
DA:66,82
DA:67,82
DA:68,82
DA:70,82
DA:71,58
DA:72,43
DA:75,15
DA:76,15
DA:79,82
DA:80,16
DA:81,16
DA:86,82
DA:87,27
DA:88,27
DA:90,27
DA:92,27
DA:93,12
DA:94,12
DA:97,15
DA:106,15
DA:107,15
DA:110,31
DA:111,0
DA:114,31
DA:120,3
DA:121,0
DA:124,3
DA:130,6
DA:131,0
DA:134,6
DA:144,0
DA:145,0
DA:148,0
DA:155,15
DA:157,0
DA:167,15
DA:168,15
DA:172,82
LF:49
LH:39
BRDA:43,0,0,2
BRDA:43,0,1,19
BRDA:48,1,0,19
BRDA:48,1,1,0
BRDA:52,2,0,0
BRDA:52,2,1,0
BRDA:52,3,0,0
BRDA:52,3,1,0
BRDA:62,4,0,82
BRDA:63,5,0,16
BRDA:63,5,1,11
BRDA:71,6,0,43
BRDA:71,6,1,15
BRDA:92,7,0,12
BRDA:92,7,1,15
BRDA:92,8,0,27
BRDA:92,8,1,15
BRDA:110,9,0,0
BRDA:110,9,1,31
BRDA:120,10,0,0
BRDA:120,10,1,3
BRDA:120,11,0,3
BRDA:120,11,1,3
BRDA:126,12,0,1
BRDA:126,12,1,2
BRDA:130,13,0,0
BRDA:130,13,1,6
BRDA:130,14,0,6
BRDA:130,14,1,6
BRDA:144,15,0,0
BRDA:144,15,1,0
BRF:31
BRH:21
end_of_record
TN:
SF:src\features\dashboard\model\bindingValidation.ts
FN:20,normalizeEdgeId
FN:29,normalizeWidgetId
FN:38,toDashboardWidgets
FN:48,(anonymous_3)
FN:53,extractSavedWidgetIds
FN:65,(anonymous_5)
FN:68,extractBindingWidgetIds
FN:80,(anonymous_7)
FN:83,findMissingBindingWidgetIds
FN:96,(anonymous_9)
FN:99,resolveBindingProfileForEdge
FN:121,validateBindingProfileAgainstSavedWidgets
FNF:12
FNH:11
FNDA:41,normalizeEdgeId
FNDA:57,normalizeWidgetId
FNDA:15,toDashboardWidgets
FNDA:21,(anonymous_3)
FNDA:15,extractSavedWidgetIds
FNDA:8,(anonymous_5)
FNDA:24,extractBindingWidgetIds
FNDA:16,(anonymous_7)
FNDA:12,findMissingBindingWidgetIds
FNDA:0,(anonymous_9)
FNDA:28,resolveBindingProfileForEdge
FNDA:15,validateBindingProfileAgainstSavedWidgets
DA:21,41
DA:22,5
DA:25,36
DA:26,36
DA:30,57
DA:31,0
DA:34,57
DA:35,57
DA:39,15
DA:40,0
DA:43,15
DA:44,0
DA:47,15
DA:49,21
DA:54,15
DA:56,15
DA:57,21
DA:58,21
DA:59,0
DA:62,21
DA:65,15
DA:69,24
DA:71,24
DA:72,36
DA:73,36
DA:74,0
DA:77,36
DA:80,24
DA:87,12
DA:88,12
DA:90,12
DA:91,18
DA:92,3
DA:96,12
DA:103,28
DA:104,0
DA:107,28
DA:108,28
DA:109,5
DA:112,23
DA:113,13
DA:114,11
DA:118,12
DA:125,15
DA:127,15
DA:128,3
DA:137,12
DA:138,12
DA:140,12
DA:141,3
DA:150,9
LF:51
LH:45
BRDA:21,0,0,5
BRDA:21,0,1,36
BRDA:26,1,0,36
BRDA:26,1,1,0
BRDA:30,2,0,0
BRDA:30,2,1,57
BRDA:35,3,0,57
BRDA:35,3,1,0
BRDA:39,4,0,0
BRDA:39,4,1,15
BRDA:39,5,0,15
BRDA:39,5,1,15
BRDA:43,6,0,0
BRDA:43,6,1,15
BRDA:49,7,0,21
BRDA:49,7,1,21
BRDA:49,7,2,21
BRDA:58,8,0,0
BRDA:58,8,1,21
BRDA:73,9,0,0
BRDA:73,9,1,36
BRDA:91,10,0,3
BRDA:91,10,1,15
BRDA:103,11,0,0
BRDA:103,11,1,28
BRDA:108,12,0,5
BRDA:108,12,1,23
BRDA:113,13,0,11
BRDA:113,13,1,2
BRDA:127,14,0,3
BRDA:127,14,1,12
BRDA:140,15,0,3
BRDA:140,15,1,9
BRF:33
BRH:25
end_of_record
TN:
SF:src\features\dashboard\model\selectors.ts
FN:23,toNonEmptyString
FN:27,isSupportedRuntimeValue
FN:36,projectLedValue
FN:66,createDashboardBindingKey
FN:70,mergeTelemetryReadingsByBindingKey
FN:93,selectWidgetValuesById
FN:123,projectDashboardWidgetValue
FN:157,selectWidgets
FN:163,(anonymous_8)
FN:168,selectWidgetRuntimeProjection
FN:174,(anonymous_10)
FN:177,(anonymous_11)
FN:197,selectDashboardRuntimeProjection
FN:216,selectTransportStatusLabel
FN:233,selectEdgeAvailabilityLabel
FNF:15
FNH:15
FNDA:168,toNonEmptyString
FNDA:18,isSupportedRuntimeValue
FNDA:3,projectLedValue
FNDA:66,createDashboardBindingKey
FNDA:9,mergeTelemetryReadingsByBindingKey
FNDA:23,selectWidgetValuesById
FNDA:32,projectDashboardWidgetValue
FNDA:22,selectWidgets
FNDA:37,(anonymous_8)
FNDA:22,selectWidgetRuntimeProjection
FNDA:37,(anonymous_10)
FNDA:37,(anonymous_11)
FNDA:22,selectDashboardRuntimeProjection
FNDA:63,selectTransportStatusLabel
FNDA:63,selectEdgeAvailabilityLabel
DA:15,7
DA:17,7
DA:24,168
DA:28,18
DA:37,3
DA:38,0
DA:41,3
DA:42,0
DA:45,3
DA:46,3
DA:47,3
DA:48,0
DA:51,3
DA:52,3
DA:55,0
DA:56,0
DA:59,0
DA:60,0
DA:63,0
DA:67,66
DA:74,9
DA:76,9
DA:77,18
DA:78,18
DA:79,18
DA:80,0
DA:83,18
DA:84,0
DA:87,18
DA:90,9
DA:97,23
DA:98,0
DA:101,23
DA:103,23
DA:104,38
DA:105,38
DA:106,38
DA:108,38
DA:109,0
DA:112,38
DA:113,38
DA:114,23
DA:117,15
DA:120,23
DA:127,32
DA:128,21
DA:131,11
DA:132,5
DA:133,2
DA:136,3
DA:137,0
DA:140,3
DA:141,3
DA:142,3
DA:146,6
DA:147,3
DA:150,3
DA:151,3
DA:154,0
DA:158,22
DA:159,0
DA:162,22
DA:164,37
DA:173,22
DA:174,37
DA:177,22
DA:178,37
DA:179,37
DA:180,37
DA:181,37
DA:183,37
DA:187,37
DA:202,22
DA:203,22
DA:209,22
DA:217,63
DA:219,47
DA:221,9
DA:223,5
DA:225,2
DA:227,0
DA:229,0
DA:234,63
DA:236,60
DA:238,1
DA:240,2
DA:242,0
LF:87
LH:69
BRDA:29,0,0,18
BRDA:29,0,1,18
BRDA:29,0,2,8
BRDA:29,0,3,2
BRDA:37,1,0,0
BRDA:37,1,1,3
BRDA:41,2,0,0
BRDA:41,2,1,3
BRDA:45,3,0,3
BRDA:45,3,1,0
BRDA:47,4,0,0
BRDA:47,4,1,3
BRDA:51,5,0,3
BRDA:51,5,1,0
BRDA:51,6,0,3
BRDA:51,6,1,0
BRDA:51,6,2,0
BRDA:51,6,3,0
BRDA:55,7,0,0
BRDA:55,7,1,0
BRDA:55,8,0,0
BRDA:55,8,1,0
BRDA:55,8,2,0
BRDA:55,8,3,0
BRDA:60,9,0,0
BRDA:60,9,1,0
BRDA:79,10,0,0
BRDA:79,10,1,18
BRDA:79,11,0,18
BRDA:79,11,1,18
BRDA:83,12,0,0
BRDA:83,12,1,18
BRDA:97,13,0,0
BRDA:97,13,1,23
BRDA:108,14,0,0
BRDA:108,14,1,38
BRDA:108,15,0,38
BRDA:108,15,1,38
BRDA:108,15,2,38
BRDA:113,16,0,23
BRDA:113,16,1,15
BRDA:127,17,0,21
BRDA:127,17,1,11
BRDA:131,18,0,5
BRDA:131,18,1,6
BRDA:132,19,0,2
BRDA:132,19,1,3
BRDA:136,20,0,0
BRDA:136,20,1,3
BRDA:137,21,0,0
BRDA:137,21,1,0
BRDA:140,22,0,3
BRDA:140,22,1,0
BRDA:142,23,0,3
BRDA:142,23,1,0
BRDA:146,24,0,3
BRDA:146,24,1,3
BRDA:150,25,0,3
BRDA:150,25,1,0
BRDA:158,26,0,0
BRDA:158,26,1,22
BRDA:158,27,0,22
BRDA:158,27,1,22
BRDA:158,27,2,22
BRDA:164,28,0,37
BRDA:164,28,1,37
BRDA:164,28,2,37
BRDA:174,29,0,22
BRDA:174,29,1,0
BRDA:183,30,0,14
BRDA:183,30,1,23
BRDA:192,31,0,32
BRDA:192,31,1,5
BRDA:217,32,0,47
BRDA:217,32,1,9
BRDA:217,32,2,5
BRDA:217,32,3,2
BRDA:217,32,4,0
BRDA:217,32,5,0
BRDA:234,33,0,60
BRDA:234,33,1,1
BRDA:234,33,2,2
BRDA:234,33,3,0
BRF:83
BRH:52
end_of_record
TN:
SF:src\features\dashboard\model\types.ts
FNF:0
FNH:0
LF:0
LH:0
BRF:0
BRH:0
end_of_record
TN:
SF:src\features\dashboard\services\cloudRuntimeClient.ts
FN:46,normalizeEdgeId
FN:50,toErrorMessage
FN:58,isRecord
FN:62,toNonEmptyString
FN:71,toRuntimeValue
FN:84,toFiniteNumber
FN:92,parseTelemetryReading
FN:115,parseTelemetryEvent
FN:126,(anonymous_8)
FN:127,(anonymous_9)
FN:136,parseEdgeStatusEvent
FN:152,resolveSocketUrl
FN:162,resolveSocketPath
FN:172,createDefaultSocket
FN:183,emitDashboardSubscribeRequest
FN:187,createCloudRuntimeClient
FN:191,(anonymous_16)
FN:205,(anonymous_17)
FN:213,(anonymous_18)
FN:218,(anonymous_19)
FN:222,(anonymous_20)
FN:229,(anonymous_21)
FN:238,(anonymous_22)
FN:257,(anonymous_23)
FN:270,(anonymous_24)
FNF:25
FNH:19
FNDA:7,normalizeEdgeId
FNDA:0,toErrorMessage
FNDA:8,isRecord
FNDA:14,toNonEmptyString
FNDA:3,toRuntimeValue
FNDA:6,toFiniteNumber
FNDA:3,parseTelemetryReading
FNDA:4,parseTelemetryEvent
FNDA:3,(anonymous_8)
FNDA:3,(anonymous_9)
FNDA:1,parseEdgeStatusEvent
FNDA:0,resolveSocketUrl
FNDA:0,resolveSocketPath
FNDA:0,createDefaultSocket
FNDA:7,emitDashboardSubscribeRequest
FNDA:11,createCloudRuntimeClient
FNDA:7,(anonymous_16)
FNDA:16,(anonymous_17)
FNDA:7,(anonymous_18)
FNDA:2,(anonymous_19)
FNDA:0,(anonymous_20)
FNDA:4,(anonymous_21)
FNDA:1,(anonymous_22)
FNDA:7,(anonymous_23)
FNDA:0,(anonymous_24)
DA:43,6
DA:44,6
DA:47,7
DA:51,0
DA:52,0
DA:55,0
DA:59,8
DA:63,14
DA:64,0
DA:67,14
DA:68,14
DA:72,3
DA:78,3
DA:81,0
DA:85,6
DA:86,6
DA:89,0
DA:93,3
DA:94,0
DA:97,3
DA:98,3
DA:99,3
DA:100,3
DA:102,3
DA:103,0
DA:106,3
DA:116,4
DA:117,0
DA:120,4
DA:121,4
DA:122,1
DA:125,3
DA:126,3
DA:127,3
DA:129,3
DA:137,1
DA:138,0
DA:141,1
DA:142,1
DA:143,0
DA:146,1
DA:153,0
DA:154,0
DA:155,0
DA:158,0
DA:159,0
DA:163,0
DA:164,0
DA:165,0
DA:168,0
DA:169,0
DA:173,0
DA:184,7
DA:190,11
DA:192,7
DA:193,7
DA:194,0
DA:197,7
DA:198,7
DA:199,0
DA:202,7
DA:203,7
DA:205,7
DA:206,16
DA:207,0
DA:210,16
DA:213,7
DA:214,7
DA:215,7
DA:218,7
DA:219,2
DA:222,7
DA:223,0
DA:224,0
DA:229,7
DA:230,4
DA:231,4
DA:232,1
DA:235,3
DA:238,7
DA:239,1
DA:240,1
DA:241,0
DA:244,1
DA:247,7
DA:248,7
DA:249,7
DA:250,7
DA:251,7
DA:252,7
DA:253,7
DA:255,7
DA:258,7
DA:259,0
DA:262,7
DA:263,7
DA:264,7
DA:265,7
DA:266,7
DA:267,7
DA:268,7
DA:270,0
DA:276,6
LF:103
LH:73
BRDA:51,0,0,0
BRDA:51,0,1,0
BRDA:51,1,0,0
BRDA:51,1,1,0
BRDA:59,2,0,8
BRDA:59,2,1,8
BRDA:59,2,2,8
BRDA:63,3,0,0
BRDA:63,3,1,14
BRDA:68,4,0,14
BRDA:68,4,1,0
BRDA:72,5,0,3
BRDA:72,5,1,0
BRDA:73,6,0,3
BRDA:73,6,1,3
BRDA:73,6,2,0
BRDA:73,6,3,0
BRDA:85,7,0,6
BRDA:85,7,1,0
BRDA:85,8,0,6
BRDA:85,8,1,6
BRDA:93,9,0,0
BRDA:93,9,1,3
BRDA:97,10,0,3
BRDA:97,10,1,0
BRDA:102,11,0,0
BRDA:102,11,1,3
BRDA:102,12,0,3
BRDA:102,12,1,3
BRDA:102,12,2,3
BRDA:116,13,0,0
BRDA:116,13,1,4
BRDA:121,14,0,1
BRDA:121,14,1,3
BRDA:121,15,0,4
BRDA:121,15,1,4
BRDA:121,15,2,3
BRDA:137,16,0,0
BRDA:137,16,1,1
BRDA:142,17,0,0
BRDA:142,17,1,1
BRDA:142,18,0,1
BRDA:142,18,1,1
BRDA:142,18,2,1
BRDA:154,19,0,0
BRDA:154,19,1,0
BRDA:159,20,0,0
BRDA:159,20,1,0
BRDA:164,21,0,0
BRDA:164,21,1,0
BRDA:169,22,0,0
BRDA:169,22,1,0
BRDA:188,23,0,11
BRDA:193,24,0,0
BRDA:193,24,1,7
BRDA:197,25,0,7
BRDA:197,25,1,7
BRDA:197,25,2,0
BRDA:198,26,0,0
BRDA:198,26,1,7
BRDA:206,27,0,0
BRDA:206,27,1,16
BRDA:231,28,0,1
BRDA:231,28,1,3
BRDA:240,29,0,0
BRDA:240,29,1,1
BRDA:258,30,0,0
BRDA:258,30,1,7
BRF:68
BRH:38
end_of_record
TN:
SF:src\features\public\pages\LandingPage.tsx
FN:17,FeatureCard
FN:39,TierCard
FN:69,(anonymous_2)
FN:82,LandingPage
FNF:4
FNH:0
FNDA:0,FeatureCard
FNDA:0,TierCard
FNDA:0,(anonymous_2)
FNDA:0,LandingPage
DA:26,0
DA:50,0
DA:70,0
DA:83,0
LF:4
LH:0
BRDA:54,0,0,0
BRDA:54,0,1,0
BRDA:59,1,0,0
BRDA:59,1,1,0
BRF:4
BRH:0
end_of_record
TN:
SF:src\features\user-hub\UserHubLayout.tsx
FN:27,UserHubLayout
FNF:1
FNH:1
FNDA:16,UserHubLayout
DA:4,4
DA:28,16
LF:2
LH:2
BRF:0
BRH:0
end_of_record
TN:
SF:src\features\user-hub\components\DiagramCard.tsx
FN:30,DiagramCard
FN:50,(anonymous_1)
FN:56,(anonymous_2)
FN:65,handleEditLayout
FN:73,handleDeleteDiagram
FN:100,startRename
FN:110,cancelRename
FN:120,commitRename
FN:180,(anonymous_8)
FN:181,(anonymous_9)
FN:184,(anonymous_10)
FN:234,(anonymous_11)
FN:250,(anonymous_12)
FN:250,(anonymous_13)
FN:267,(anonymous_14)
FN:288,(anonymous_15)
FN:296,(anonymous_16)
FN:304,(anonymous_17)
FNF:18
FNH:3
FNDA:5,DiagramCard
FNDA:5,(anonymous_1)
FNDA:5,(anonymous_2)
FNDA:0,handleEditLayout
FNDA:0,handleDeleteDiagram
FNDA:0,startRename
FNDA:0,cancelRename
FNDA:0,commitRename
FNDA:0,(anonymous_8)
FNDA:0,(anonymous_9)
FNDA:0,(anonymous_10)
FNDA:0,(anonymous_11)
FNDA:0,(anonymous_12)
FNDA:0,(anonymous_13)
FNDA:0,(anonymous_14)
FNDA:0,(anonymous_15)
FNDA:0,(anonymous_16)
FNDA:0,(anonymous_17)
DA:39,5
DA:40,5
DA:41,5
DA:42,5
DA:43,5
DA:44,5
DA:45,5
DA:46,5
DA:47,5
DA:48,5
DA:50,5
DA:51,5
DA:52,5
DA:56,5
DA:57,5
DA:58,5
DA:61,0
DA:62,0
DA:66,0
DA:67,0
DA:70,0
DA:74,0
DA:75,0
DA:78,0
DA:81,0
DA:82,0
DA:85,0
DA:86,0
DA:89,0
DA:91,0
DA:92,0
DA:94,0
DA:96,0
DA:101,0
DA:102,0
DA:105,0
DA:106,0
DA:107,0
DA:111,0
DA:112,0
DA:115,0
DA:116,0
DA:117,0
DA:121,0
DA:122,0
DA:125,0
DA:126,0
DA:127,0
DA:128,0
DA:131,0
DA:132,0
DA:133,0
DA:134,0
DA:137,0
DA:138,0
DA:139,0
DA:142,0
DA:143,0
DA:145,0
DA:146,0
DA:147,0
DA:149,0
DA:151,0
DA:155,5
DA:180,0
DA:182,0
DA:185,0
DA:186,0
DA:187,0
DA:188,0
DA:191,0
DA:192,0
DA:193,0
DA:234,0
DA:250,0
DA:268,0
DA:288,0
DA:296,0
DA:304,0
LF:79
LH:17
BRDA:48,0,0,5
BRDA:48,0,1,0
BRDA:51,1,0,5
BRDA:51,1,1,0
BRDA:57,2,0,5
BRDA:57,2,1,0
BRDA:57,3,0,5
BRDA:57,3,1,0
BRDA:66,4,0,0
BRDA:66,4,1,0
BRDA:74,5,0,0
BRDA:74,5,1,0
BRDA:81,6,0,0
BRDA:81,6,1,0
BRDA:101,7,0,0
BRDA:101,7,1,0
BRDA:101,8,0,0
BRDA:101,8,1,0
BRDA:101,8,2,0
BRDA:111,9,0,0
BRDA:111,9,1,0
BRDA:121,10,0,0
BRDA:121,10,1,0
BRDA:121,11,0,0
BRDA:121,11,1,0
BRDA:126,12,0,0
BRDA:126,12,1,0
BRDA:131,13,0,0
BRDA:131,13,1,0
BRDA:137,14,0,0
BRDA:137,14,1,0
BRDA:159,15,0,0
BRDA:159,15,1,5
BRDA:174,16,0,0
BRDA:174,16,1,5
BRDA:185,17,0,0
BRDA:185,17,1,0
BRDA:191,18,0,0
BRDA:191,18,1,0
BRDA:203,19,0,5
BRDA:203,19,1,5
BRDA:207,20,0,5
BRDA:207,20,1,5
BRDA:208,21,0,0
BRDA:208,21,1,5
BRDA:226,22,0,0
BRDA:226,22,1,5
BRDA:239,23,0,0
BRDA:239,23,1,5
BRDA:244,24,0,5
BRDA:244,24,1,0
BRDA:245,25,0,5
BRDA:245,25,1,0
BRDA:256,26,0,0
BRDA:256,26,1,5
BRDA:259,27,0,5
BRDA:259,27,1,0
BRDA:261,28,0,0
BRDA:261,28,1,0
BRDA:276,29,0,0
BRDA:276,29,1,0
BRDA:281,30,0,0
BRDA:281,30,1,0
BRF:63
BRH:17
end_of_record
TN:
SF:src\features\user-hub\pages\DashboardPage.tsx
FN:23,toErrorMessage
FN:31,hasOwnKey
FN:35,DashboardPage
FN:58,(anonymous_3)
FN:58,(anonymous_4)
FN:63,(anonymous_5)
FN:74,(anonymous_6)
FN:77,loadBootstrap
FN:108,(anonymous_8)
FN:113,(anonymous_9)
FN:123,loadBindings
FN:130,(anonymous_11)
FN:149,(anonymous_12)
FN:154,(anonymous_13)
FN:164,loadSavedDiagramDocument
FN:171,(anonymous_15)
FN:190,(anonymous_16)
FN:195,(anonymous_17)
FN:203,(anonymous_18)
FN:204,(anonymous_19)
FN:205,(anonymous_20)
FN:209,(anonymous_21)
FN:209,(anonymous_22)
FN:213,(anonymous_23)
FN:216,(anonymous_24)
FN:224,(anonymous_25)
FN:308,(anonymous_26)
FN:329,(anonymous_27)
FN:337,(anonymous_28)
FNF:29
FNH:28
FNDA:0,toErrorMessage
FNDA:114,hasOwnKey
FNDA:63,DashboardPage
FNDA:24,(anonymous_3)
FNDA:17,(anonymous_4)
FNDA:22,(anonymous_5)
FNDA:11,(anonymous_6)
FNDA:11,loadBootstrap
FNDA:11,(anonymous_8)
FNDA:24,(anonymous_9)
FNDA:11,loadBindings
FNDA:11,(anonymous_11)
FNDA:11,(anonymous_12)
FNDA:31,(anonymous_13)
FNDA:11,loadSavedDiagramDocument
FNDA:9,(anonymous_15)
FNDA:11,(anonymous_16)
FNDA:24,(anonymous_17)
FNDA:26,(anonymous_18)
FNDA:11,(anonymous_19)
FNDA:30,(anonymous_20)
FNDA:25,(anonymous_21)
FNDA:19,(anonymous_22)
FNDA:26,(anonymous_23)
FNDA:31,(anonymous_24)
FNDA:46,(anonymous_25)
FNDA:54,(anonymous_26)
FNDA:2,(anonymous_27)
FNDA:2,(anonymous_28)
DA:24,0
DA:25,0
DA:28,0
DA:32,114
DA:36,63
DA:38,63
DA:39,63
DA:42,63
DA:43,63
DA:47,63
DA:48,63
DA:49,63
DA:50,63
DA:51,63
DA:52,63
DA:54,63
DA:55,63
DA:57,63
DA:58,24
DA:62,63
DA:63,63
DA:64,22
DA:65,13
DA:68,9
DA:72,63
DA:74,63
DA:75,11
DA:78,11
DA:79,11
DA:81,11
DA:82,11
DA:87,11
DA:88,0
DA:91,11
DA:92,11
DA:94,0
DA:95,0
DA:98,0
DA:100,11
DA:101,11
DA:106,11
DA:108,11
DA:109,11
DA:113,63
DA:114,24
DA:115,13
DA:118,11
DA:119,11
DA:120,11
DA:121,11
DA:124,11
DA:125,11
DA:126,11
DA:127,0
DA:130,11
DA:135,0
DA:136,0
DA:139,0
DA:141,11
DA:142,11
DA:147,11
DA:149,11
DA:150,11
DA:154,63
DA:155,31
DA:156,20
DA:159,11
DA:160,11
DA:161,11
DA:162,11
DA:165,11
DA:166,11
DA:167,11
DA:168,2
DA:171,9
DA:176,0
DA:177,0
DA:180,0
DA:182,11
DA:183,9
DA:188,11
DA:190,11
DA:191,11
DA:195,63
DA:196,24
DA:197,13
DA:200,11
DA:203,63
DA:204,26
DA:205,30
DA:208,63
DA:209,25
DA:212,63
DA:213,26
DA:216,63
DA:217,31
DA:218,20
DA:221,11
DA:224,63
DA:225,46
DA:226,2
DA:229,44
DA:230,0
DA:233,44
DA:234,0
DA:237,44
DA:238,19
DA:241,25
DA:242,1
DA:245,24
DA:246,0
DA:249,24
DA:250,4
DA:253,20
DA:254,2
DA:257,18
DA:258,0
DA:261,18
DA:262,1
DA:265,17
DA:266,8
DA:269,9
DA:270,0
DA:273,9
DA:274,1
DA:277,8
DA:278,0
DA:281,8
DA:300,63
DA:301,63
DA:302,63
DA:304,63
DA:308,63
DA:309,54
DA:310,34
DA:313,20
DA:320,63
DA:330,2
DA:338,2
LF:139
LH:119
BRDA:24,0,0,0
BRDA:24,0,1,0
BRDA:24,1,0,0
BRDA:24,1,1,0
BRDA:58,2,0,24
BRDA:58,2,1,13
BRDA:62,3,0,57
BRDA:62,3,1,6
BRDA:64,4,0,13
BRDA:64,4,1,9
BRDA:64,5,0,22
BRDA:64,5,1,20
BRDA:72,6,0,57
BRDA:72,6,1,6
BRDA:87,7,0,0
BRDA:87,7,1,11
BRDA:94,8,0,0
BRDA:94,8,1,0
BRDA:100,9,0,11
BRDA:100,9,1,0
BRDA:114,10,0,13
BRDA:114,10,1,11
BRDA:114,11,0,24
BRDA:114,11,1,22
BRDA:126,12,0,0
BRDA:126,12,1,11
BRDA:135,13,0,0
BRDA:135,13,1,0
BRDA:141,14,0,11
BRDA:141,14,1,0
BRDA:155,15,0,20
BRDA:155,15,1,11
BRDA:155,16,0,31
BRDA:155,16,1,29
BRDA:155,16,2,20
BRDA:167,17,0,2
BRDA:167,17,1,9
BRDA:176,18,0,0
BRDA:176,18,1,0
BRDA:182,19,0,9
BRDA:182,19,1,2
BRDA:196,20,0,13
BRDA:196,20,1,11
BRDA:196,21,0,24
BRDA:196,21,1,22
BRDA:209,22,0,25
BRDA:209,22,1,13
BRDA:217,23,0,20
BRDA:217,23,1,11
BRDA:225,24,0,2
BRDA:225,24,1,44
BRDA:229,25,0,0
BRDA:229,25,1,44
BRDA:229,26,0,44
BRDA:229,26,1,44
BRDA:233,27,0,0
BRDA:233,27,1,44
BRDA:237,28,0,19
BRDA:237,28,1,25
BRDA:241,29,0,1
BRDA:241,29,1,24
BRDA:245,30,0,0
BRDA:245,30,1,24
BRDA:249,31,0,4
BRDA:249,31,1,20
BRDA:249,32,0,24
BRDA:249,32,1,20
BRDA:253,33,0,2
BRDA:253,33,1,18
BRDA:257,34,0,0
BRDA:257,34,1,18
BRDA:261,35,0,1
BRDA:261,35,1,17
BRDA:265,36,0,8
BRDA:265,36,1,9
BRDA:265,37,0,17
BRDA:265,37,1,17
BRDA:269,38,0,0
BRDA:269,38,1,9
BRDA:273,39,0,1
BRDA:273,39,1,8
BRDA:277,40,0,0
BRDA:277,40,1,8
BRDA:300,41,0,63
BRDA:300,41,1,41
BRDA:301,42,0,63
BRDA:301,42,1,23
BRDA:301,43,0,23
BRDA:301,43,1,23
BRDA:309,44,0,34
BRDA:309,44,1,20
BRDA:309,45,0,54
BRDA:309,45,1,22
BRDA:322,46,0,32
BRDA:322,46,1,31
BRDA:349,47,0,63
BRDA:349,47,1,24
BRDA:350,48,0,63
BRDA:350,48,1,29
BRDA:353,49,0,63
BRDA:353,49,1,63
BRDA:353,49,2,63
BRDA:353,49,3,63
BRF:103
BRH:83
end_of_record
TN:
SF:src\features\user-hub\pages\FullConstructorPage.tsx
FN:42,toErrorMessage
FN:50,FullConstructorPage
FN:79,(anonymous_2)
FN:91,(anonymous_3)
FN:91,(anonymous_4)
FN:97,(anonymous_5)
FN:197,(anonymous_6)
FN:201,(anonymous_7)
FN:202,(anonymous_8)
FN:218,(anonymous_9)
FN:231,(anonymous_10)
FN:241,(anonymous_11)
FN:246,(anonymous_12)
FN:260,(anonymous_13)
FN:270,(anonymous_14)
FN:287,(anonymous_15)
FN:301,(anonymous_16)
FN:311,(anonymous_17)
FN:312,(anonymous_18)
FN:315,(anonymous_19)
FN:329,(anonymous_20)
FN:342,(anonymous_21)
FN:347,(anonymous_22)
FN:357,(anonymous_23)
FN:371,(anonymous_24)
FN:450,(anonymous_25)
FN:452,(anonymous_26)
FN:464,(anonymous_27)
FN:517,(anonymous_28)
FNF:29
FNH:14
FNDA:0,toErrorMessage
FNDA:35,FullConstructorPage
FNDA:7,(anonymous_2)
FNDA:16,(anonymous_3)
FNDA:0,(anonymous_4)
FNDA:8,(anonymous_5)
FNDA:7,(anonymous_6)
FNDA:2,(anonymous_7)
FNDA:2,(anonymous_8)
FNDA:23,(anonymous_9)
FNDA:7,(anonymous_10)
FNDA:16,(anonymous_11)
FNDA:7,(anonymous_12)
FNDA:0,(anonymous_13)
FNDA:0,(anonymous_14)
FNDA:0,(anonymous_15)
FNDA:0,(anonymous_16)
FNDA:0,(anonymous_17)
FNDA:0,(anonymous_18)
FNDA:0,(anonymous_19)
FNDA:0,(anonymous_20)
FNDA:0,(anonymous_21)
FNDA:0,(anonymous_22)
FNDA:0,(anonymous_23)
FNDA:0,(anonymous_24)
FNDA:1,(anonymous_25)
FNDA:1,(anonymous_26)
FNDA:1,(anonymous_27)
FNDA:0,(anonymous_28)
DA:43,0
DA:44,0
DA:47,0
DA:51,35
DA:52,35
DA:53,35
DA:54,35
DA:55,35
DA:56,35
DA:57,35
DA:58,35
DA:59,35
DA:60,35
DA:61,35
DA:62,35
DA:63,35
DA:64,35
DA:65,35
DA:66,35
DA:67,35
DA:68,35
DA:69,35
DA:70,35
DA:72,35
DA:78,35
DA:80,7
DA:81,0
DA:84,7
DA:85,7
DA:90,35
DA:91,16
DA:94,35
DA:95,35
DA:97,35
DA:98,8
DA:99,0
DA:100,0
DA:101,0
DA:102,0
DA:103,0
DA:106,8
DA:107,8
DA:108,8
DA:109,8
DA:110,8
DA:111,8
DA:112,8
DA:113,8
DA:114,8
DA:115,8
DA:117,8
DA:118,8
DA:123,7
DA:124,7
DA:126,7
DA:127,7
DA:129,1
DA:130,0
DA:132,1
DA:135,7
DA:136,7
DA:137,7
DA:138,8
DA:140,7
DA:144,7
DA:145,7
DA:146,7
DA:147,7
DA:148,7
DA:149,8
DA:151,8
DA:152,1
DA:157,7
DA:158,1
DA:159,1
DA:160,1
DA:161,1
DA:162,1
DA:165,6
DA:166,6
DA:168,1
DA:169,1
DA:170,1
DA:171,1
DA:172,1
DA:173,1
DA:174,1
DA:175,1
DA:176,1
DA:177,1
DA:179,1
DA:180,0
DA:181,0
DA:184,1
DA:185,0
DA:186,0
DA:189,1
DA:197,35
DA:198,7
DA:201,35
DA:202,2
DA:203,2
DA:208,0
DA:214,2
DA:218,35
DA:219,23
DA:220,23
DA:221,16
DA:224,7
DA:226,7
DA:227,7
DA:229,7
DA:230,7
DA:231,7
DA:233,0
DA:237,7
DA:241,35
DA:242,16
DA:245,35
DA:247,7
DA:248,7
DA:250,7
DA:254,7
DA:259,35
DA:261,0
DA:262,0
DA:264,0
DA:265,0
DA:266,0
DA:267,0
DA:270,0
DA:271,0
DA:272,0
DA:273,0
DA:278,0
DA:287,35
DA:288,0
DA:289,0
DA:292,0
DA:293,0
DA:294,0
DA:295,0
DA:298,0
DA:299,0
DA:301,0
DA:302,0
DA:303,0
DA:304,0
DA:305,0
DA:309,0
DA:311,0
DA:312,0
DA:315,0
DA:317,0
DA:318,0
DA:319,0
DA:322,0
DA:324,0
DA:329,35
DA:330,0
DA:331,0
DA:334,0
DA:335,0
DA:336,0
DA:337,0
DA:340,0
DA:341,0
DA:342,0
DA:343,0
DA:347,35
DA:348,0
DA:349,0
DA:352,0
DA:353,0
DA:354,0
DA:357,35
DA:358,0
DA:359,0
DA:362,0
DA:363,0
DA:364,0
DA:365,0
DA:368,0
DA:369,0
DA:371,0
DA:372,0
DA:373,0
DA:374,0
DA:376,0
DA:380,0
DA:382,0
DA:383,0
DA:385,0
DA:386,0
DA:390,0
DA:391,0
DA:392,0
DA:394,0
DA:395,0
DA:398,0
DA:401,0
DA:402,0
DA:405,0
DA:408,0
DA:412,0
DA:417,35
DA:451,1
DA:452,1
DA:453,1
DA:454,1
DA:455,1
DA:465,1
DA:518,0
DA:519,0
DA:522,0
DA:523,0
LF:216
LH:119
BRDA:43,0,0,0
BRDA:43,0,1,0
BRDA:43,1,0,0
BRDA:43,1,1,0
BRDA:80,2,0,0
BRDA:80,2,1,7
BRDA:98,3,0,0
BRDA:98,3,1,8
BRDA:129,4,0,0
BRDA:129,4,1,1
BRDA:137,5,0,7
BRDA:137,5,1,0
BRDA:148,6,0,1
BRDA:148,6,1,6
BRDA:151,7,0,1
BRDA:151,7,1,7
BRDA:157,8,0,1
BRDA:157,8,1,6
BRDA:179,9,0,0
BRDA:179,9,1,1
BRDA:184,10,0,0
BRDA:184,10,1,1
BRDA:190,11,0,1
BRDA:190,11,1,0
BRDA:203,12,0,0
BRDA:203,12,1,2
BRDA:204,13,0,2
BRDA:204,13,1,0
BRDA:204,13,2,0
BRDA:220,14,0,16
BRDA:220,14,1,7
BRDA:230,15,0,7
BRDA:230,15,1,7
BRDA:265,16,0,0
BRDA:265,16,1,0
BRDA:288,17,0,0
BRDA:288,17,1,0
BRDA:288,18,0,0
BRDA:288,18,1,0
BRDA:288,18,2,0
BRDA:293,19,0,0
BRDA:293,19,1,0
BRDA:317,20,0,0
BRDA:317,20,1,0
BRDA:330,21,0,0
BRDA:330,21,1,0
BRDA:330,22,0,0
BRDA:330,22,1,0
BRDA:334,23,0,0
BRDA:334,23,1,0
BRDA:348,24,0,0
BRDA:348,24,1,0
BRDA:358,25,0,0
BRDA:358,25,1,0
BRDA:358,26,0,0
BRDA:358,26,1,0
BRDA:363,27,0,0
BRDA:363,27,1,0
BRDA:394,28,0,0
BRDA:394,28,1,0
BRDA:401,29,0,0
BRDA:401,29,1,0
BRDA:419,30,0,35
BRDA:419,30,1,0
BRDA:426,31,0,35
BRDA:426,31,1,2
BRDA:434,32,0,35
BRDA:434,32,1,13
BRDA:440,33,0,35
BRDA:440,33,1,3
BRDA:445,34,0,3
BRDA:445,34,1,3
BRDA:446,35,0,3
BRDA:446,35,1,2
BRDA:446,35,2,2
BRDA:473,36,0,35
BRDA:473,36,1,19
BRDA:473,36,2,19
BRDA:518,37,0,0
BRDA:518,37,1,0
BRF:80
BRH:34
end_of_record
TN:
SF:src\features\user-hub\pages\GalleryPage.tsx
FN:23,toUpdatedAt
FN:27,toCardModel
FN:38,toErrorMessage
FN:46,GalleryPage
FN:55,(anonymous_4)
FN:55,(anonymous_5)
FN:60,(anonymous_6)
FN:67,(anonymous_7)
FN:70,(anonymous_8)
FN:91,(anonymous_9)
FN:95,handleCreateDiagram
FN:109,(anonymous_11)
FN:117,handleDeleteTelemetryProfile
FN:131,(anonymous_13)
FN:132,(anonymous_14)
FN:137,(anonymous_15)
FN:148,handleRenameDiagram
FN:154,(anonymous_17)
FN:175,(anonymous_18)
FN:176,(anonymous_19)
FN:203,(anonymous_20)
FN:237,(anonymous_21)
FN:241,(anonymous_22)
FN:242,(anonymous_23)
FN:243,(anonymous_24)
FN:243,(anonymous_25)
FN:245,(anonymous_26)
FN:248,(anonymous_27)
FN:251,(anonymous_28)
FN:254,(anonymous_29)
FNF:30
FNH:11
FNDA:5,toUpdatedAt
FNDA:5,toCardModel
FNDA:0,toErrorMessage
FNDA:4,GalleryPage
FNDA:4,(anonymous_4)
FNDA:5,(anonymous_5)
FNDA:2,(anonymous_6)
FNDA:5,(anonymous_7)
FNDA:1,(anonymous_8)
FNDA:2,(anonymous_9)
FNDA:0,handleCreateDiagram
FNDA:0,(anonymous_11)
FNDA:0,handleDeleteTelemetryProfile
FNDA:0,(anonymous_13)
FNDA:0,(anonymous_14)
FNDA:0,(anonymous_15)
FNDA:0,handleRenameDiagram
FNDA:0,(anonymous_17)
FNDA:0,(anonymous_18)
FNDA:0,(anonymous_19)
FNDA:0,(anonymous_20)
FNDA:5,(anonymous_21)
FNDA:5,(anonymous_22)
FNDA:0,(anonymous_23)
FNDA:0,(anonymous_24)
FNDA:0,(anonymous_25)
FNDA:0,(anonymous_26)
FNDA:0,(anonymous_27)
FNDA:0,(anonymous_28)
FNDA:0,(anonymous_29)
DA:24,5
DA:28,5
DA:39,0
DA:40,0
DA:43,0
DA:47,4
DA:48,4
DA:49,4
DA:50,4
DA:51,4
DA:52,4
DA:54,4
DA:55,5
DA:58,4
DA:60,4
DA:61,2
DA:62,2
DA:64,2
DA:65,2
DA:66,2
DA:68,5
DA:69,5
DA:70,5
DA:76,5
DA:78,0
DA:83,2
DA:85,0
DA:87,2
DA:91,4
DA:92,2
DA:96,0
DA:97,0
DA:100,0
DA:101,0
DA:103,0
DA:104,0
DA:109,0
DA:111,0
DA:113,0
DA:121,0
DA:125,0
DA:126,0
DA:129,0
DA:130,0
DA:131,0
DA:132,0
DA:133,0
DA:137,0
DA:144,0
DA:149,0
DA:150,0
DA:151,0
DA:154,0
DA:155,0
DA:156,0
DA:159,0
DA:160,0
DA:161,0
DA:162,0
DA:165,0
DA:166,0
DA:171,0
DA:174,0
DA:175,0
DA:176,0
DA:177,0
DA:189,4
DA:191,4
DA:203,0
DA:238,5
DA:241,5
DA:243,0
DA:246,0
DA:249,0
DA:252,0
DA:254,0
LF:76
LH:29
BRDA:24,0,0,5
BRDA:24,0,1,0
BRDA:24,0,2,0
BRDA:34,1,0,0
BRDA:34,1,1,5
BRDA:39,2,0,0
BRDA:39,2,1,0
BRDA:39,3,0,0
BRDA:39,3,1,0
BRDA:96,4,0,0
BRDA:96,4,1,0
BRDA:96,5,0,0
BRDA:96,5,1,0
BRDA:125,6,0,0
BRDA:125,6,1,0
BRDA:133,7,0,0
BRDA:133,7,1,0
BRDA:150,8,0,0
BRDA:150,8,1,0
BRDA:155,9,0,0
BRDA:155,9,1,0
BRDA:160,10,0,0
BRDA:160,10,1,0
BRDA:177,11,0,0
BRDA:177,11,1,0
BRDA:189,12,0,4
BRDA:189,12,1,3
BRDA:207,13,0,0
BRDA:207,13,1,4
BRDA:211,14,0,4
BRDA:211,14,1,1
BRDA:217,15,0,4
BRDA:217,15,1,0
BRDA:223,16,0,4
BRDA:223,16,1,0
BRDA:229,17,0,2
BRDA:229,17,1,2
BRDA:231,18,0,0
BRDA:231,18,1,2
BRF:39
BRH:12
end_of_record
TN:
SF:src\shared\api\bindings.ts
FN:25,getBindingsByDiagram
FN:29,getDashboardBindingProfiles
FN:35,createBinding
FN:43,updateBinding
FN:50,deleteBinding
FN:54,deleteAllBindings
FNF:6
FNH:3
FNDA:16,getBindingsByDiagram
FNDA:11,getDashboardBindingProfiles
FNDA:1,createBinding
FNDA:0,updateBinding
FNDA:0,deleteBinding
FNDA:0,deleteAllBindings
DA:26,16
DA:32,11
DA:39,1
DA:47,0
DA:51,0
DA:55,0
LF:6
LH:3
BRF:0
BRH:0
end_of_record
TN:
SF:src\shared\api\client.ts
FN:15,createApiError
FN:22,isApiError
FN:36,request
FN:93,(anonymous_3)
FN:96,(anonymous_4)
FN:103,(anonymous_5)
FN:110,(anonymous_6)
FN:117,(anonymous_7)
FNF:8
FNH:7
FNDA:6,createApiError
FNDA:5,isApiError
FNDA:121,request
FNDA:105,(anonymous_3)
FNDA:8,(anonymous_4)
FNDA:6,(anonymous_5)
FNDA:0,(anonymous_6)
FNDA:2,(anonymous_7)
DA:16,6
DA:17,6
DA:18,6
DA:19,6
DA:23,5
DA:40,121
DA:43,121
DA:44,121
DA:45,120
DA:46,120
DA:47,117
DA:51,121
DA:61,121
DA:62,1
DA:66,120
DA:67,120
DA:69,0
DA:72,120
DA:73,5
DA:82,115
DA:83,115
DA:84,114
DA:87,1
DA:92,14
DA:94,105
DA:97,8
DA:104,6
DA:111,0
DA:118,2
LF:29
LH:27
BRDA:17,0,0,6
BRDA:17,0,1,1
BRDA:23,1,0,5
BRDA:23,1,1,5
BRDA:38,2,0,121
BRDA:40,3,0,121
BRDA:40,4,0,121
BRDA:44,5,0,120
BRDA:44,5,1,1
BRDA:46,6,0,117
BRDA:46,6,1,3
BRDA:61,7,0,1
BRDA:61,7,1,120
BRDA:72,8,0,5
BRDA:72,8,1,115
BRDA:75,9,0,5
BRDA:75,9,1,0
BRDA:83,10,0,114
BRDA:83,10,1,1
BRDA:83,11,0,115
BRDA:83,11,1,115
BRDA:83,11,2,115
BRDA:99,12,0,8
BRDA:99,12,1,0
BRDA:106,13,0,6
BRDA:106,13,1,0
BRDA:113,14,0,0
BRDA:113,14,1,0
BRF:28
BRH:23
end_of_record
TN:
SF:src\shared\api\diagrams.ts
FN:39,getDiagrams
FN:43,getDashboardDiagrams
FN:47,getDiagramById
FN:51,getDashboardDiagramById
FN:55,createDiagram
FN:59,updateDiagram
FN:67,cloneDiagram
FN:71,assignDiagramToUser
FN:78,deleteDiagram
FNF:9
FNH:7
FNDA:4,getDiagrams
FNDA:11,getDashboardDiagrams
FNDA:18,getDiagramById
FNDA:11,getDashboardDiagramById
FNDA:0,createDiagram
FNDA:6,updateDiagram
FNDA:3,cloneDiagram
FNDA:1,assignDiagramToUser
FNDA:0,deleteDiagram
DA:40,4
DA:44,11
DA:48,18
DA:52,11
DA:56,0
DA:63,6
DA:68,3
DA:75,1
DA:79,0
LF:9
LH:7
BRF:0
BRH:0
end_of_record
TN:
SF:src\shared\api\edgeServers.ts
FN:46,getEdgeServers
FN:50,getTrustedEdgeServers
FN:54,getDashboardTrustedEdgeServers
FN:58,getEdgeServerCatalog
FN:62,registerEdgeServer
FN:68,bindEdgeServer
FN:76,revokeEdgeServerAccess
FNF:7
FNH:7
FNDA:1,getEdgeServers
FNDA:9,getTrustedEdgeServers
FNDA:11,getDashboardTrustedEdgeServers
FNDA:8,getEdgeServerCatalog
FNDA:1,registerEdgeServer
FNDA:1,bindEdgeServer
FNDA:1,revokeEdgeServerAccess
DA:47,1
DA:51,9
DA:55,11
DA:59,8
DA:65,1
DA:72,1
DA:77,1
LF:7
LH:7
BRF:0
BRH:0
end_of_record
TN:
SF:src\shared\api\tokenRefresh.ts
FN:27,(anonymous_0)
FN:30,(anonymous_1)
FN:31,(anonymous_2)
FN:38,doRefresh
FN:59,withRefreshInterceptor
FN:71,(anonymous_5)
FNF:6
FNH:3
FNDA:7,(anonymous_0)
FNDA:2,(anonymous_1)
FNDA:2,(anonymous_2)
FNDA:0,doRefresh
FNDA:0,withRefreshInterceptor
FNDA:0,(anonymous_5)
DA:27,7
DA:30,2
DA:31,2
DA:36,7
DA:39,0
DA:42,0
DA:47,0
DA:49,0
DA:50,0
DA:52,0
DA:62,0
DA:63,0
DA:65,0
DA:66,0
DA:70,0
DA:71,0
DA:72,0
DA:76,0
DA:78,0
DA:80,0
DA:81,0
DA:82,0
DA:86,0
DA:90,0
DA:91,0
DA:92,0
DA:94,0
LF:27
LH:4
BRDA:47,0,0,0
BRDA:47,0,1,0
BRDA:50,1,0,0
BRDA:50,1,1,0
BRDA:65,2,0,0
BRDA:65,2,1,0
BRDA:65,3,0,0
BRDA:65,3,1,0
BRDA:70,4,0,0
BRDA:70,4,1,0
BRDA:78,5,0,0
BRDA:78,5,1,0
BRDA:81,6,0,0
BRDA:81,6,1,0
BRF:14
BRH:0
end_of_record
TN:
SF:src\shared\api\users.ts
FN:30,buildUsersQuery
FN:49,getUsers
FN:53,updateUserTier
FN:60,updateUserBan
FNF:4
FNH:2
FNDA:4,buildUsersQuery
FNDA:4,getUsers
FNDA:0,updateUserTier
FNDA:0,updateUserBan
DA:31,4
DA:33,4
DA:34,0
DA:37,4
DA:38,4
DA:41,4
DA:42,4
DA:45,4
DA:46,4
DA:50,4
DA:57,0
DA:64,0
LF:12
LH:9
BRDA:30,0,0,4
BRDA:33,1,0,0
BRDA:33,1,1,4
BRDA:37,2,0,4
BRDA:37,2,1,0
BRDA:41,3,0,4
BRDA:41,3,1,0
BRDA:46,4,0,4
BRDA:46,4,1,0
BRDA:49,5,0,4
BRF:10
BRH:6
end_of_record
TN:
SF:src\shared\components\AppShell.tsx
FN:23,AppShell
FN:28,handleLogout
FN:40,(anonymous_2)
FN:63,(anonymous_3)
FN:71,(anonymous_4)
FN:76,(anonymous_5)
FN:77,(anonymous_6)
FN:131,(anonymous_7)
FN:131,(anonymous_8)
FNF:9
FNH:3
FNDA:31,AppShell
FNDA:0,handleLogout
FNDA:0,(anonymous_2)
FNDA:0,(anonymous_3)
FNDA:124,(anonymous_4)
FNDA:0,(anonymous_5)
FNDA:124,(anonymous_6)
FNDA:0,(anonymous_7)
FNDA:0,(anonymous_8)
DA:24,31
DA:25,31
DA:26,31
DA:29,0
DA:30,0
DA:33,31
DA:40,0
DA:63,0
DA:72,124
DA:76,0
DA:77,124
DA:131,0
LF:12
LH:6
BRDA:36,0,0,31
BRDA:36,0,1,0
BRDA:51,1,0,0
BRDA:51,1,1,31
BRDA:80,2,0,19
BRDA:80,2,1,105
BRDA:94,3,0,31
BRDA:94,3,1,31
BRF:8
BRH:6
end_of_record
TN:
SF:src\shared\components\BindingsInvalidatedModal.tsx
FN:12,BindingsInvalidatedModal
FN:23,(anonymous_1)
FN:28,(anonymous_2)
FN:36,(anonymous_3)
FNF:4
FNH:2
FNDA:34,BindingsInvalidatedModal
FNDA:34,(anonymous_1)
FNDA:0,(anonymous_2)
FNDA:0,(anonymous_3)
DA:20,34
DA:21,34
DA:23,34
DA:24,34
DA:25,34
DA:28,0
DA:29,0
DA:30,0
DA:31,0
DA:35,0
DA:36,0
DA:37,0
DA:41,34
DA:42,34
DA:45,0
LF:15
LH:7
BRDA:14,0,0,34
BRDA:15,1,0,34
BRDA:24,2,0,34
BRDA:24,2,1,0
BRDA:29,3,0,0
BRDA:29,3,1,0
BRDA:29,4,0,0
BRDA:29,4,1,0
BRDA:41,5,0,34
BRDA:41,5,1,0
BRDA:62,6,0,0
BRDA:62,6,1,0
BRDA:83,7,0,0
BRDA:83,7,1,0
BRF:14
BRH:4
end_of_record
TN:
SF:src\shared\components\ProtectedRoute.tsx
FN:22,ProtectedRoute
FN:24,(anonymous_1)
FNF:2
FNH:2
FNDA:58,ProtectedRoute
FNDA:187,(anonymous_1)
DA:23,58
DA:24,187
DA:25,58
DA:28,58
DA:29,12
DA:33,46
DA:34,3
DA:38,43
DA:39,2
DA:43,41
DA:44,2
DA:52,39
LF:12
LH:12
BRDA:28,0,0,12
BRDA:28,0,1,46
BRDA:28,1,0,58
BRDA:28,1,1,46
BRDA:33,2,0,3
BRDA:33,2,1,43
BRDA:33,3,0,46
BRDA:33,3,1,16
BRDA:38,4,0,2
BRDA:38,4,1,41
BRDA:38,5,0,43
BRDA:38,5,1,30
BRDA:43,6,0,2
BRDA:43,6,1,39
BRF:14
BRH:14
end_of_record
TN:
SF:src\shared\components\ReAuthOverlay.tsx
FN:22,isBannedAccountError
FN:27,ReAuthOverlay
FN:36,handleSubmit
FN:113,(anonymous_3)
FN:123,(anonymous_4)
FN:147,(anonymous_5)
FNF:6
FNH:1
FNDA:0,isBannedAccountError
FNDA:2,ReAuthOverlay
FNDA:0,handleSubmit
FNDA:0,(anonymous_3)
FNDA:0,(anonymous_4)
FNDA:0,(anonymous_5)
DA:20,7
DA:23,0
DA:24,0
DA:28,2
DA:29,2
DA:31,2
DA:32,2
DA:33,2
DA:34,2
DA:37,0
DA:38,0
DA:39,0
DA:41,0
DA:42,0
DA:48,0
DA:50,0
DA:51,0
DA:56,0
DA:59,0
DA:66,0
DA:67,0
DA:69,0
DA:71,0
DA:75,2
DA:113,0
DA:123,0
DA:147,0
LF:27
LH:8
BRDA:24,0,0,0
BRDA:24,0,1,0
BRDA:50,1,0,0
BRDA:50,1,1,0
BRDA:52,2,0,0
BRDA:52,2,1,0
BRDA:52,3,0,0
BRDA:52,3,1,0
BRDA:162,4,0,2
BRDA:162,4,1,0
BRDA:180,5,0,0
BRDA:180,5,1,2
BRDA:181,6,0,0
BRDA:181,6,1,2
BRDA:184,7,0,0
BRDA:184,7,1,2
BRF:16
BRH:4
end_of_record
TN:
SF:src\shared\components\SaveAsDialog.tsx
FN:21,normalizeDiagramName
FN:25,SaveAsDialog
FN:44,(anonymous_2)
FN:53,(anonymous_3)
FN:58,(anonymous_4)
FN:63,(anonymous_5)
FN:68,(anonymous_6)
FN:73,(anonymous_7)
FN:81,(anonymous_8)
FN:90,handleSubmit
FN:132,(anonymous_10)
FNF:11
FNH:11
FNDA:2,normalizeDiagramName
FNDA:77,SaveAsDialog
FNDA:24,(anonymous_2)
FNDA:13,(anonymous_3)
FNDA:1,(anonymous_4)
FNDA:1,(anonymous_5)
FNDA:53,(anonymous_6)
FNDA:22,(anonymous_7)
FNDA:2,(anonymous_8)
FNDA:2,handleSubmit
FNDA:22,(anonymous_10)
DA:3,5
DA:4,5
DA:5,5
DA:6,5
DA:22,2
DA:37,77
DA:38,77
DA:39,77
DA:40,77
DA:41,77
DA:42,77
DA:44,77
DA:45,24
DA:46,23
DA:49,1
DA:50,1
DA:53,77
DA:54,13
DA:55,12
DA:58,1
DA:59,1
DA:60,1
DA:63,1
DA:64,1
DA:68,77
DA:69,53
DA:70,51
DA:73,2
DA:74,22
DA:75,0
DA:76,0
DA:80,2
DA:81,2
DA:82,2
DA:86,77
DA:87,51
DA:91,2
DA:92,2
DA:93,0
DA:96,2
DA:97,2
DA:98,1
DA:99,1
DA:102,1
DA:103,1
DA:106,26
DA:133,22
DA:134,22
DA:135,1
LF:49
LH:46
BRDA:27,0,0,77
BRDA:28,1,0,77
BRDA:29,2,0,77
BRDA:30,3,0,77
BRDA:31,4,0,77
BRDA:32,5,0,77
BRDA:33,6,0,77
BRDA:45,7,0,23
BRDA:45,7,1,1
BRDA:54,8,0,12
BRDA:54,8,1,1
BRDA:69,9,0,51
BRDA:69,9,1,2
BRDA:74,10,0,0
BRDA:74,10,1,22
BRDA:74,11,0,22
BRDA:74,11,1,0
BRDA:86,12,0,51
BRDA:86,12,1,26
BRDA:92,13,0,0
BRDA:92,13,1,2
BRDA:97,14,0,1
BRDA:97,14,1,1
BRDA:134,15,0,1
BRDA:134,15,1,21
BRDA:140,16,0,26
BRDA:140,16,1,24
BRDA:140,16,2,2
BRDA:144,17,0,2
BRDA:144,17,1,0
BRDA:162,18,0,1
BRDA:162,18,1,25
BRF:32
BRH:28
end_of_record
TN:
SF:src\shared\components\SaveConflictModal.tsx
FN:13,SaveConflictModal
FN:26,(anonymous_1)
FN:31,(anonymous_2)
FN:39,(anonymous_3)
FNF:4
FNH:3
FNDA:59,SaveConflictModal
FNDA:20,(anonymous_1)
FNDA:0,(anonymous_2)
FNDA:5,(anonymous_3)
DA:22,59
DA:23,59
DA:24,59
DA:26,59
DA:27,20
DA:28,15
DA:31,5
DA:32,0
DA:33,0
DA:34,0
DA:38,5
DA:39,5
DA:40,5
DA:44,59
DA:45,54
DA:48,5
LF:16
LH:13
BRDA:15,0,0,59
BRDA:16,1,0,59
BRDA:17,2,0,59
BRDA:24,3,0,59
BRDA:24,3,1,58
BRDA:27,4,0,15
BRDA:27,4,1,5
BRDA:32,5,0,0
BRDA:32,5,1,0
BRDA:32,6,0,0
BRDA:32,6,1,0
BRDA:44,7,0,54
BRDA:44,7,1,5
BRDA:65,8,0,5
BRDA:65,8,1,0
BRDA:78,9,0,1
BRDA:78,9,1,4
BRDA:94,10,0,1
BRDA:94,10,1,4
BRF:19
BRH:14
end_of_record
TN:
SF:src\shared\hooks\useDiagramLimits.ts
FN:15,useDiagramLimits
FN:16,(anonymous_1)
FN:18,(anonymous_2)
FN:20,(anonymous_3)
FN:24,(anonymous_4)
FN:28,(anonymous_5)
FN:35,(anonymous_6)
FN:38,(anonymous_7)
FN:39,(anonymous_8)
FN:40,(anonymous_9)
FNF:10
FNH:10
FNDA:8,useDiagramLimits
FNDA:24,(anonymous_1)
FNDA:8,(anonymous_2)
FNDA:4,(anonymous_3)
FNDA:10,(anonymous_4)
FNDA:3,(anonymous_5)
FNDA:3,(anonymous_6)
FNDA:11,(anonymous_7)
FNDA:3,(anonymous_8)
FNDA:13,(anonymous_9)
DA:16,24
DA:18,8
DA:19,8
DA:20,4
DA:23,7
DA:24,10
DA:27,1
DA:29,3
DA:30,3
DA:31,3
DA:35,3
DA:38,11
DA:39,8
DA:40,8
DA:41,13
DA:43,8
LF:16
LH:16
BRDA:16,0,0,24
BRDA:16,0,1,0
BRDA:19,1,0,1
BRDA:19,1,1,7
BRDA:23,2,0,6
BRDA:23,2,1,1
BRDA:38,3,0,11
BRDA:38,3,1,10
BRDA:39,4,0,3
BRDA:39,4,1,2
BRDA:41,5,0,13
BRDA:41,5,1,9
BRF:12
BRH:11
end_of_record
TN:
SF:src\shared\hooks\useEdgeStatus.ts
FN:26,normalizeEdgeStatus
FN:41,useEdgeStatus
FN:43,(anonymous_2)
FN:44,(anonymous_3)
FN:50,(anonymous_4)
FN:63,(anonymous_5)
FN:67,(anonymous_6)
FN:72,(anonymous_7)
FN:76,(anonymous_8)
FN:81,(anonymous_9)
FN:97,(anonymous_10)
FNF:11
FNH:10
FNDA:1,normalizeEdgeStatus
FNDA:33,useEdgeStatus
FNDA:99,(anonymous_2)
FNDA:99,(anonymous_3)
FNDA:1,(anonymous_4)
FNDA:1,(anonymous_5)
FNDA:1,(anonymous_6)
FNDA:0,(anonymous_7)
FNDA:1,(anonymous_8)
FNDA:5,(anonymous_9)
FNDA:80,(anonymous_10)
DA:27,1
DA:29,1
DA:30,1
DA:31,1
DA:32,0
DA:35,1
DA:38,1
DA:42,33
DA:43,99
DA:44,99
DA:46,33
DA:47,33
DA:48,33
DA:50,33
DA:51,1
DA:53,1
DA:54,1
DA:55,1
DA:57,0
DA:59,1
DA:63,33
DA:64,1
DA:67,33
DA:68,1
DA:69,0
DA:72,1
DA:73,0
DA:76,1
DA:77,1
DA:81,33
DA:82,5
DA:84,5
DA:85,1
DA:88,4
DA:89,4
DA:90,7
DA:93,4
DA:96,33
DA:97,80
DA:101,33
LF:40
LH:36
BRDA:30,0,0,1
BRDA:30,0,1,0
BRDA:30,0,2,0
BRDA:31,1,0,0
BRDA:31,1,1,1
BRDA:35,2,0,1
BRDA:35,2,1,0
BRDA:35,2,2,0
BRDA:41,3,0,33
BRDA:42,4,0,33
BRDA:68,5,0,0
BRDA:68,5,1,1
BRDA:84,6,0,1
BRDA:84,6,1,4
BRDA:84,7,0,5
BRDA:84,7,1,5
BRF:16
BRH:10
end_of_record
TN:
SF:src\shared\store\useAuthStore.ts
FN:29,(anonymous_0)
FN:33,(anonymous_1)
FN:36,(anonymous_2)
FNF:3
FNH:3
FNDA:18,(anonymous_0)
FNDA:65,(anonymous_1)
FNDA:3,(anonymous_2)
DA:29,18
DA:34,65
DA:37,3
LF:3
LH:3
BRF:0
BRH:0
end_of_record
TN:
SF:src\shared\store\useTelemetryStore.ts
FN:41,(anonymous_0)
FN:48,(anonymous_1)
FN:51,(anonymous_2)
FN:54,(anonymous_3)
FN:65,(anonymous_4)
FN:78,(anonymous_5)
FN:129,(anonymous_6)
FN:150,(anonymous_7)
FN:159,(anonymous_8)
FN:172,(anonymous_9)
FN:183,(anonymous_10)
FN:192,(anonymous_11)
FN:196,(anonymous_12)
FN:202,(anonymous_13)
FN:207,(anonymous_14)
FN:216,(anonymous_15)
FN:231,(anonymous_16)
FNF:17
FNH:1
FNDA:0,(anonymous_0)
FNDA:0,(anonymous_1)
FNDA:0,(anonymous_2)
FNDA:0,(anonymous_3)
FNDA:0,(anonymous_4)
FNDA:0,(anonymous_5)
FNDA:0,(anonymous_6)
FNDA:0,(anonymous_7)
FNDA:0,(anonymous_8)
FNDA:0,(anonymous_9)
FNDA:0,(anonymous_10)
FNDA:0,(anonymous_11)
FNDA:0,(anonymous_12)
FNDA:0,(anonymous_13)
FNDA:4,(anonymous_14)
FNDA:0,(anonymous_15)
FNDA:0,(anonymous_16)
DA:3,4
DA:4,4
DA:37,4
DA:38,4
DA:39,4
DA:41,4
DA:42,0
DA:43,0
DA:44,0
DA:48,4
DA:49,0
DA:51,4
DA:52,0
DA:54,4
DA:55,0
DA:57,0
DA:58,0
DA:61,0
DA:62,0
DA:65,4
DA:66,0
DA:67,0
DA:70,0
DA:78,4
DA:82,0
DA:83,0
DA:88,0
DA:89,0
DA:91,0
DA:94,0
DA:95,0
DA:97,0
DA:103,0
DA:109,0
DA:112,0
DA:119,0
DA:120,0
DA:129,4
DA:132,0
DA:134,0
DA:135,0
DA:138,0
DA:139,0
DA:144,0
DA:149,0
DA:150,0
DA:151,0
DA:152,0
DA:155,0
DA:159,4
DA:160,0
DA:161,0
DA:164,0
DA:165,0
DA:166,0
DA:167,0
DA:168,0
DA:169,0
DA:172,4
DA:173,0
DA:175,0
DA:176,0
DA:179,0
DA:181,0
DA:183,0
DA:184,0
DA:189,0
DA:192,0
DA:193,0
DA:196,0
DA:197,0
DA:198,0
DA:199,0
DA:202,0
DA:207,4
DA:217,0
DA:218,0
DA:220,0
DA:228,0
DA:232,0
DA:233,0
DA:234,0
DA:236,0
LF:83
LH:15
BRDA:42,0,0,0
BRDA:42,0,1,0
BRDA:49,1,0,0
BRDA:49,1,1,0
BRDA:52,2,0,0
BRDA:52,2,1,0
BRDA:57,3,0,0
BRDA:57,3,1,0
BRDA:57,4,0,0
BRDA:57,4,1,0
BRDA:61,5,0,0
BRDA:61,5,1,0
BRDA:66,6,0,0
BRDA:66,6,1,0
BRDA:66,7,0,0
BRDA:66,7,1,0
BRDA:82,8,0,0
BRDA:82,8,1,0
BRDA:97,9,0,0
BRDA:97,9,1,0
BRDA:98,10,0,0
BRDA:98,10,1,0
BRDA:98,10,2,0
BRDA:98,10,3,0
BRDA:105,11,0,0
BRDA:105,11,1,0
BRDA:112,12,0,0
BRDA:112,12,1,0
BRDA:113,13,0,0
BRDA:113,13,1,0
BRDA:113,13,2,0
BRDA:113,13,3,0
BRDA:113,13,4,0
BRDA:134,14,0,0
BRDA:134,14,1,0
BRDA:134,15,0,0
BRDA:134,15,1,0
BRDA:151,16,0,0
BRDA:151,16,1,0
BRDA:160,17,0,0
BRDA:160,17,1,0
BRDA:175,18,0,0
BRDA:175,18,1,0
BRDA:222,19,0,0
BRDA:222,19,1,0
BRF:45
BRH:0
end_of_record
