{"numTotalTestSuites":54,"numPassedTestSuites":54,"numFailedTestSuites":0,"numPendingTestSuites":0,"numTotalTests":93,"numPassedTests":93,"numFailedTests":0,"numPendingTests":0,"numTodoTests":0,"snapshot":{"added":0,"failure":false,"filesAdded":0,"filesRemoved":0,"filesRemovedList":[],"filesUnmatched":0,"filesUpdated":0,"matched":0,"total":0,"unchecked":0,"uncheckedKeysByFile":[],"unmatched":0,"updated":0,"didUpdate":false},"startTime":1774439474599,"success":true,"testResults":[{"assertionResults":[{"ancestorTitles":["Admin Hub routes and pages (T050d)"],"fullName":"Admin Hub routes and pages (T050d) T026: resolves /admin/users and /admin/diagrams routes to target pages","status":"passed","title":"T026: resolves /admin/users and /admin/diagrams routes to target pages","duration":1708.7939999999999,"failureMessages":[],"meta":{}},{"ancestorTitles":["Admin Hub routes and pages (T050d)"],"fullName":"Admin Hub routes and pages (T050d) T023: supports register, assign and revoke flow on Edge Fleet page","status":"passed","title":"T023: supports register, assign and revoke flow on Edge Fleet page","duration":4019.476300000001,"failureMessages":[],"meta":{}},{"ancestorTitles":["Admin Hub routes and pages (T050d)"],"fullName":"Admin Hub routes and pages (T050d) T025b: blocks assign for FREE user without slots and allows assign when slot exists","status":"passed","title":"T025b: blocks assign for FREE user without slots and allows assign when slot exists","duration":742.7724999999991,"failureMessages":[],"meta":{}}],"startTime":1774439480840,"endTime":1774439487311.7725,"status":"passed","message":"","name":"D:/Study/4_course/VKR/client/tests/integration/AdminHubPages.test.tsx"},{"assertionResults":[{"ancestorTitles":["Constructor host foundation tasks (T004-T007)"],"fullName":"Constructor host foundation tasks (T004-T007) loads one diagram by id through the typed API helper (T004)","status":"passed","title":"loads one diagram by id through the typed API helper (T004)","duration":92.30059999999958,"failureMessages":[],"meta":{}},{"ancestorTitles":["Constructor host foundation tasks (T004-T007)"],"fullName":"Constructor host foundation tasks (T004-T007) maps trusted machines and catalog rows via cloud-backed adapter (T005)","status":"passed","title":"maps trusted machines and catalog rows via cloud-backed adapter (T005)","duration":51.26510000000053,"failureMessages":[],"meta":{}},{"ancestorTitles":["Constructor host foundation tasks (T004-T007)"],"fullName":"Constructor host foundation tasks (T004-T007) loads hosted constructor runtime through same-origin loader with module validation (T006)","status":"passed","title":"loads hosted constructor runtime through same-origin loader with module validation (T006)","duration":14.237900000000081,"failureMessages":[],"meta":{}},{"ancestorTitles":["Constructor host foundation tasks (T004-T007)"],"fullName":"Constructor host foundation tasks (T004-T007) warns before route navigation when unsaved changes exist (T007)","status":"passed","title":"warns before route navigation when unsaved changes exist (T007)","duration":1154.7359999999999,"failureMessages":[],"meta":{}}],"startTime":1774439480251,"endTime":1774439481563.736,"status":"passed","message":"","name":"D:/Study/4_course/VKR/client/tests/integration/ConstructorHostFoundation.test.tsx"},{"assertionResults":[{"ancestorTitles":["DashboardPage (US1)"],"fullName":"DashboardPage (US1) supports valid route prefill with diagram and edge pair","status":"passed","title":"supports valid route prefill with diagram and edge pair","duration":1331.5379000000003,"failureMessages":[],"meta":{}},{"ancestorTitles":["DashboardPage (US1)"],"fullName":"DashboardPage (US1) keeps dashboard route and renders invalid-selection for edge-only query","status":"passed","title":"keeps dashboard route and renders invalid-selection for edge-only query","duration":101.73430000000008,"failureMessages":[],"meta":{}},{"ancestorTitles":["DashboardPage (US1)"],"fullName":"DashboardPage (US1) denies admin access before dashboard initialization","status":"passed","title":"denies admin access before dashboard initialization","duration":22.048800000000483,"failureMessages":[],"meta":{}},{"ancestorTitles":["DashboardPage (US1)"],"fullName":"DashboardPage (US1) synchronizes URL query when user changes diagram and edge selection","status":"passed","title":"synchronizes URL query when user changes diagram and edge selection","duration":1199.9859999999999,"failureMessages":[],"meta":{}},{"ancestorTitles":["DashboardPage (US2)"],"fullName":"DashboardPage (US2) renders live transport and edge-availability status for active monitoring context","status":"passed","title":"renders live transport and edge-availability status for active monitoring context","duration":369.09809999999925,"failureMessages":[],"meta":{}},{"ancestorTitles":["DashboardPage (US2)"],"fullName":"DashboardPage (US2) shows reconnect messaging and preserves last runtime values in place","status":"passed","title":"shows reconnect messaging and preserves last runtime values in place","duration":338.71050000000105,"failureMessages":[],"meta":{}},{"ancestorTitles":["DashboardPage (US2)"],"fullName":"DashboardPage (US2) distinguishes edge offline state from transport reconnecting state","status":"passed","title":"distinguishes edge offline state from transport reconnecting state","duration":431.0831999999991,"failureMessages":[],"meta":{}},{"ancestorTitles":["DashboardPage (US2)"],"fullName":"DashboardPage (US2) disposes the previous runtime session when monitoring context changes","status":"passed","title":"disposes the previous runtime session when monitoring context changes","duration":734.8743000000013,"failureMessages":[],"meta":{}},{"ancestorTitles":["DashboardPage (US3)"],"fullName":"DashboardPage (US3) renders missing-binding-profile state when trusted edge has no saved profile for selected diagram","status":"passed","title":"renders missing-binding-profile state when trusted edge has no saved profile for selected diagram","duration":156.97090000000026,"failureMessages":[],"meta":{}},{"ancestorTitles":["DashboardPage (US3)"],"fullName":"DashboardPage (US3) renders invalid-binding-profile state when saved binding references stale widget ids","status":"passed","title":"renders invalid-binding-profile state when saved binding references stale widget ids","duration":143.46980000000076,"failureMessages":[],"meta":{}},{"ancestorTitles":["DashboardPage (US3)"],"fullName":"DashboardPage (US3) uses saved diagram snapshot for runtime rendering and applies bound values for supported widgets","status":"passed","title":"uses saved diagram snapshot for runtime rendering and applies bound values for supported widgets","duration":183.7449000000015,"failureMessages":[],"meta":{}},{"ancestorTitles":["DashboardPage (US4)"],"fullName":"DashboardPage (US4) keeps command-capable widgets visible but non-operative in monitoring MVP","status":"passed","title":"keeps command-capable widgets visible but non-operative in monitoring MVP","duration":209.9439000000002,"failureMessages":[],"meta":{}}],"startTime":1774439480904,"endTime":1774439486129.9438,"status":"passed","message":"","name":"D:/Study/4_course/VKR/client/tests/integration/DashboardPage.test.tsx"},{"assertionResults":[{"ancestorTitles":["Full-mode bindings integration coverage (T022)"],"fullName":"Full-mode bindings integration coverage (T022) loads machine-scoped bindings and switches active machine context","status":"passed","title":"loads machine-scoped bindings and switches active machine context","duration":371.78489999999965,"failureMessages":[],"meta":{}},{"ancestorTitles":["Full-mode bindings integration coverage (T022)"],"fullName":"Full-mode bindings integration coverage (T022) round-trips runtime bindings through upsert payload as widgetId+deviceId+metric","status":"passed","title":"round-trips runtime bindings through upsert payload as widgetId+deviceId+metric","duration":62.32250000000022,"failureMessages":[],"meta":{}},{"ancestorTitles":["Full-mode bindings integration coverage (T022)"],"fullName":"Full-mode bindings integration coverage (T022) enforces destructive-save decision path: Save As copy or delete-all after successful PUT","status":"passed","title":"enforces destructive-save decision path: Save As copy or delete-all after successful PUT","duration":1358.6579999999994,"failureMessages":[],"meta":{}}],"startTime":1774439480558,"endTime":1774439482350.658,"status":"passed","message":"","name":"D:/Study/4_course/VKR/client/tests/integration/FullConstructorBindings.test.tsx"},{"assertionResults":[{"ancestorTitles":["FullConstructorPage recovery and retry flows"],"fullName":"FullConstructorPage recovery and retry flows allows opening page with empty bindings after invalid bindings payload recovery error","status":"passed","title":"allows opening page with empty bindings after invalid bindings payload recovery error","duration":1286.5996000000005,"failureMessages":[],"meta":{}},{"ancestorTitles":["FullConstructorPage recovery and retry flows"],"fullName":"FullConstructorPage recovery and retry flows retries diagram loading successfully after transient API failure","status":"passed","title":"retries diagram loading successfully after transient API failure","duration":234.30419999999958,"failureMessages":[],"meta":{}}],"startTime":1774439480565,"endTime":1774439482086.3042,"status":"passed","message":"","name":"D:/Study/4_course/VKR/client/tests/integration/FullConstructorPageRecovery.test.tsx"},{"assertionResults":[{"ancestorTitles":["GalleryPage"],"fullName":"GalleryPage renders cards from GET /api/diagrams","status":"passed","title":"renders cards from GET /api/diagrams","duration":1738.3986000000004,"failureMessages":[],"meta":{}},{"ancestorTitles":["GalleryPage"],"fullName":"GalleryPage blocks create CTA when FREE tier already has 3 diagrams","status":"passed","title":"blocks create CTA when FREE tier already has 3 diagrams","duration":1036.487000000001,"failureMessages":[],"meta":{}}],"startTime":1774439480399,"endTime":1774439483174.487,"status":"passed","message":"","name":"D:/Study/4_course/VKR/client/tests/integration/GalleryPage.test.tsx"},{"assertionResults":[{"ancestorTitles":["Hosted constructor route bootstrapping (T009)"],"fullName":"Hosted constructor route bootstrapping (T009) boots user editor route and loads hosted runtime in full mode","status":"passed","title":"boots user editor route and loads hosted runtime in full mode","duration":779.1583999999993,"failureMessages":[],"meta":{}},{"ancestorTitles":["Hosted constructor route bootstrapping (T009)"],"fullName":"Hosted constructor route bootstrapping (T009) boots admin editor route and loads hosted runtime in reduced mode","status":"passed","title":"boots admin editor route and loads hosted runtime in reduced mode","duration":485.4286999999995,"failureMessages":[],"meta":{}},{"ancestorTitles":["Hosted constructor route bootstrapping (T009)"],"fullName":"Hosted constructor route bootstrapping (T009) auto-recovers invalid layout payloads on user full route and opens runtime","status":"passed","title":"auto-recovers invalid layout payloads on user full route and opens runtime","duration":137.51029999999992,"failureMessages":[],"meta":{}},{"ancestorTitles":["Hosted constructor route bootstrapping (T009)"],"fullName":"Hosted constructor route bootstrapping (T009) keeps hosted runtime mounted while temporary re-auth overlay is visible (T014a)","status":"passed","title":"keeps hosted runtime mounted while temporary re-auth overlay is visible (T014a)","duration":244.0002000000004,"failureMessages":[],"meta":{}}],"startTime":1774439481062,"endTime":1774439482709.0002,"status":"passed","message":"","name":"D:/Study/4_course/VKR/client/tests/integration/HostedConstructorRoutes.test.tsx"},{"assertionResults":[{"ancestorTitles":["Hosted constructor save flow coverage (T016)"],"fullName":"Hosted constructor save flow coverage (T016) round-trips representative layout through API helpers and keeps parity sections (T018)","status":"passed","title":"round-trips representative layout through API helpers and keeps parity sections (T018)","duration":158.58759999999984,"failureMessages":[],"meta":{}},{"ancestorTitles":["Hosted constructor save flow coverage (T016)"],"fullName":"Hosted constructor save flow coverage (T016) runs Save As naming flow through dialog + clone API with trimmed name (T019)","status":"passed","title":"runs Save As naming flow through dialog + clone API with trimmed name (T019)","duration":2599.0546999999997,"failureMessages":[],"meta":{}},{"ancestorTitles":["Hosted constructor save flow coverage (T016)"],"fullName":"Hosted constructor save flow coverage (T016) handles version conflict actions: continue, save-as, reload-latest (T020)","status":"passed","title":"handles version conflict actions: continue, save-as, reload-latest (T020)","duration":1385.750399999999,"failureMessages":[],"meta":{}}],"startTime":1774439480167,"endTime":1774439484310.7505,"status":"passed","message":"","name":"D:/Study/4_course/VKR/client/tests/integration/HostedConstructorSaveFlow.test.tsx"},{"assertionResults":[{"ancestorTitles":["Hosted constructor unsaved-changes coverage (T032)"],"fullName":"Hosted constructor unsaved-changes coverage (T032) warns before route exit after hosted runtime reports dirty state","status":"passed","title":"warns before route exit after hosted runtime reports dirty state","duration":948.7468000000008,"failureMessages":[],"meta":{}},{"ancestorTitles":["Hosted constructor unsaved-changes coverage (T032)"],"fullName":"Hosted constructor unsaved-changes coverage (T032) warns before machine switch when runtime reports unsaved state","status":"passed","title":"warns before machine switch when runtime reports unsaved state","duration":63.81590000000051,"failureMessages":[],"meta":{}},{"ancestorTitles":["Hosted constructor unsaved-changes coverage (T032)"],"fullName":"Hosted constructor unsaved-changes coverage (T032) keeps hosted runtime mounted through temporary re-auth overlay with dirty state intact","status":"passed","title":"keeps hosted runtime mounted through temporary re-auth overlay with dirty state intact","duration":357.0729999999994,"failureMessages":[],"meta":{}}],"startTime":1774439480913,"endTime":1774439482283.073,"status":"passed","message":"","name":"D:/Study/4_course/VKR/client/tests/integration/HostedConstructorUnsavedChanges.test.tsx"},{"assertionResults":[{"ancestorTitles":["ProtectedRoute — role-redirect matrix","Unauthenticated access"],"fullName":"ProtectedRoute — role-redirect matrix Unauthenticated access redirects unauthenticated user from /hub to /login","status":"passed","title":"redirects unauthenticated user from /hub to /login","duration":181.29039999999986,"failureMessages":[],"meta":{}},{"ancestorTitles":["ProtectedRoute — role-redirect matrix","Unauthenticated access"],"fullName":"ProtectedRoute — role-redirect matrix Unauthenticated access redirects unauthenticated user from /admin to /login","status":"passed","title":"redirects unauthenticated user from /admin to /login","duration":10.980099999999766,"failureMessages":[],"meta":{}},{"ancestorTitles":["ProtectedRoute — role-redirect matrix","Unauthenticated access"],"fullName":"ProtectedRoute — role-redirect matrix Unauthenticated access redirects unauthenticated user from /hub/dashboard to /login","status":"passed","title":"redirects unauthenticated user from /hub/dashboard to /login","duration":10.341899999999441,"failureMessages":[],"meta":{}},{"ancestorTitles":["ProtectedRoute — role-redirect matrix","Unauthenticated access"],"fullName":"ProtectedRoute — role-redirect matrix Unauthenticated access redirects unauthenticated user from /admin/users to /login","status":"passed","title":"redirects unauthenticated user from /admin/users to /login","duration":14.711299999999937,"failureMessages":[],"meta":{}},{"ancestorTitles":["ProtectedRoute — role-redirect matrix","USER role access"],"fullName":"ProtectedRoute — role-redirect matrix USER role access allows USER to access /hub","status":"passed","title":"allows USER to access /hub","duration":51.921299999999974,"failureMessages":[],"meta":{}},{"ancestorTitles":["ProtectedRoute — role-redirect matrix","USER role access"],"fullName":"ProtectedRoute — role-redirect matrix USER role access allows USER to access /hub/dashboard","status":"passed","title":"allows USER to access /hub/dashboard","duration":15.846799999999348,"failureMessages":[],"meta":{}},{"ancestorTitles":["ProtectedRoute — role-redirect matrix","USER role access"],"fullName":"ProtectedRoute — role-redirect matrix USER role access redirects USER from /admin to /hub","status":"passed","title":"redirects USER from /admin to /hub","duration":18.68080000000009,"failureMessages":[],"meta":{}},{"ancestorTitles":["ProtectedRoute — role-redirect matrix","USER role access"],"fullName":"ProtectedRoute — role-redirect matrix USER role access redirects USER from /admin/users to /hub","status":"passed","title":"redirects USER from /admin/users to /hub","duration":21.054299999999785,"failureMessages":[],"meta":{}},{"ancestorTitles":["ProtectedRoute — role-redirect matrix","ADMIN role access"],"fullName":"ProtectedRoute — role-redirect matrix ADMIN role access allows ADMIN to access /admin","status":"passed","title":"allows ADMIN to access /admin","duration":51.911699999999655,"failureMessages":[],"meta":{}},{"ancestorTitles":["ProtectedRoute — role-redirect matrix","ADMIN role access"],"fullName":"ProtectedRoute — role-redirect matrix ADMIN role access allows ADMIN to access /admin/users","status":"passed","title":"allows ADMIN to access /admin/users","duration":31.60030000000006,"failureMessages":[],"meta":{}},{"ancestorTitles":["ProtectedRoute — role-redirect matrix","ADMIN role access"],"fullName":"ProtectedRoute — role-redirect matrix ADMIN role access redirects ADMIN from /hub to /admin","status":"passed","title":"redirects ADMIN from /hub to /admin","duration":21.138100000000122,"failureMessages":[],"meta":{}},{"ancestorTitles":["ProtectedRoute — role-redirect matrix","ADMIN role access"],"fullName":"ProtectedRoute — role-redirect matrix ADMIN role access redirects ADMIN from /hub/dashboard to /admin","status":"passed","title":"redirects ADMIN from /hub/dashboard to /admin","duration":25.161199999999553,"failureMessages":[],"meta":{}}],"startTime":1774439480080,"endTime":1774439480536.1611,"status":"passed","message":"","name":"D:/Study/4_course/VKR/client/tests/integration/ProtectedRoute.test.tsx"},{"assertionResults":[{"ancestorTitles":["Reduced constructor page integration coverage (T028)"],"fullName":"Reduced constructor page integration coverage (T028) keeps reduced mode free from bindings/machine/catalog API flows (T028)","status":"passed","title":"keeps reduced mode free from bindings/machine/catalog API flows (T028)","duration":874.1442999999999,"failureMessages":[],"meta":{}},{"ancestorTitles":["Reduced constructor page integration coverage (T028)"],"fullName":"Reduced constructor page integration coverage (T028) persists layout only in admin reduced mode and never hits bindings endpoints (T030)","status":"passed","title":"persists layout only in admin reduced mode and never hits bindings endpoints (T030)","duration":214.39689999999973,"failureMessages":[],"meta":{}},{"ancestorTitles":["Reduced constructor page integration coverage (T028)"],"fullName":"Reduced constructor page integration coverage (T028) offers recoverable empty-layout fallback for invalid payloads and runtime bootstrap failures (T031)","status":"passed","title":"offers recoverable empty-layout fallback for invalid payloads and runtime bootstrap failures (T031)","duration":1705.3976999999995,"failureMessages":[],"meta":{}}],"startTime":1774439480844,"endTime":1774439483638.3977,"status":"passed","message":"","name":"D:/Study/4_course/VKR/client/tests/integration/ReducedConstructorPage.test.tsx"},{"assertionResults":[{"ancestorTitles":["bindingsAdapter"],"fullName":"bindingsAdapter normalizes and clones widget bindings payloads on import/export","status":"passed","title":"normalizes and clones widget bindings payloads on import/export","duration":6.626600000000053,"failureMessages":[],"meta":{}},{"ancestorTitles":["bindingsAdapter"],"fullName":"bindingsAdapter throws tagged validation errors for malformed widget bindings payload","status":"passed","title":"throws tagged validation errors for malformed widget bindings payload","duration":1.5043000000000575,"failureMessages":[],"meta":{}},{"ancestorTitles":["bindingsAdapter"],"fullName":"bindingsAdapter imports binding sets with optional metadata and trimmed identifiers","status":"passed","title":"imports binding sets with optional metadata and trimmed identifiers","duration":1.031500000000051,"failureMessages":[],"meta":{}},{"ancestorTitles":["bindingsAdapter"],"fullName":"bindingsAdapter recovers valid entries and reports singular invalid-entry details","status":"passed","title":"recovers valid entries and reports singular invalid-entry details","duration":3.9347999999999956,"failureMessages":[],"meta":{}},{"ancestorTitles":["bindingsAdapter"],"fullName":"bindingsAdapter reports plural invalid-entry details and handles non-array payload in recovery mode","status":"passed","title":"reports plural invalid-entry details and handles non-array payload in recovery mode","duration":1.236699999999928,"failureMessages":[],"meta":{}},{"ancestorTitles":["bindingsAdapter"],"fullName":"bindingsAdapter recognizes tagged errors and resolves binding sets by edge server id","status":"passed","title":"recognizes tagged errors and resolves binding sets by edge server id","duration":1.8337999999998829,"failureMessages":[],"meta":{}}],"startTime":1774439484819,"endTime":1774439484835.8337,"status":"passed","message":"","name":"D:/Study/4_course/VKR/client/tests/unit/bindingsAdapter.test.ts"},{"assertionResults":[{"ancestorTitles":["bindingValidation (T020)"],"fullName":"bindingValidation (T020) resolves missing binding profile state when selected edge has no saved profile","status":"passed","title":"resolves missing binding profile state when selected edge has no saved profile","duration":29.86029999999937,"failureMessages":[],"meta":{}},{"ancestorTitles":["bindingValidation (T020)"],"fullName":"bindingValidation (T020) marks stale widget references as invalid-binding-profile","status":"passed","title":"marks stale widget references as invalid-binding-profile","duration":1.5076000000008207,"failureMessages":[],"meta":{}},{"ancestorTitles":["bindingValidation (T020)"],"fullName":"bindingValidation (T020) keeps valid profile state for matching saved widget ids","status":"passed","title":"keeps valid profile state for matching saved widget ids","duration":0.940599999999904,"failureMessages":[],"meta":{}}],"startTime":1774439484803,"endTime":1774439484835.9407,"status":"passed","message":"","name":"D:/Study/4_course/VKR/client/tests/unit/bindingValidation.test.ts"},{"assertionResults":[{"ancestorTitles":["Dashboard foundational helpers (T001-T009)"],"fullName":"Dashboard foundational helpers (T001-T009) tracks selectionSource for local route updates","status":"passed","title":"tracks selectionSource for local route updates","duration":115.45160000000033,"failureMessages":[],"meta":{}},{"ancestorTitles":["Dashboard foundational helpers (T001-T009)"],"fullName":"Dashboard foundational helpers (T001-T009) parses and validates route state with edge-only query as invalid selection input","status":"passed","title":"parses and validates route state with edge-only query as invalid selection input","duration":0.8238000000001193,"failureMessages":[],"meta":{}},{"ancestorTitles":["Dashboard foundational helpers (T001-T009)"],"fullName":"Dashboard foundational helpers (T001-T009) normalizes dashboard query params by dropping edge when diagram is missing","status":"passed","title":"normalizes dashboard query params by dropping edge when diagram is missing","duration":0.40759999999954744,"failureMessages":[],"meta":{}},{"ancestorTitles":["Dashboard foundational helpers (T001-T009)"],"fullName":"Dashboard foundational helpers (T001-T009) detects stale binding profiles against saved widget ids","status":"passed","title":"detects stale binding profiles against saved widget ids","duration":35.885699999999815,"failureMessages":[],"meta":{}},{"ancestorTitles":["Dashboard foundational helpers (T001-T009)"],"fullName":"Dashboard foundational helpers (T001-T009) maps telemetry to bound widget ids via binding keys","status":"passed","title":"maps telemetry to bound widget ids via binding keys","duration":1.5745999999999185,"failureMessages":[],"meta":{}},{"ancestorTitles":["Dashboard foundational helpers (T001-T009)"],"fullName":"Dashboard foundational helpers (T001-T009) starts runtime session, subscribes by edge id, and keeps last values during reconnect","status":"passed","title":"starts runtime session, subscribes by edge id, and keeps last values during reconnect","duration":61.50799999999981,"failureMessages":[],"meta":{}}],"startTime":1774439480252,"endTime":1774439480468.508,"status":"passed","message":"","name":"D:/Study/4_course/VKR/client/tests/unit/dashboardFoundations.test.ts"},{"assertionResults":[{"ancestorTitles":["dashboard runtime projection (T021)"],"fullName":"dashboard runtime projection (T021) projects number-display, text-display, and led values via saved binding pairs","status":"passed","title":"projects number-display, text-display, and led values via saved binding pairs","duration":4.048800000000028,"failureMessages":[],"meta":{}},{"ancestorTitles":["dashboard runtime projection (T021)"],"fullName":"dashboard runtime projection (T021) keeps unsupported widget entries visible in projection","status":"passed","title":"keeps unsupported widget entries visible in projection","duration":2.0842999999999847,"failureMessages":[],"meta":{}}],"startTime":1774439485730,"endTime":1774439485736.0842,"status":"passed","message":"","name":"D:/Study/4_course/VKR/client/tests/unit/dashboardRuntimeProjection.test.ts"},{"assertionResults":[{"ancestorTitles":["createMockHostedConstructorHarness"],"fullName":"createMockHostedConstructorHarness captures hosted config and mirrors state through runtime instance methods","status":"passed","title":"captures hosted config and mirrors state through runtime instance methods","duration":7.593600000000151,"failureMessages":[],"meta":{}},{"ancestorTitles":["createMockHostedConstructorHarness"],"fullName":"createMockHostedConstructorHarness emits constructor callbacks through harness helpers","status":"passed","title":"emits constructor callbacks through harness helpers","duration":4.090599999999995,"failureMessages":[],"meta":{}}],"startTime":1774439485180,"endTime":1774439485192.0906,"status":"passed","message":"","name":"D:/Study/4_course/VKR/client/tests/unit/mockHostedConstructorHarness.test.ts"},{"assertionResults":[{"ancestorTitles":["Phase 1 — Setup smoke test"],"fullName":"Phase 1 — Setup smoke test test environment is jsdom","status":"passed","title":"test environment is jsdom","duration":2.6950999999999112,"failureMessages":[],"meta":{}},{"ancestorTitles":["Phase 1 — Setup smoke test"],"fullName":"Phase 1 — Setup smoke test imports resolve correctly","status":"passed","title":"imports resolve correctly","duration":1621.6876000000002,"failureMessages":[],"meta":{}}],"startTime":1774439479449,"endTime":1774439481072.6875,"status":"passed","message":"","name":"D:/Study/4_course/VKR/client/tests/unit/setup.smoke.test.ts"},{"assertionResults":[{"ancestorTitles":["useAuthStore","initial state"],"fullName":"useAuthStore initial state starts unauthenticated with no session","status":"passed","title":"starts unauthenticated with no session","duration":2.8398999999999432,"failureMessages":[],"meta":{}},{"ancestorTitles":["useAuthStore","setSession"],"fullName":"useAuthStore setSession sets session and marks isAuthenticated = true","status":"passed","title":"sets session and marks isAuthenticated = true","duration":2.0846999999998843,"failureMessages":[],"meta":{}},{"ancestorTitles":["useAuthStore","setSession"],"fullName":"useAuthStore setSession stores all session fields correctly","status":"passed","title":"stores all session fields correctly","duration":0.7997000000000298,"failureMessages":[],"meta":{}},{"ancestorTitles":["useAuthStore","setSession"],"fullName":"useAuthStore setSession replaces existing session on second setSession call","status":"passed","title":"replaces existing session on second setSession call","duration":0.6042999999999665,"failureMessages":[],"meta":{}},{"ancestorTitles":["useAuthStore","logout"],"fullName":"useAuthStore logout clears session and sets isAuthenticated = false","status":"passed","title":"clears session and sets isAuthenticated = false","duration":0.5289999999999964,"failureMessages":[],"meta":{}},{"ancestorTitles":["useAuthStore","logout"],"fullName":"useAuthStore logout logout on already-unauthenticated state is safe (no throw)","status":"passed","title":"logout on already-unauthenticated state is safe (no throw)","duration":2.4157000000000153,"failureMessages":[],"meta":{}},{"ancestorTitles":["useAuthStore","isAuthenticated transitions"],"fullName":"useAuthStore isAuthenticated transitions follows: false → setSession → true → logout → false","status":"passed","title":"follows: false → setSession → true → logout → false","duration":0.7518000000000029,"failureMessages":[],"meta":{}},{"ancestorTitles":["useAuthStore","isAuthenticated transitions"],"fullName":"useAuthStore isAuthenticated transitions accessToken is preserved in store (not exposed to window)","status":"passed","title":"accessToken is preserved in store (not exposed to window)","duration":0.5837999999998829,"failureMessages":[],"meta":{}}],"startTime":1774439485519,"endTime":1774439485530.5837,"status":"passed","message":"","name":"D:/Study/4_course/VKR/client/tests/unit/useAuthStore.test.ts"},{"assertionResults":[{"ancestorTitles":["useDashboardRuntimeSession (T015)"],"fullName":"useDashboardRuntimeSession (T015) connects and subscribes to the selected edge session","status":"passed","title":"connects and subscribes to the selected edge session","duration":96.33349999999973,"failureMessages":[],"meta":{}},{"ancestorTitles":["useDashboardRuntimeSession (T015)"],"fullName":"useDashboardRuntimeSession (T015) applies telemetry for active edge and tracks edge availability","status":"passed","title":"applies telemetry for active edge and tracks edge availability","duration":56.78610000000026,"failureMessages":[],"meta":{}},{"ancestorTitles":["useDashboardRuntimeSession (T015)"],"fullName":"useDashboardRuntimeSession (T015) keeps last values while reconnecting","status":"passed","title":"keeps last values while reconnecting","duration":72.58479999999963,"failureMessages":[],"meta":{}},{"ancestorTitles":["useDashboardRuntimeSession (T015)"],"fullName":"useDashboardRuntimeSession (T015) disposes active session on edge switch and unmount cleanup","status":"passed","title":"disposes active session on edge switch and unmount cleanup","duration":52.04730000000018,"failureMessages":[],"meta":{}}],"startTime":1774439480214,"endTime":1774439480492.0474,"status":"passed","message":"","name":"D:/Study/4_course/VKR/client/tests/unit/useDashboardRuntimeSession.test.ts"},{"assertionResults":[{"ancestorTitles":["useDiagramLimits"],"fullName":"useDiagramLimits FREE tier: blocks create/clone at 3 diagrams","status":"passed","title":"FREE tier: blocks create/clone at 3 diagrams","duration":38.82499999999982,"failureMessages":[],"meta":{}},{"ancestorTitles":["useDiagramLimits"],"fullName":"useDiagramLimits FREE tier: allows create/clone below 3 diagrams","status":"passed","title":"FREE tier: allows create/clone below 3 diagrams","duration":3.73700000000008,"failureMessages":[],"meta":{}},{"ancestorTitles":["useDiagramLimits"],"fullName":"useDiagramLimits FREE tier: canEdit false for diagrams outside top-3 updatedAt when over limit","status":"passed","title":"FREE tier: canEdit false for diagrams outside top-3 updatedAt when over limit","duration":3.8239000000003216,"failureMessages":[],"meta":{}},{"ancestorTitles":["useDiagramLimits"],"fullName":"useDiagramLimits PRO tier: unlimited create/clone and edit access","status":"passed","title":"PRO tier: unlimited create/clone and edit access","duration":3.6932000000006155,"failureMessages":[],"meta":{}}],"startTime":1774439484954,"endTime":1774439485004.693,"status":"passed","message":"","name":"D:/Study/4_course/VKR/client/tests/unit/useDiagramLimits.test.ts"},{"assertionResults":[{"ancestorTitles":["useHostedLayoutSaveFlow"],"fullName":"useHostedLayoutSaveFlow exposes runtime-not-ready error when Save As is submitted without registered runtime","status":"passed","title":"exposes runtime-not-ready error when Save As is submitted without registered runtime","duration":53.55500000000029,"failureMessages":[],"meta":{}},{"ancestorTitles":["useHostedLayoutSaveFlow"],"fullName":"useHostedLayoutSaveFlow handles save-conflict flow with 409, recovery reload fallback, and continue-editing reset","status":"passed","title":"handles save-conflict flow with 409, recovery reload fallback, and continue-editing reset","duration":84.0560000000005,"failureMessages":[],"meta":{}},{"ancestorTitles":["useHostedLayoutSaveFlow"],"fullName":"useHostedLayoutSaveFlow prevents duplicate Save As submits while request is in-flight and keeps dialog open on blocked cancel","status":"passed","title":"prevents duplicate Save As submits while request is in-flight and keeps dialog open on blocked cancel","duration":28.33140000000003,"failureMessages":[],"meta":{}},{"ancestorTitles":["useHostedLayoutSaveFlow"],"fullName":"useHostedLayoutSaveFlow uses fallback Save As error text for non-Error failures and resets state on diagram change","status":"passed","title":"uses fallback Save As error text for non-Error failures and resets state on diagram change","duration":16.004500000000007,"failureMessages":[],"meta":{}}],"startTime":1774439480114,"endTime":1774439480296.0044,"status":"passed","message":"","name":"D:/Study/4_course/VKR/client/tests/unit/useHostedLayoutSaveFlow.test.tsx"},{"assertionResults":[{"ancestorTitles":["useLogin"],"fullName":"useLogin shows dedicated error for banned account login","status":"passed","title":"shows dedicated error for banned account login","duration":122.1893,"failureMessages":[],"meta":{}}],"startTime":1774439484954,"endTime":1774439485076.1892,"status":"passed","message":"","name":"D:/Study/4_course/VKR/client/tests/unit/useLogin.test.tsx"}],"coverageMap":{"D:\\Study\\4_course\\VKR\\client\\src\\app\\userHubRoutes.tsx":{"path":"D:\\Study\\4_course\\VKR\\client\\src\\app\\userHubRoutes.tsx","statementMap":{"0":{"start":{"line":7,"column":6},"end":{"line":10,"column":null}},"1":{"start":{"line":8,"column":17},"end":{"line":8,"column":null}},"2":{"start":{"line":9,"column":2},"end":{"line":9,"column":null}},"3":{"start":{"line":13,"column":2},"end":{"line":29,"column":null}},"4":{"start":{"line":32,"column":51},"end":{"line":64,"column":null}}},"fnMap":{"0":{"name":"(anonymous_0)","decl":{"start":{"line":7,"column":33},"end":{"line":7,"column":45}},"loc":{"start":{"line":7,"column":45},"end":{"line":10,"column":1}},"line":7}},"branchMap":{},"s":{"0":4,"1":2,"2":2,"3":4,"4":4},"f":{"0":2},"b":{},"meta":{"lastBranch":0,"lastFunction":1,"lastStatement":5,"seen":{"s:7:6:10:Infinity":0,"f:7:33:7:45":0,"s:8:17:8:Infinity":1,"s:9:2:9:Infinity":2,"s:13:2:29:Infinity":3,"s:32:51:64:Infinity":4}}},"D:\\Study\\4_course\\VKR\\client\\src\\features\\admin-hub\\AdminHubLayout.tsx":{"path":"D:\\Study\\4_course\\VKR\\client\\src\\features\\admin-hub\\AdminHubLayout.tsx","statementMap":{"0":{"start":{"line":4,"column":36},"end":{"line":25,"column":null}},"1":{"start":{"line":28,"column":2},"end":{"line":28,"column":null}}},"fnMap":{"0":{"name":"AdminHubLayout","decl":{"start":{"line":27,"column":16},"end":{"line":27,"column":33}},"loc":{"start":{"line":27,"column":33},"end":{"line":29,"column":null}},"line":27}},"branchMap":{},"s":{"0":4,"1":8},"f":{"0":8},"b":{},"meta":{"lastBranch":0,"lastFunction":1,"lastStatement":2,"seen":{"s:4:36:25:Infinity":0,"f:27:16:27:33":0,"s:28:2:28:Infinity":1}}},"D:\\Study\\4_course\\VKR\\client\\src\\app\\routes.tsx":{"path":"D:\\Study\\4_course\\VKR\\client\\src\\app\\routes.tsx","statementMap":{"0":{"start":{"line":16,"column":13},"end":{"line":46,"column":null}}},"fnMap":{},"branchMap":{},"s":{"0":1},"f":{},"b":{},"meta":{"lastBranch":0,"lastFunction":0,"lastStatement":1,"seen":{"s:16:13:46:Infinity":0}}},"D:\\Study\\4_course\\VKR\\client\\src\\app\\adminHubRoutes.tsx":{"path":"D:\\Study\\4_course\\VKR\\client\\src\\app\\adminHubRoutes.tsx","statementMap":{"0":{"start":{"line":9,"column":6},"end":{"line":12,"column":null}},"1":{"start":{"line":10,"column":17},"end":{"line":10,"column":null}},"2":{"start":{"line":11,"column":2},"end":{"line":11,"column":null}},"3":{"start":{"line":15,"column":2},"end":{"line":31,"column":null}},"4":{"start":{"line":34,"column":52},"end":{"line":74,"column":null}}},"fnMap":{"0":{"name":"(anonymous_0)","decl":{"start":{"line":9,"column":36},"end":{"line":9,"column":48}},"loc":{"start":{"line":9,"column":48},"end":{"line":12,"column":1}},"line":9}},"branchMap":{},"s":{"0":4,"1":2,"2":2,"3":4,"4":4},"f":{"0":2},"b":{},"meta":{"lastBranch":0,"lastFunction":1,"lastStatement":5,"seen":{"s:9:6:12:Infinity":0,"f:9:36:9:48":0,"s:10:17:10:Infinity":1,"s:11:2:11:Infinity":2,"s:15:2:31:Infinity":3,"s:34:52:74:Infinity":4}}},"D:\\Study\\4_course\\VKR\\client\\src\\features\\admin-hub\\pages\\OverviewPage.tsx":{"path":"D:\\Study\\4_course\\VKR\\client\\src\\features\\admin-hub\\pages\\OverviewPage.tsx","statementMap":{"0":{"start":{"line":17,"column":2},"end":{"line":24,"column":null}},"1":{"start":{"line":28,"column":2},"end":{"line":33,"column":null}},"2":{"start":{"line":30,"column":40},"end":{"line":30,"column":53}},"3":{"start":{"line":31,"column":42},"end":{"line":31,"column":74}},"4":{"start":{"line":32,"column":41},"end":{"line":32,"column":72}},"5":{"start":{"line":37,"column":24},"end":{"line":37,"column":null}},"6":{"start":{"line":38,"column":32},"end":{"line":38,"column":null}},"7":{"start":{"line":39,"column":24},"end":{"line":39,"column":null}},"8":{"start":{"line":41,"column":2},"end":{"line":81,"column":null}},"9":{"start":{"line":42,"column":18},"end":{"line":42,"column":null}},"10":{"start":{"line":45,"column":6},"end":{"line":45,"column":null}},"11":{"start":{"line":46,"column":6},"end":{"line":46,"column":null}},"12":{"start":{"line":48,"column":6},"end":{"line":73,"column":null}},"13":{"start":{"line":49,"column":47},"end":{"line":53,"column":null}},"14":{"start":{"line":55,"column":8},"end":{"line":57,"column":null}},"15":{"start":{"line":56,"column":10},"end":{"line":56,"column":null}},"16":{"start":{"line":59,"column":26},"end":{"line":59,"column":null}},"17":{"start":{"line":60,"column":8},"end":{"line":64,"column":null}},"18":{"start":{"line":66,"column":8},"end":{"line":68,"column":null}},"19":{"start":{"line":67,"column":10},"end":{"line":67,"column":null}},"20":{"start":{"line":70,"column":8},"end":{"line":72,"column":null}},"21":{"start":{"line":71,"column":10},"end":{"line":71,"column":null}},"22":{"start":{"line":76,"column":4},"end":{"line":76,"column":null}},"23":{"start":{"line":78,"column":4},"end":{"line":80,"column":null}},"24":{"start":{"line":79,"column":6},"end":{"line":79,"column":null}},"25":{"start":{"line":83,"column":2},"end":{"line":161,"column":null}}},"fnMap":{"0":{"name":"emptyStats","decl":{"start":{"line":16,"column":9},"end":{"line":16,"column":37}},"loc":{"start":{"line":16,"column":37},"end":{"line":25,"column":null}},"line":16},"1":{"name":"deriveUserStats","decl":{"start":{"line":27,"column":9},"end":{"line":27,"column":25}},"loc":{"start":{"line":27,"column":43},"end":{"line":34,"column":null}},"line":27},"2":{"name":"(anonymous_2)","decl":{"start":{"line":30,"column":30},"end":{"line":30,"column":31}},"loc":{"start":{"line":30,"column":40},"end":{"line":30,"column":53}},"line":30},"3":{"name":"(anonymous_3)","decl":{"start":{"line":31,"column":32},"end":{"line":31,"column":33}},"loc":{"start":{"line":31,"column":42},"end":{"line":31,"column":74}},"line":31},"4":{"name":"(anonymous_4)","decl":{"start":{"line":32,"column":31},"end":{"line":32,"column":32}},"loc":{"start":{"line":32,"column":41},"end":{"line":32,"column":72}},"line":32},"5":{"name":"OverviewPage","decl":{"start":{"line":36,"column":16},"end":{"line":36,"column":31}},"loc":{"start":{"line":36,"column":31},"end":{"line":163,"column":null}},"line":36},"6":{"name":"(anonymous_6)","decl":{"start":{"line":41,"column":12},"end":{"line":41,"column":18}},"loc":{"start":{"line":41,"column":18},"end":{"line":81,"column":5}},"line":41},"7":{"name":"loadOverview","decl":{"start":{"line":44,"column":19},"end":{"line":44,"column":34}},"loc":{"start":{"line":44,"column":34},"end":{"line":74,"column":null}},"line":44},"8":{"name":"(anonymous_8)","decl":{"start":{"line":78,"column":11},"end":{"line":78,"column":17}},"loc":{"start":{"line":78,"column":17},"end":{"line":80,"column":null}},"line":78}},"branchMap":{"0":{"loc":{"start":{"line":55,"column":8},"end":{"line":57,"column":null}},"type":"if","locations":[{"start":{"line":55,"column":8},"end":{"line":57,"column":null}},{"start":{},"end":{}}],"line":55},"1":{"loc":{"start":{"line":66,"column":8},"end":{"line":68,"column":null}},"type":"if","locations":[{"start":{"line":66,"column":8},"end":{"line":68,"column":null}},{"start":{},"end":{}}],"line":66},"2":{"loc":{"start":{"line":70,"column":8},"end":{"line":72,"column":null}},"type":"if","locations":[{"start":{"line":70,"column":8},"end":{"line":72,"column":null}},{"start":{},"end":{}}],"line":70},"3":{"loc":{"start":{"line":92,"column":7},"end":{"line":95,"column":null}},"type":"binary-expr","locations":[{"start":{"line":92,"column":7},"end":{"line":92,"column":null}},{"start":{"line":93,"column":8},"end":{"line":95,"column":null}}],"line":92},"4":{"loc":{"start":{"line":101,"column":65},"end":{"line":101,"column":100}},"type":"cond-expr","locations":[{"start":{"line":101,"column":77},"end":{"line":101,"column":83}},{"start":{"line":101,"column":83},"end":{"line":101,"column":100}}],"line":101},"5":{"loc":{"start":{"line":106,"column":65},"end":{"line":106,"column":106}},"type":"cond-expr","locations":[{"start":{"line":106,"column":77},"end":{"line":106,"column":83}},{"start":{"line":106,"column":83},"end":{"line":106,"column":106}}],"line":106},"6":{"loc":{"start":{"line":111,"column":65},"end":{"line":111,"column":103}},"type":"cond-expr","locations":[{"start":{"line":111,"column":77},"end":{"line":111,"column":83}},{"start":{"line":111,"column":83},"end":{"line":111,"column":103}}],"line":111},"7":{"loc":{"start":{"line":116,"column":65},"end":{"line":116,"column":103}},"type":"cond-expr","locations":[{"start":{"line":116,"column":77},"end":{"line":116,"column":83}},{"start":{"line":116,"column":83},"end":{"line":116,"column":103}}],"line":116},"8":{"loc":{"start":{"line":121,"column":65},"end":{"line":121,"column":102}},"type":"cond-expr","locations":[{"start":{"line":121,"column":77},"end":{"line":121,"column":83}},{"start":{"line":121,"column":83},"end":{"line":121,"column":102}}],"line":121},"9":{"loc":{"start":{"line":126,"column":65},"end":{"line":126,"column":101}},"type":"cond-expr","locations":[{"start":{"line":126,"column":77},"end":{"line":126,"column":83}},{"start":{"line":126,"column":83},"end":{"line":126,"column":101}}],"line":126}},"s":{"0":0,"1":0,"2":0,"3":0,"4":0,"5":0,"6":0,"7":0,"8":0,"9":0,"10":0,"11":0,"12":0,"13":0,"14":0,"15":0,"16":0,"17":0,"18":0,"19":0,"20":0,"21":0,"22":0,"23":0,"24":0,"25":0},"f":{"0":0,"1":0,"2":0,"3":0,"4":0,"5":0,"6":0,"7":0,"8":0},"b":{"0":[0,0],"1":[0,0],"2":[0,0],"3":[0,0],"4":[0,0],"5":[0,0],"6":[0,0],"7":[0,0],"8":[0,0],"9":[0,0]},"meta":{"lastBranch":10,"lastFunction":9,"lastStatement":26,"seen":{"f:16:9:16:37":0,"s:17:2:24:Infinity":0,"f:27:9:27:25":1,"s:28:2:33:Infinity":1,"f:30:30:30:31":2,"s:30:40:30:53":2,"f:31:32:31:33":3,"s:31:42:31:74":3,"f:32:31:32:32":4,"s:32:41:32:72":4,"f:36:16:36:31":5,"s:37:24:37:Infinity":5,"s:38:32:38:Infinity":6,"s:39:24:39:Infinity":7,"s:41:2:81:Infinity":8,"f:41:12:41:18":6,"s:42:18:42:Infinity":9,"f:44:19:44:34":7,"s:45:6:45:Infinity":10,"s:46:6:46:Infinity":11,"s:48:6:73:Infinity":12,"s:49:47:53:Infinity":13,"b:55:8:57:Infinity:undefined:undefined:undefined:undefined":0,"s:55:8:57:Infinity":14,"s:56:10:56:Infinity":15,"s:59:26:59:Infinity":16,"s:60:8:64:Infinity":17,"b:66:8:68:Infinity:undefined:undefined:undefined:undefined":1,"s:66:8:68:Infinity":18,"s:67:10:67:Infinity":19,"b:70:8:72:Infinity:undefined:undefined:undefined:undefined":2,"s:70:8:72:Infinity":20,"s:71:10:71:Infinity":21,"s:76:4:76:Infinity":22,"s:78:4:80:Infinity":23,"f:78:11:78:17":8,"s:79:6:79:Infinity":24,"s:83:2:161:Infinity":25,"b:92:7:92:Infinity:93:8:95:Infinity":3,"b:101:77:101:83:101:83:101:100":4,"b:106:77:106:83:106:83:106:106":5,"b:111:77:111:83:111:83:111:103":6,"b:116:77:116:83:116:83:116:103":7,"b:121:77:121:83:121:83:121:102":8,"b:126:77:126:83:126:83:126:101":9}}},"D:\\Study\\4_course\\VKR\\client\\src\\features\\admin-hub\\pages\\ReducedConstructorPage.tsx":{"path":"D:\\Study\\4_course\\VKR\\client\\src\\features\\admin-hub\\pages\\ReducedConstructorPage.tsx","statementMap":{"0":{"start":{"line":22,"column":13},"end":{"line":22,"column":null}},"1":{"start":{"line":23,"column":8},"end":{"line":23,"column":null}},"2":{"start":{"line":24,"column":24},"end":{"line":24,"column":null}},"3":{"start":{"line":25,"column":28},"end":{"line":25,"column":null}},"4":{"start":{"line":26,"column":34},"end":{"line":26,"column":null}},"5":{"start":{"line":27,"column":24},"end":{"line":27,"column":null}},"6":{"start":{"line":28,"column":58},"end":{"line":28,"column":null}},"7":{"start":{"line":30,"column":8},"end":{"line":34,"column":null}},"8":{"start":{"line":35,"column":8},"end":{"line":35,"column":null}},"9":{"start":{"line":36,"column":2},"end":{"line":36,"column":null}},"10":{"start":{"line":38,"column":8},"end":{"line":95,"column":null}},"11":{"start":{"line":39,"column":4},"end":{"line":43,"column":null}},"12":{"start":{"line":40,"column":6},"end":{"line":40,"column":null}},"13":{"start":{"line":41,"column":6},"end":{"line":41,"column":null}},"14":{"start":{"line":42,"column":6},"end":{"line":42,"column":null}},"15":{"start":{"line":45,"column":4},"end":{"line":45,"column":null}},"16":{"start":{"line":46,"column":4},"end":{"line":46,"column":null}},"17":{"start":{"line":47,"column":4},"end":{"line":47,"column":null}},"18":{"start":{"line":48,"column":4},"end":{"line":48,"column":null}},"19":{"start":{"line":49,"column":4},"end":{"line":49,"column":null}},"20":{"start":{"line":51,"column":4},"end":{"line":94,"column":null}},"21":{"start":{"line":52,"column":28},"end":{"line":52,"column":null}},"22":{"start":{"line":53,"column":29},"end":{"line":53,"column":null}},"23":{"start":{"line":55,"column":6},"end":{"line":70,"column":null}},"24":{"start":{"line":56,"column":8},"end":{"line":56,"column":null}},"25":{"start":{"line":58,"column":8},"end":{"line":60,"column":null}},"26":{"start":{"line":59,"column":10},"end":{"line":59,"column":null}},"27":{"start":{"line":62,"column":8},"end":{"line":65,"column":null}},"28":{"start":{"line":66,"column":8},"end":{"line":66,"column":null}},"29":{"start":{"line":67,"column":8},"end":{"line":67,"column":null}},"30":{"start":{"line":68,"column":8},"end":{"line":68,"column":null}},"31":{"start":{"line":69,"column":8},"end":{"line":69,"column":null}},"32":{"start":{"line":72,"column":6},"end":{"line":75,"column":null}},"33":{"start":{"line":76,"column":6},"end":{"line":76,"column":null}},"34":{"start":{"line":77,"column":6},"end":{"line":77,"column":null}},"35":{"start":{"line":79,"column":6},"end":{"line":79,"column":null}},"36":{"start":{"line":80,"column":6},"end":{"line":80,"column":null}},"37":{"start":{"line":81,"column":6},"end":{"line":81,"column":null}},"38":{"start":{"line":82,"column":6},"end":{"line":82,"column":null}},"39":{"start":{"line":84,"column":6},"end":{"line":87,"column":null}},"40":{"start":{"line":85,"column":8},"end":{"line":85,"column":null}},"41":{"start":{"line":86,"column":8},"end":{"line":86,"column":null}},"42":{"start":{"line":89,"column":6},"end":{"line":93,"column":null}},"43":{"start":{"line":97,"column":2},"end":{"line":99,"column":null}},"44":{"start":{"line":98,"column":4},"end":{"line":98,"column":null}},"45":{"start":{"line":101,"column":8},"end":{"line":111,"column":null}},"46":{"start":{"line":102,"column":4},"end":{"line":104,"column":null}},"47":{"start":{"line":103,"column":6},"end":{"line":103,"column":null}},"48":{"start":{"line":106,"column":4},"end":{"line":106,"column":null}},"49":{"start":{"line":107,"column":4},"end":{"line":107,"column":null}},"50":{"start":{"line":108,"column":4},"end":{"line":110,"column":null}},"51":{"start":{"line":109,"column":6},"end":{"line":109,"column":null}},"52":{"start":{"line":113,"column":2},"end":{"line":195,"column":null}},"53":{"start":{"line":137,"column":16},"end":{"line":137,"column":null}},"54":{"start":{"line":138,"column":16},"end":{"line":138,"column":null}},"55":{"start":{"line":139,"column":16},"end":{"line":139,"column":null}},"56":{"start":{"line":149,"column":14},"end":{"line":149,"column":null}},"57":{"start":{"line":166,"column":40},"end":{"line":166,"column":null}},"58":{"start":{"line":169,"column":14},"end":{"line":169,"column":null}},"59":{"start":{"line":170,"column":14},"end":{"line":170,"column":null}},"60":{"start":{"line":171,"column":14},"end":{"line":171,"column":null}}},"fnMap":{"0":{"name":"ReducedConstructorPage","decl":{"start":{"line":21,"column":16},"end":{"line":21,"column":41}},"loc":{"start":{"line":21,"column":41},"end":{"line":197,"column":null}},"line":21},"1":{"name":"(anonymous_1)","decl":{"start":{"line":38,"column":34},"end":{"line":38,"column":46}},"loc":{"start":{"line":38,"column":46},"end":{"line":95,"column":5}},"line":38},"2":{"name":"(anonymous_2)","decl":{"start":{"line":97,"column":12},"end":{"line":97,"column":18}},"loc":{"start":{"line":97,"column":18},"end":{"line":99,"column":5}},"line":97},"3":{"name":"(anonymous_3)","decl":{"start":{"line":101,"column":45},"end":{"line":101,"column":51}},"loc":{"start":{"line":101,"column":51},"end":{"line":111,"column":5}},"line":101},"4":{"name":"(anonymous_4)","decl":{"start":{"line":108,"column":32},"end":{"line":108,"column":38}},"loc":{"start":{"line":108,"column":38},"end":{"line":110,"column":5}},"line":108},"5":{"name":"(anonymous_5)","decl":{"start":{"line":136,"column":23},"end":{"line":136,"column":29}},"loc":{"start":{"line":136,"column":29},"end":{"line":140,"column":null}},"line":136},"6":{"name":"(anonymous_6)","decl":{"start":{"line":148,"column":21},"end":{"line":148,"column":27}},"loc":{"start":{"line":148,"column":27},"end":{"line":150,"column":null}},"line":148},"7":{"name":"(anonymous_7)","decl":{"start":{"line":166,"column":34},"end":{"line":166,"column":40}},"loc":{"start":{"line":166,"column":40},"end":{"line":166,"column":null}},"line":166},"8":{"name":"(anonymous_8)","decl":{"start":{"line":168,"column":26},"end":{"line":168,"column":27}},"loc":{"start":{"line":168,"column":44},"end":{"line":172,"column":null}},"line":168}},"branchMap":{"0":{"loc":{"start":{"line":39,"column":4},"end":{"line":43,"column":null}},"type":"if","locations":[{"start":{"line":39,"column":4},"end":{"line":43,"column":null}},{"start":{},"end":{}}],"line":39},"1":{"loc":{"start":{"line":58,"column":8},"end":{"line":60,"column":null}},"type":"if","locations":[{"start":{"line":58,"column":8},"end":{"line":60,"column":null}},{"start":{},"end":{}}],"line":58},"2":{"loc":{"start":{"line":84,"column":6},"end":{"line":87,"column":null}},"type":"if","locations":[{"start":{"line":84,"column":6},"end":{"line":87,"column":null}},{"start":{},"end":{}}],"line":84},"3":{"loc":{"start":{"line":90,"column":8},"end":{"line":92,"column":null}},"type":"cond-expr","locations":[{"start":{"line":91,"column":12},"end":{"line":91,"column":null}},{"start":{"line":92,"column":12},"end":{"line":92,"column":null}}],"line":90},"4":{"loc":{"start":{"line":102,"column":4},"end":{"line":104,"column":null}},"type":"if","locations":[{"start":{"line":102,"column":4},"end":{"line":104,"column":null}},{"start":{},"end":{}}],"line":102},"5":{"loc":{"start":{"line":120,"column":7},"end":{"line":123,"column":null}},"type":"binary-expr","locations":[{"start":{"line":120,"column":7},"end":{"line":120,"column":null}},{"start":{"line":121,"column":8},"end":{"line":123,"column":null}}],"line":120},"6":{"loc":{"start":{"line":126,"column":7},"end":{"line":154,"column":null}},"type":"binary-expr","locations":[{"start":{"line":126,"column":7},"end":{"line":126,"column":null}},{"start":{"line":127,"column":8},"end":{"line":154,"column":null}}],"line":126},"7":{"loc":{"start":{"line":131,"column":11},"end":{"line":131,"column":null}},"type":"binary-expr","locations":[{"start":{"line":131,"column":11},"end":{"line":131,"column":20}},{"start":{"line":131,"column":20},"end":{"line":131,"column":null}}],"line":131},"8":{"loc":{"start":{"line":132,"column":11},"end":{"line":143,"column":null}},"type":"binary-expr","locations":[{"start":{"line":132,"column":11},"end":{"line":132,"column":37}},{"start":{"line":132,"column":37},"end":{"line":132,"column":null}},{"start":{"line":133,"column":12},"end":{"line":143,"column":null}}],"line":132},"9":{"loc":{"start":{"line":157,"column":7},"end":{"line":174,"column":null}},"type":"binary-expr","locations":[{"start":{"line":157,"column":7},"end":{"line":157,"column":28}},{"start":{"line":157,"column":28},"end":{"line":157,"column":null}},{"start":{"line":158,"column":8},"end":{"line":174,"column":null}}],"line":157}},"s":{"0":20,"1":20,"2":20,"3":20,"4":20,"5":20,"6":20,"7":20,"8":20,"9":20,"10":20,"11":5,"12":0,"13":0,"14":0,"15":5,"16":5,"17":5,"18":5,"19":5,"20":5,"21":5,"22":5,"23":5,"24":5,"25":1,"26":0,"27":1,"28":1,"29":1,"30":1,"31":1,"32":4,"33":4,"34":4,"35":0,"36":0,"37":0,"38":0,"39":0,"40":0,"41":0,"42":0,"43":20,"44":4,"45":20,"46":1,"47":0,"48":1,"49":1,"50":1,"51":1,"52":20,"53":1,"54":1,"55":1,"56":1,"57":2,"58":1,"59":1,"60":1},"f":{"0":20,"1":5,"2":4,"3":1,"4":1,"5":1,"6":1,"7":2,"8":1},"b":{"0":[0,5],"1":[0,1],"2":[0,0],"3":[0,0],"4":[0,1],"5":[20,7],"6":[20,3],"7":[3,3],"8":[3,2,2],"9":[20,10,10]},"meta":{"lastBranch":10,"lastFunction":9,"lastStatement":61,"seen":{"f:21:16:21:41":0,"s:22:13:22:Infinity":0,"s:23:8:23:Infinity":1,"s:24:24:24:Infinity":2,"s:25:28:25:Infinity":3,"s:26:34:26:Infinity":4,"s:27:24:27:Infinity":5,"s:28:58:28:Infinity":6,"s:30:8:34:Infinity":7,"s:35:8:35:Infinity":8,"s:36:2:36:Infinity":9,"s:38:8:95:Infinity":10,"f:38:34:38:46":1,"b:39:4:43:Infinity:undefined:undefined:undefined:undefined":0,"s:39:4:43:Infinity":11,"s:40:6:40:Infinity":12,"s:41:6:41:Infinity":13,"s:42:6:42:Infinity":14,"s:45:4:45:Infinity":15,"s:46:4:46:Infinity":16,"s:47:4:47:Infinity":17,"s:48:4:48:Infinity":18,"s:49:4:49:Infinity":19,"s:51:4:94:Infinity":20,"s:52:28:52:Infinity":21,"s:53:29:53:Infinity":22,"s:55:6:70:Infinity":23,"s:56:8:56:Infinity":24,"b:58:8:60:Infinity:undefined:undefined:undefined:undefined":1,"s:58:8:60:Infinity":25,"s:59:10:59:Infinity":26,"s:62:8:65:Infinity":27,"s:66:8:66:Infinity":28,"s:67:8:67:Infinity":29,"s:68:8:68:Infinity":30,"s:69:8:69:Infinity":31,"s:72:6:75:Infinity":32,"s:76:6:76:Infinity":33,"s:77:6:77:Infinity":34,"s:79:6:79:Infinity":35,"s:80:6:80:Infinity":36,"s:81:6:81:Infinity":37,"s:82:6:82:Infinity":38,"b:84:6:87:Infinity:undefined:undefined:undefined:undefined":2,"s:84:6:87:Infinity":39,"s:85:8:85:Infinity":40,"s:86:8:86:Infinity":41,"s:89:6:93:Infinity":42,"b:91:12:91:Infinity:92:12:92:Infinity":3,"s:97:2:99:Infinity":43,"f:97:12:97:18":2,"s:98:4:98:Infinity":44,"s:101:8:111:Infinity":45,"f:101:45:101:51":3,"b:102:4:104:Infinity:undefined:undefined:undefined:undefined":4,"s:102:4:104:Infinity":46,"s:103:6:103:Infinity":47,"s:106:4:106:Infinity":48,"s:107:4:107:Infinity":49,"s:108:4:110:Infinity":50,"f:108:32:108:38":4,"s:109:6:109:Infinity":51,"s:113:2:195:Infinity":52,"b:120:7:120:Infinity:121:8:123:Infinity":5,"b:126:7:126:Infinity:127:8:154:Infinity":6,"b:131:11:131:20:131:20:131:Infinity":7,"b:132:11:132:37:132:37:132:Infinity:133:12:143:Infinity":8,"f:136:23:136:29":5,"s:137:16:137:Infinity":53,"s:138:16:138:Infinity":54,"s:139:16:139:Infinity":55,"f:148:21:148:27":6,"s:149:14:149:Infinity":56,"b:157:7:157:28:157:28:157:Infinity:158:8:174:Infinity":9,"f:166:34:166:40":7,"s:166:40:166:Infinity":57,"f:168:26:168:27":8,"s:169:14:169:Infinity":58,"s:170:14:170:Infinity":59,"s:171:14:171:Infinity":60}}},"D:\\Study\\4_course\\VKR\\client\\src\\features\\auth\\hooks\\useLogin.ts":{"path":"D:\\Study\\4_course\\VKR\\client\\src\\features\\auth\\hooks\\useLogin.ts","statementMap":{"0":{"start":{"line":34,"column":31},"end":{"line":34,"column":null}},"1":{"start":{"line":37,"column":30},"end":{"line":37,"column":null}},"2":{"start":{"line":38,"column":4},"end":{"line":38,"column":null}},"3":{"start":{"line":44,"column":30},"end":{"line":44,"column":null}},"4":{"start":{"line":45,"column":26},"end":{"line":45,"column":null}},"5":{"start":{"line":47,"column":23},"end":{"line":47,"column":null}},"6":{"start":{"line":48,"column":10},"end":{"line":48,"column":null}},"7":{"start":{"line":51,"column":8},"end":{"line":51,"column":null}},"8":{"start":{"line":52,"column":8},"end":{"line":52,"column":null}},"9":{"start":{"line":54,"column":8},"end":{"line":91,"column":null}},"10":{"start":{"line":55,"column":25},"end":{"line":59,"column":null}},"11":{"start":{"line":61,"column":37},"end":{"line":67,"column":null}},"12":{"start":{"line":69,"column":12},"end":{"line":69,"column":null}},"13":{"start":{"line":72,"column":12},"end":{"line":72,"column":null}},"14":{"start":{"line":74,"column":12},"end":{"line":88,"column":null}},"15":{"start":{"line":75,"column":16},"end":{"line":85,"column":null}},"16":{"start":{"line":76,"column":20},"end":{"line":80,"column":null}},"17":{"start":{"line":81,"column":16},"end":{"line":85,"column":null}},"18":{"start":{"line":82,"column":20},"end":{"line":82,"column":null}},"19":{"start":{"line":84,"column":20},"end":{"line":84,"column":null}},"20":{"start":{"line":87,"column":16},"end":{"line":87,"column":null}},"21":{"start":{"line":90,"column":12},"end":{"line":90,"column":null}},"22":{"start":{"line":94,"column":4},"end":{"line":94,"column":null}}},"fnMap":{"0":{"name":"isBannedAccountError","decl":{"start":{"line":36,"column":9},"end":{"line":36,"column":30}},"loc":{"start":{"line":36,"column":56},"end":{"line":39,"column":null}},"line":36},"1":{"name":"useLogin","decl":{"start":{"line":43,"column":16},"end":{"line":43,"column":43}},"loc":{"start":{"line":43,"column":43},"end":{"line":95,"column":null}},"line":43},"2":{"name":"login","decl":{"start":{"line":50,"column":19},"end":{"line":50,"column":25}},"loc":{"start":{"line":50,"column":79},"end":{"line":92,"column":null}},"line":50}},"branchMap":{"0":{"loc":{"start":{"line":38,"column":11},"end":{"line":38,"column":null}},"type":"binary-expr","locations":[{"start":{"line":38,"column":11},"end":{"line":38,"column":52}},{"start":{"line":38,"column":52},"end":{"line":38,"column":null}}],"line":38},"1":{"loc":{"start":{"line":72,"column":21},"end":{"line":72,"column":67}},"type":"cond-expr","locations":[{"start":{"line":72,"column":48},"end":{"line":72,"column":59}},{"start":{"line":72,"column":59},"end":{"line":72,"column":67}}],"line":72},"2":{"loc":{"start":{"line":74,"column":12},"end":{"line":88,"column":null}},"type":"if","locations":[{"start":{"line":74,"column":12},"end":{"line":88,"column":null}},{"start":{"line":86,"column":19},"end":{"line":88,"column":null}}],"line":74},"3":{"loc":{"start":{"line":75,"column":16},"end":{"line":85,"column":null}},"type":"if","locations":[{"start":{"line":75,"column":16},"end":{"line":85,"column":null}},{"start":{"line":81,"column":16},"end":{"line":85,"column":null}}],"line":75},"4":{"loc":{"start":{"line":75,"column":20},"end":{"line":75,"column":62}},"type":"binary-expr","locations":[{"start":{"line":75,"column":20},"end":{"line":75,"column":42}},{"start":{"line":75,"column":42},"end":{"line":75,"column":62}}],"line":75},"5":{"loc":{"start":{"line":77,"column":24},"end":{"line":79,"column":null}},"type":"cond-expr","locations":[{"start":{"line":78,"column":30},"end":{"line":78,"column":null}},{"start":{"line":79,"column":30},"end":{"line":79,"column":null}}],"line":77},"6":{"loc":{"start":{"line":81,"column":16},"end":{"line":85,"column":null}},"type":"if","locations":[{"start":{"line":81,"column":16},"end":{"line":85,"column":null}},{"start":{"line":83,"column":23},"end":{"line":85,"column":null}}],"line":81}},"s":{"0":2,"1":1,"2":1,"3":2,"4":2,"5":2,"6":2,"7":1,"8":1,"9":1,"10":1,"11":0,"12":0,"13":0,"14":1,"15":1,"16":1,"17":0,"18":0,"19":0,"20":0,"21":1,"22":2},"f":{"0":1,"1":2,"2":1},"b":{"0":[1,0],"1":[0,0],"2":[1,0],"3":[1,0],"4":[1,0],"5":[1,0],"6":[0,0]},"meta":{"lastBranch":7,"lastFunction":3,"lastStatement":23,"seen":{"s:34:31:34:Infinity":0,"f:36:9:36:30":0,"s:37:30:37:Infinity":1,"s:38:4:38:Infinity":2,"b:38:11:38:52:38:52:38:Infinity":0,"f:43:16:43:43":1,"s:44:30:44:Infinity":3,"s:45:26:45:Infinity":4,"s:47:23:47:Infinity":5,"s:48:10:48:Infinity":6,"f:50:19:50:25":2,"s:51:8:51:Infinity":7,"s:52:8:52:Infinity":8,"s:54:8:91:Infinity":9,"s:55:25:59:Infinity":10,"s:61:37:67:Infinity":11,"s:69:12:69:Infinity":12,"s:72:12:72:Infinity":13,"b:72:48:72:59:72:59:72:67":1,"b:74:12:88:Infinity:86:19:88:Infinity":2,"s:74:12:88:Infinity":14,"b:75:16:85:Infinity:81:16:85:Infinity":3,"s:75:16:85:Infinity":15,"b:75:20:75:42:75:42:75:62":4,"s:76:20:80:Infinity":16,"b:78:30:78:Infinity:79:30:79:Infinity":5,"b:81:16:85:Infinity:83:23:85:Infinity":6,"s:81:16:85:Infinity":17,"s:82:20:82:Infinity":18,"s:84:20:84:Infinity":19,"s:87:16:87:Infinity":20,"s:90:12:90:Infinity":21,"s:94:4:94:Infinity":22}}},"D:\\Study\\4_course\\VKR\\client\\src\\features\\admin-hub\\pages\\DiagramGalleryPage.tsx":{"path":"D:\\Study\\4_course\\VKR\\client\\src\\features\\admin-hub\\pages\\DiagramGalleryPage.tsx","statementMap":{"0":{"start":{"line":11,"column":27},"end":{"line":11,"column":null}},"1":{"start":{"line":18,"column":2},"end":{"line":20,"column":null}},"2":{"start":{"line":19,"column":4},"end":{"line":19,"column":null}},"3":{"start":{"line":22,"column":2},"end":{"line":22,"column":null}},"4":{"start":{"line":26,"column":2},"end":{"line":26,"column":null}},"5":{"start":{"line":30,"column":2},"end":{"line":32,"column":null}},"6":{"start":{"line":31,"column":4},"end":{"line":31,"column":null}},"7":{"start":{"line":34,"column":23},"end":{"line":34,"column":null}},"8":{"start":{"line":35,"column":2},"end":{"line":37,"column":null}},"9":{"start":{"line":36,"column":4},"end":{"line":36,"column":null}},"10":{"start":{"line":39,"column":2},"end":{"line":39,"column":null}},"11":{"start":{"line":43,"column":30},"end":{"line":43,"column":null}},"12":{"start":{"line":44,"column":24},"end":{"line":44,"column":null}},"13":{"start":{"line":45,"column":32},"end":{"line":45,"column":null}},"14":{"start":{"line":46,"column":24},"end":{"line":46,"column":null}},"15":{"start":{"line":48,"column":34},"end":{"line":48,"column":null}},"16":{"start":{"line":49,"column":48},"end":{"line":49,"column":null}},"17":{"start":{"line":50,"column":42},"end":{"line":50,"column":null}},"18":{"start":{"line":51,"column":36},"end":{"line":51,"column":null}},"19":{"start":{"line":53,"column":8},"end":{"line":56,"column":null}},"20":{"start":{"line":54,"column":10},"end":{"line":54,"column":null}},"21":{"start":{"line":54,"column":33},"end":{"line":54,"column":90}},"22":{"start":{"line":58,"column":8},"end":{"line":61,"column":null}},"23":{"start":{"line":59,"column":10},"end":{"line":59,"column":null}},"24":{"start":{"line":59,"column":41},"end":{"line":59,"column":68}},"25":{"start":{"line":63,"column":8},"end":{"line":76,"column":null}},"26":{"start":{"line":64,"column":4},"end":{"line":64,"column":null}},"27":{"start":{"line":66,"column":4},"end":{"line":75,"column":null}},"28":{"start":{"line":67,"column":42},"end":{"line":70,"column":null}},"29":{"start":{"line":71,"column":6},"end":{"line":71,"column":null}},"30":{"start":{"line":72,"column":6},"end":{"line":72,"column":null}},"31":{"start":{"line":74,"column":6},"end":{"line":74,"column":null}},"32":{"start":{"line":78,"column":2},"end":{"line":94,"column":null}},"33":{"start":{"line":79,"column":18},"end":{"line":79,"column":null}},"34":{"start":{"line":82,"column":6},"end":{"line":82,"column":null}},"35":{"start":{"line":83,"column":6},"end":{"line":83,"column":null}},"36":{"start":{"line":84,"column":6},"end":{"line":86,"column":null}},"37":{"start":{"line":85,"column":8},"end":{"line":85,"column":null}},"38":{"start":{"line":89,"column":4},"end":{"line":89,"column":null}},"39":{"start":{"line":91,"column":4},"end":{"line":93,"column":null}},"40":{"start":{"line":92,"column":6},"end":{"line":92,"column":null}},"41":{"start":{"line":97,"column":4},"end":{"line":97,"column":null}},"42":{"start":{"line":98,"column":4},"end":{"line":98,"column":null}},"43":{"start":{"line":99,"column":4},"end":{"line":99,"column":null}},"44":{"start":{"line":103,"column":4},"end":{"line":103,"column":null}},"45":{"start":{"line":105,"column":4},"end":{"line":107,"column":null}},"46":{"start":{"line":106,"column":6},"end":{"line":106,"column":null}},"47":{"start":{"line":109,"column":23},"end":{"line":109,"column":null}},"48":{"start":{"line":109,"column":54},"end":{"line":109,"column":81}},"49":{"start":{"line":110,"column":4},"end":{"line":113,"column":null}},"50":{"start":{"line":111,"column":6},"end":{"line":111,"column":null}},"51":{"start":{"line":112,"column":6},"end":{"line":112,"column":null}},"52":{"start":{"line":115,"column":4},"end":{"line":120,"column":null}},"53":{"start":{"line":116,"column":6},"end":{"line":118,"column":null}},"54":{"start":{"line":119,"column":6},"end":{"line":119,"column":null}},"55":{"start":{"line":122,"column":4},"end":{"line":122,"column":null}},"56":{"start":{"line":123,"column":4},"end":{"line":123,"column":null}},"57":{"start":{"line":125,"column":4},"end":{"line":141,"column":null}},"58":{"start":{"line":126,"column":6},"end":{"line":126,"column":null}},"59":{"start":{"line":127,"column":6},"end":{"line":127,"column":null}},"60":{"start":{"line":127,"column":28},"end":{"line":127,"column":87}},"61":{"start":{"line":127,"column":53},"end":{"line":127,"column":86}},"62":{"start":{"line":128,"column":6},"end":{"line":128,"column":null}},"63":{"start":{"line":129,"column":6},"end":{"line":129,"column":null}},"64":{"start":{"line":130,"column":6},"end":{"line":130,"column":null}},"65":{"start":{"line":132,"column":6},"end":{"line":138,"column":null}},"66":{"start":{"line":133,"column":8},"end":{"line":135,"column":null}},"67":{"start":{"line":137,"column":8},"end":{"line":137,"column":null}},"68":{"start":{"line":140,"column":6},"end":{"line":140,"column":null}},"69":{"start":{"line":144,"column":2},"end":{"line":265,"column":null}},"70":{"start":{"line":168,"column":12},"end":{"line":194,"column":null}},"71":{"start":{"line":187,"column":35},"end":{"line":187,"column":null}},"72":{"start":{"line":207,"column":66},"end":{"line":207,"column":null}},"73":{"start":{"line":213,"column":39},"end":{"line":213,"column":null}},"74":{"start":{"line":218,"column":41},"end":{"line":218,"column":null}},"75":{"start":{"line":220,"column":22},"end":{"line":224,"column":null}},"76":{"start":{"line":226,"column":20},"end":{"line":229,"column":null}},"77":{"start":{"line":245,"column":20},"end":{"line":245,"column":null}},"78":{"start":{"line":246,"column":20},"end":{"line":246,"column":null}},"79":{"start":{"line":247,"column":20},"end":{"line":247,"column":null}}},"fnMap":{"0":{"name":"normalizeError","decl":{"start":{"line":17,"column":9},"end":{"line":17,"column":24}},"loc":{"start":{"line":17,"column":66},"end":{"line":23,"column":null}},"line":17},"1":{"name":"getDiagramCount","decl":{"start":{"line":25,"column":9},"end":{"line":25,"column":25}},"loc":{"start":{"line":25,"column":62},"end":{"line":27,"column":null}},"line":25},"2":{"name":"canAcceptDiagram","decl":{"start":{"line":29,"column":9},"end":{"line":29,"column":26}},"loc":{"start":{"line":29,"column":57},"end":{"line":40,"column":null}},"line":29},"3":{"name":"DiagramGalleryPage","decl":{"start":{"line":42,"column":16},"end":{"line":42,"column":37}},"loc":{"start":{"line":42,"column":37},"end":{"line":267,"column":null}},"line":42},"4":{"name":"(anonymous_4)","decl":{"start":{"line":54,"column":4},"end":{"line":54,"column":10}},"loc":{"start":{"line":54,"column":10},"end":{"line":54,"column":null}},"line":54},"5":{"name":"(anonymous_5)","decl":{"start":{"line":54,"column":23},"end":{"line":54,"column":24}},"loc":{"start":{"line":54,"column":33},"end":{"line":54,"column":90}},"line":54},"6":{"name":"(anonymous_6)","decl":{"start":{"line":59,"column":4},"end":{"line":59,"column":10}},"loc":{"start":{"line":59,"column":10},"end":{"line":59,"column":null}},"line":59},"7":{"name":"(anonymous_7)","decl":{"start":{"line":59,"column":31},"end":{"line":59,"column":32}},"loc":{"start":{"line":59,"column":41},"end":{"line":59,"column":68}},"line":59},"8":{"name":"(anonymous_8)","decl":{"start":{"line":63,"column":31},"end":{"line":63,"column":43}},"loc":{"start":{"line":63,"column":43},"end":{"line":76,"column":5}},"line":63},"9":{"name":"(anonymous_9)","decl":{"start":{"line":78,"column":12},"end":{"line":78,"column":18}},"loc":{"start":{"line":78,"column":18},"end":{"line":94,"column":5}},"line":78},"10":{"name":"bootstrap","decl":{"start":{"line":81,"column":19},"end":{"line":81,"column":31}},"loc":{"start":{"line":81,"column":31},"end":{"line":87,"column":null}},"line":81},"11":{"name":"(anonymous_11)","decl":{"start":{"line":91,"column":11},"end":{"line":91,"column":17}},"loc":{"start":{"line":91,"column":17},"end":{"line":93,"column":null}},"line":91},"12":{"name":"openAssignModal","decl":{"start":{"line":96,"column":11},"end":{"line":96,"column":27}},"loc":{"start":{"line":96,"column":46},"end":{"line":100,"column":null}},"line":96},"13":{"name":"handleAssignSubmit","decl":{"start":{"line":102,"column":17},"end":{"line":102,"column":36}},"loc":{"start":{"line":102,"column":77},"end":{"line":142,"column":null}},"line":102},"14":{"name":"(anonymous_14)","decl":{"start":{"line":109,"column":44},"end":{"line":109,"column":45}},"loc":{"start":{"line":109,"column":54},"end":{"line":109,"column":81}},"line":109},"15":{"name":"(anonymous_15)","decl":{"start":{"line":127,"column":18},"end":{"line":127,"column":19}},"loc":{"start":{"line":127,"column":28},"end":{"line":127,"column":87}},"line":127},"16":{"name":"(anonymous_16)","decl":{"start":{"line":127,"column":40},"end":{"line":127,"column":41}},"loc":{"start":{"line":127,"column":53},"end":{"line":127,"column":86}},"line":127},"17":{"name":"(anonymous_17)","decl":{"start":{"line":167,"column":24},"end":{"line":167,"column":25}},"loc":{"start":{"line":168,"column":12},"end":{"line":194,"column":null}},"line":168},"18":{"name":"(anonymous_18)","decl":{"start":{"line":187,"column":29},"end":{"line":187,"column":35}},"loc":{"start":{"line":187,"column":35},"end":{"line":187,"column":null}},"line":187},"19":{"name":"(anonymous_19)","decl":{"start":{"line":207,"column":55},"end":{"line":207,"column":56}},"loc":{"start":{"line":207,"column":66},"end":{"line":207,"column":null}},"line":207},"20":{"name":"(anonymous_20)","decl":{"start":{"line":213,"column":28},"end":{"line":213,"column":29}},"loc":{"start":{"line":213,"column":39},"end":{"line":213,"column":null}},"line":213},"21":{"name":"(anonymous_21)","decl":{"start":{"line":217,"column":39},"end":{"line":217,"column":40}},"loc":{"start":{"line":217,"column":49},"end":{"line":231,"column":19}},"line":217},"22":{"name":"(anonymous_22)","decl":{"start":{"line":244,"column":27},"end":{"line":244,"column":33}},"loc":{"start":{"line":244,"column":33},"end":{"line":248,"column":null}},"line":244}},"branchMap":{"0":{"loc":{"start":{"line":18,"column":2},"end":{"line":20,"column":null}},"type":"if","locations":[{"start":{"line":18,"column":2},"end":{"line":20,"column":null}},{"start":{},"end":{}}],"line":18},"1":{"loc":{"start":{"line":18,"column":6},"end":{"line":18,"column":65}},"type":"binary-expr","locations":[{"start":{"line":18,"column":6},"end":{"line":18,"column":32}},{"start":{"line":18,"column":32},"end":{"line":18,"column":65}}],"line":18},"2":{"loc":{"start":{"line":26,"column":9},"end":{"line":26,"column":null}},"type":"cond-expr","locations":[{"start":{"line":26,"column":49},"end":{"line":26,"column":69}},{"start":{"line":26,"column":69},"end":{"line":26,"column":null}}],"line":26},"3":{"loc":{"start":{"line":30,"column":2},"end":{"line":32,"column":null}},"type":"if","locations":[{"start":{"line":30,"column":2},"end":{"line":32,"column":null}},{"start":{},"end":{}}],"line":30},"4":{"loc":{"start":{"line":35,"column":2},"end":{"line":37,"column":null}},"type":"if","locations":[{"start":{"line":35,"column":2},"end":{"line":37,"column":null}},{"start":{},"end":{}}],"line":35},"5":{"loc":{"start":{"line":54,"column":33},"end":{"line":54,"column":90}},"type":"binary-expr","locations":[{"start":{"line":54,"column":33},"end":{"line":54,"column":57}},{"start":{"line":54,"column":57},"end":{"line":54,"column":76}},{"start":{"line":54,"column":76},"end":{"line":54,"column":90}}],"line":54},"6":{"loc":{"start":{"line":59,"column":10},"end":{"line":59,"column":null}},"type":"binary-expr","locations":[{"start":{"line":59,"column":10},"end":{"line":59,"column":73}},{"start":{"line":59,"column":73},"end":{"line":59,"column":null}}],"line":59},"7":{"loc":{"start":{"line":84,"column":6},"end":{"line":86,"column":null}},"type":"if","locations":[{"start":{"line":84,"column":6},"end":{"line":86,"column":null}},{"start":{},"end":{}}],"line":84},"8":{"loc":{"start":{"line":105,"column":4},"end":{"line":107,"column":null}},"type":"if","locations":[{"start":{"line":105,"column":4},"end":{"line":107,"column":null}},{"start":{},"end":{}}],"line":105},"9":{"loc":{"start":{"line":105,"column":8},"end":{"line":105,"column":62}},"type":"binary-expr","locations":[{"start":{"line":105,"column":8},"end":{"line":105,"column":30}},{"start":{"line":105,"column":30},"end":{"line":105,"column":49}},{"start":{"line":105,"column":49},"end":{"line":105,"column":62}}],"line":105},"10":{"loc":{"start":{"line":110,"column":4},"end":{"line":113,"column":null}},"type":"if","locations":[{"start":{"line":110,"column":4},"end":{"line":113,"column":null}},{"start":{},"end":{}}],"line":110},"11":{"loc":{"start":{"line":115,"column":4},"end":{"line":120,"column":null}},"type":"if","locations":[{"start":{"line":115,"column":4},"end":{"line":120,"column":null}},{"start":{},"end":{}}],"line":115},"12":{"loc":{"start":{"line":132,"column":6},"end":{"line":138,"column":null}},"type":"if","locations":[{"start":{"line":132,"column":6},"end":{"line":138,"column":null}},{"start":{"line":136,"column":13},"end":{"line":138,"column":null}}],"line":132},"13":{"loc":{"start":{"line":132,"column":6},"end":{"line":132,"column":65}},"type":"binary-expr","locations":[{"start":{"line":132,"column":6},"end":{"line":132,"column":37}},{"start":{"line":132,"column":37},"end":{"line":132,"column":65}}],"line":132},"14":{"loc":{"start":{"line":153,"column":7},"end":{"line":156,"column":null}},"type":"binary-expr","locations":[{"start":{"line":153,"column":7},"end":{"line":153,"column":null}},{"start":{"line":154,"column":8},"end":{"line":156,"column":null}}],"line":153},"15":{"loc":{"start":{"line":159,"column":7},"end":{"line":196,"column":null}},"type":"cond-expr","locations":[{"start":{"line":160,"column":8},"end":{"line":160,"column":null}},{"start":{"line":161,"column":10},"end":{"line":196,"column":null}}],"line":159},"16":{"loc":{"start":{"line":161,"column":10},"end":{"line":196,"column":null}},"type":"cond-expr","locations":[{"start":{"line":162,"column":8},"end":{"line":164,"column":null}},{"start":{"line":166,"column":8},"end":{"line":196,"column":null}}],"line":161},"17":{"loc":{"start":{"line":199,"column":7},"end":{"line":263,"column":null}},"type":"binary-expr","locations":[{"start":{"line":199,"column":7},"end":{"line":199,"column":null}},{"start":{"line":200,"column":8},"end":{"line":263,"column":null}}],"line":199},"18":{"loc":{"start":{"line":220,"column":22},"end":{"line":224,"column":null}},"type":"cond-expr","locations":[{"start":{"line":221,"column":26},"end":{"line":221,"column":null}},{"start":{"line":222,"column":26},"end":{"line":224,"column":null}}],"line":220},"19":{"loc":{"start":{"line":222,"column":26},"end":{"line":224,"column":null}},"type":"cond-expr","locations":[{"start":{"line":223,"column":28},"end":{"line":223,"column":null}},{"start":{"line":224,"column":28},"end":{"line":224,"column":null}}],"line":222},"20":{"loc":{"start":{"line":235,"column":15},"end":{"line":238,"column":null}},"type":"binary-expr","locations":[{"start":{"line":235,"column":15},"end":{"line":235,"column":31}},{"start":{"line":235,"column":31},"end":{"line":235,"column":null}},{"start":{"line":236,"column":16},"end":{"line":238,"column":null}}],"line":235},"21":{"loc":{"start":{"line":255,"column":28},"end":{"line":255,"column":null}},"type":"binary-expr","locations":[{"start":{"line":255,"column":28},"end":{"line":255,"column":43}},{"start":{"line":255,"column":43},"end":{"line":255,"column":60}},{"start":{"line":255,"column":60},"end":{"line":255,"column":null}}],"line":255},"22":{"loc":{"start":{"line":258,"column":19},"end":{"line":258,"column":null}},"type":"cond-expr","locations":[{"start":{"line":258,"column":33},"end":{"line":258,"column":50}},{"start":{"line":258,"column":50},"end":{"line":258,"column":null}}],"line":258}},"s":{"0":4,"1":0,"2":0,"3":0,"4":14,"5":6,"6":0,"7":6,"8":6,"9":0,"10":6,"11":9,"12":9,"13":9,"14":9,"15":9,"16":9,"17":9,"18":9,"19":9,"20":4,"21":3,"22":9,"23":7,"24":8,"25":9,"26":2,"27":2,"28":2,"29":2,"30":2,"31":0,"32":9,"33":2,"34":2,"35":2,"36":2,"37":2,"38":2,"39":2,"40":2,"41":1,"42":1,"43":1,"44":1,"45":1,"46":0,"47":1,"48":2,"49":1,"50":0,"51":0,"52":1,"53":0,"54":0,"55":1,"56":1,"57":1,"58":1,"59":1,"60":1,"61":1,"62":1,"63":1,"64":1,"65":0,"66":0,"67":0,"68":1,"69":9,"70":6,"71":1,"72":1,"73":2,"74":8,"75":8,"76":8,"77":0,"78":0,"79":0},"f":{"0":0,"1":14,"2":6,"3":9,"4":4,"5":3,"6":7,"7":8,"8":2,"9":2,"10":2,"11":2,"12":1,"13":1,"14":2,"15":1,"16":1,"17":6,"18":1,"19":1,"20":2,"21":8,"22":0},"b":{"0":[0,0],"1":[0,0],"2":[14,0],"3":[0,6],"4":[0,6],"5":[3,3,3],"6":[7,5],"7":[2,0],"8":[0,1],"9":[1,1,1],"10":[0,1],"11":[0,1],"12":[0,0],"13":[0,0],"14":[9,0],"15":[2,7],"16":[1,6],"17":[9,4],"18":[0,8],"19":[0,8],"20":[4,3,1],"21":[4,3,2],"22":[1,3]},"meta":{"lastBranch":23,"lastFunction":23,"lastStatement":80,"seen":{"s:11:27:11:Infinity":0,"f:17:9:17:24":0,"b:18:2:20:Infinity:undefined:undefined:undefined:undefined":0,"s:18:2:20:Infinity":1,"b:18:6:18:32:18:32:18:65":1,"s:19:4:19:Infinity":2,"s:22:2:22:Infinity":3,"f:25:9:25:25":1,"s:26:2:26:Infinity":4,"b:26:49:26:69:26:69:26:Infinity":2,"f:29:9:29:26":2,"b:30:2:32:Infinity:undefined:undefined:undefined:undefined":3,"s:30:2:32:Infinity":5,"s:31:4:31:Infinity":6,"s:34:23:34:Infinity":7,"b:35:2:37:Infinity:undefined:undefined:undefined:undefined":4,"s:35:2:37:Infinity":8,"s:36:4:36:Infinity":9,"s:39:2:39:Infinity":10,"f:42:16:42:37":3,"s:43:30:43:Infinity":11,"s:44:24:44:Infinity":12,"s:45:32:45:Infinity":13,"s:46:24:46:Infinity":14,"s:48:34:48:Infinity":15,"s:49:48:49:Infinity":16,"s:50:42:50:Infinity":17,"s:51:36:51:Infini
[...]
:4,"column":38},"end":{"line":4,"column":null}},"2":{"start":{"line":37,"column":31},"end":{"line":37,"column":null}},"3":{"start":{"line":38,"column":59},"end":{"line":38,"column":null}},"4":{"start":{"line":39,"column":26},"end":{"line":39,"column":null}},"5":{"start":{"line":41,"column":28},"end":{"line":46,"column":null}},"6":{"start":{"line":42,"column":2},"end":{"line":45,"column":null}},"7":{"start":{"line":43,"column":4},"end":{"line":43,"column":null}},"8":{"start":{"line":44,"column":4},"end":{"line":44,"column":null}},"9":{"start":{"line":48,"column":21},"end":{"line":49,"column":null}},"10":{"start":{"line":49,"column":2},"end":{"line":49,"column":null}},"11":{"start":{"line":51,"column":19},"end":{"line":52,"column":null}},"12":{"start":{"line":52,"column":2},"end":{"line":52,"column":null}},"13":{"start":{"line":54,"column":24},"end":{"line":63,"column":null}},"14":{"start":{"line":55,"column":22},"end":{"line":55,"column":null}},"15":{"start":{"line":57,"column":2},"end":{"line":59,"column":null}},"16":{"start":{"line":58,"column":4},"end":{"line":58,"column":null}},"17":{"start":{"line":61,"column":19},"end":{"line":61,"column":null}},"18":{"start":{"line":62,"column":2},"end":{"line":62,"column":null}},"19":{"start":{"line":65,"column":29},"end":{"line":76,"column":null}},"20":{"start":{"line":66,"column":2},"end":{"line":68,"column":null}},"21":{"start":{"line":67,"column":4},"end":{"line":67,"column":null}},"22":{"start":{"line":70,"column":2},"end":{"line":75,"column":null}},"23":{"start":{"line":78,"column":30},"end":{"line":127,"column":null}},"24":{"start":{"line":82,"column":2},"end":{"line":84,"column":null}},"25":{"start":{"line":83,"column":4},"end":{"line":83,"column":null}},"26":{"start":{"line":88,"column":2},"end":{"line":92,"column":null}},"27":{"start":{"line":89,"column":4},"end":{"line":89,"column":null}},"28":{"start":{"line":91,"column":4},"end":{"line":91,"column":null}},"29":{"start":{"line":94,"column":20},"end":{"line":94,"column":null}},"30":{"start":{"line":95,"column":18},"end":{"line":95,"column":null}},"31":{"start":{"line":97,"column":2},"end":{"line":110,"column":null}},"32":{"start":{"line":103,"column":4},"end":{"line":108,"column":null}},"33":{"start":{"line":109,"column":4},"end":{"line":109,"column":null}},"34":{"start":{"line":112,"column":2},"end":{"line":126,"column":null}},"35":{"start":{"line":119,"column":23},"end":{"line":119,"column":null}},"36":{"start":{"line":120,"column":4},"end":{"line":125,"column":null}},"37":{"start":{"line":129,"column":26},"end":{"line":157,"column":null}},"38":{"start":{"line":132,"column":49},"end":{"line":132,"column":null}},"39":{"start":{"line":134,"column":2},"end":{"line":136,"column":null}},"40":{"start":{"line":135,"column":4},"end":{"line":135,"column":null}},"41":{"start":{"line":138,"column":22},"end":{"line":138,"column":null}},"42":{"start":{"line":139,"column":20},"end":{"line":142,"column":null}},"43":{"start":{"line":144,"column":2},"end":{"line":147,"column":null}},"44":{"start":{"line":149,"column":2},"end":{"line":149,"column":null}},"45":{"start":{"line":150,"column":2},"end":{"line":156,"column":null}},"46":{"start":{"line":151,"column":4},"end":{"line":153,"column":null}},"47":{"start":{"line":152,"column":6},"end":{"line":152,"column":null}},"48":{"start":{"line":155,"column":4},"end":{"line":155,"column":null}},"49":{"start":{"line":159,"column":20},"end":{"line":170,"column":null}},"50":{"start":{"line":160,"column":2},"end":{"line":162,"column":null}},"51":{"start":{"line":161,"column":4},"end":{"line":161,"column":null}},"52":{"start":{"line":164,"column":2},"end":{"line":164,"column":null}},"53":{"start":{"line":165,"column":2},"end":{"line":165,"column":null}},"54":{"start":{"line":166,"column":2},"end":{"line":166,"column":null}},"55":{"start":{"line":167,"column":2},"end":{"line":167,"column":null}},"56":{"start":{"line":168,"column":2},"end":{"line":168,"column":null}},"57":{"start":{"line":169,"column":2},"end":{"line":169,"column":null}},"58":{"start":{"line":172,"column":16},"end":{"line":205,"column":null}},"59":{"start":{"line":173,"column":52},"end":{"line":173,"column":null}},"60":{"start":{"line":175,"column":2},"end":{"line":177,"column":null}},"61":{"start":{"line":176,"column":4},"end":{"line":176,"column":null}},"62":{"start":{"line":179,"column":2},"end":{"line":179,"column":null}},"63":{"start":{"line":181,"column":2},"end":{"line":181,"column":null}},"64":{"start":{"line":183,"column":2},"end":{"line":190,"column":null}},"65":{"start":{"line":184,"column":4},"end":{"line":188,"column":null}},"66":{"start":{"line":189,"column":4},"end":{"line":189,"column":null}},"67":{"start":{"line":192,"column":2},"end":{"line":194,"column":null}},"68":{"start":{"line":193,"column":4},"end":{"line":193,"column":null}},"69":{"start":{"line":196,"column":2},"end":{"line":200,"column":null}},"70":{"start":{"line":197,"column":4},"end":{"line":197,"column":null}},"71":{"start":{"line":198,"column":4},"end":{"line":198,"column":null}},"72":{"start":{"line":199,"column":4},"end":{"line":199,"column":null}},"73":{"start":{"line":202,"column":2},"end":{"line":204,"column":null}},"74":{"start":{"line":207,"column":13},"end":{"line":244,"column":null}},"75":{"start":{"line":207,"column":66},"end":{"line":244,"column":2}},"76":{"start":{"line":217,"column":4},"end":{"line":217,"column":null}},"77":{"start":{"line":218,"column":4},"end":{"line":218,"column":null}},"78":{"start":{"line":220,"column":4},"end":{"line":226,"column":null}},"79":{"start":{"line":228,"column":4},"end":{"line":228,"column":null}},"80":{"start":{"line":232,"column":4},"end":{"line":232,"column":null}},"81":{"start":{"line":233,"column":4},"end":{"line":233,"column":null}},"82":{"start":{"line":234,"column":4},"end":{"line":234,"column":null}},"83":{"start":{"line":236,"column":4},"end":{"line":242,"column":null}}},"fnMap":{"0":{"name":"(anonymous_0)","decl":{"start":{"line":41,"column":28},"end":{"line":41,"column":40}},"loc":{"start":{"line":41,"column":40},"end":{"line":46,"column":null}},"line":41},"1":{"name":"(anonymous_1)","decl":{"start":{"line":48,"column":21},"end":{"line":48,"column":22}},"loc":{"start":{"line":49,"column":2},"end":{"line":49,"column":null}},"line":49},"2":{"name":"(anonymous_2)","decl":{"start":{"line":51,"column":19},"end":{"line":51,"column":20}},"loc":{"start":{"line":52,"column":2},"end":{"line":52,"column":null}},"line":52},"3":{"name":"(anonymous_3)","decl":{"start":{"line":54,"column":24},"end":{"line":54,"column":38}},"loc":{"start":{"line":54,"column":38},"end":{"line":63,"column":null}},"line":54},"4":{"name":"(anonymous_4)","decl":{"start":{"line":65,"column":29},"end":{"line":65,"column":30}},"loc":{"start":{"line":65,"column":81},"end":{"line":76,"column":null}},"line":65},"5":{"name":"(anonymous_5)","decl":{"start":{"line":78,"column":30},"end":{"line":78,"column":null}},"loc":{"start":{"line":81,"column":11},"end":{"line":127,"column":null}},"line":81},"6":{"name":"(anonymous_6)","decl":{"start":{"line":129,"column":26},"end":{"line":129,"column":null}},"loc":{"start":{"line":131,"column":11},"end":{"line":157,"column":null}},"line":131},"7":{"name":"(anonymous_7)","decl":{"start":{"line":150,"column":30},"end":{"line":150,"column":36}},"loc":{"start":{"line":150,"column":36},"end":{"line":156,"column":5}},"line":150},"8":{"name":"(anonymous_8)","decl":{"start":{"line":159,"column":20},"end":{"line":159,"column":32}},"loc":{"start":{"line":159,"column":32},"end":{"line":170,"column":null}},"line":159},"9":{"name":"(anonymous_9)","decl":{"start":{"line":172,"column":16},"end":{"line":172,"column":17}},"loc":{"start":{"line":172,"column":75},"end":{"line":205,"column":null}},"line":172},"10":{"name":"(anonymous_10)","decl":{"start":{"line":183,"column":18},"end":{"line":183,"column":24}},"loc":{"start":{"line":183,"column":24},"end":{"line":190,"column":null}},"line":183},"11":{"name":"(anonymous_11)","decl":{"start":{"line":192,"column":21},"end":{"line":192,"column":22}},"loc":{"start":{"line":192,"column":32},"end":{"line":194,"column":null}},"line":192},"12":{"name":"(anonymous_12)","decl":{"start":{"line":196,"column":19},"end":{"line":196,"column":25}},"loc":{"start":{"line":196,"column":25},"end":{"line":200,"column":null}},"line":196},"13":{"name":"(anonymous_13)","decl":{"start":{"line":202,"column":19},"end":{"line":202,"column":25}},"loc":{"start":{"line":202,"column":25},"end":{"line":204,"column":null}},"line":202},"14":{"name":"(anonymous_14)","decl":{"start":{"line":207,"column":56},"end":{"line":207,"column":57}},"loc":{"start":{"line":207,"column":66},"end":{"line":244,"column":2}},"line":207},"15":{"name":"(anonymous_15)","decl":{"start":{"line":216,"column":13},"end":{"line":216,"column":14}},"loc":{"start":{"line":216,"column":40},"end":{"line":229,"column":null}},"line":216},"16":{"name":"(anonymous_16)","decl":{"start":{"line":231,"column":15},"end":{"line":231,"column":21}},"loc":{"start":{"line":231,"column":21},"end":{"line":243,"column":null}},"line":231}},"branchMap":{"0":{"loc":{"start":{"line":42,"column":2},"end":{"line":45,"column":null}},"type":"if","locations":[{"start":{"line":42,"column":2},"end":{"line":45,"column":null}},{"start":{},"end":{}}],"line":42},"1":{"loc":{"start":{"line":49,"column":2},"end":{"line":49,"column":null}},"type":"binary-expr","locations":[{"start":{"line":49,"column":2},"end":{"line":49,"column":20}},{"start":{"line":49,"column":20},"end":{"line":49,"column":null}}],"line":49},"2":{"loc":{"start":{"line":52,"column":2},"end":{"line":52,"column":null}},"type":"binary-expr","locations":[{"start":{"line":52,"column":2},"end":{"line":52,"column":19}},{"start":{"line":52,"column":19},"end":{"line":52,"column":null}}],"line":52},"3":{"loc":{"start":{"line":57,"column":2},"end":{"line":59,"column":null}},"type":"if","locations":[{"start":{"line":57,"column":2},"end":{"line":59,"column":null}},{"start":{},"end":{}}],"line":57},"4":{"loc":{"start":{"line":57,"column":6},"end":{"line":57,"column":45}},"type":"binary-expr","locations":[{"start":{"line":57,"column":6},"end":{"line":57,"column":21}},{"start":{"line":57,"column":21},"end":{"line":57,"column":45}}],"line":57},"5":{"loc":{"start":{"line":61,"column":19},"end":{"line":61,"column":null}},"type":"cond-expr","locations":[{"start":{"line":61,"column":59},"end":{"line":61,"column":68}},{"start":{"line":61,"column":68},"end":{"line":61,"column":null}}],"line":61},"6":{"loc":{"start":{"line":66,"column":2},"end":{"line":68,"column":null}},"type":"if","locations":[{"start":{"line":66,"column":2},"end":{"line":68,"column":null}},{"start":{},"end":{}}],"line":66},"7":{"loc":{"start":{"line":66,"column":6},"end":{"line":66,"column":55}},"type":"binary-expr","locations":[{"start":{"line":66,"column":6},"end":{"line":66,"column":17}},{"start":{"line":66,"column":17},"end":{"line":66,"column":55}}],"line":66},"8":{"loc":{"start":{"line":82,"column":2},"end":{"line":84,"column":null}},"type":"if","locations":[{"start":{"line":82,"column":2},"end":{"line":84,"column":null}},{"start":{},"end":{}}],"line":82},"9":{"loc":{"start":{"line":97,"column":2},"end":{"line":110,"column":null}},"type":"if","locations":[{"start":{"line":97,"column":2},"end":{"line":110,"column":null}},{"start":{},"end":{}}],"line":97},"10":{"loc":{"start":{"line":98,"column":4},"end":{"line":101,"column":null}},"type":"binary-expr","locations":[{"start":{"line":98,"column":4},"end":{"line":98,"column":null}},{"start":{"line":99,"column":4},"end":{"line":99,"column":null}},{"start":{"line":100,"column":4},"end":{"line":100,"column":null}},{"start":{"line":101,"column":4},"end":{"line":101,"column":null}}],"line":98},"11":{"loc":{"start":{"line":105,"column":13},"end":{"line":105,"column":null}},"type":"binary-expr","locations":[{"start":{"line":105,"column":13},"end":{"line":105,"column":93}},{"start":{"line":105,"column":93},"end":{"line":105,"column":null}}],"line":105},"12":{"loc":{"start":{"line":112,"column":2},"end":{"line":126,"column":null}},"type":"if","locations":[{"start":{"line":112,"column":2},"end":{"line":126,"column":null}},{"start":{},"end":{}}],"line":112},"13":{"loc":{"start":{"line":113,"column":4},"end":{"line":117,"column":null}},"type":"binary-expr","locations":[{"start":{"line":113,"column":4},"end":{"line":113,"column":null}},{"start":{"line":114,"column":4},"end":{"line":114,"column":null}},{"start":{"line":115,"column":4},"end":{"line":115,"column":null}},{"start":{"line":116,"column":4},"end":{"line":116,"column":null}},{"start":{"line":117,"column":4},"end":{"line":117,"column":null}}],"line":113},"14":{"loc":{"start":{"line":134,"column":2},"end":{"line":136,"column":null}},"type":"if","locations":[{"start":{"line":134,"column":2},"end":{"line":136,"column":null}},{"start":{},"end":{}}],"line":134},"15":{"loc":{"start":{"line":134,"column":6},"end":{"line":134,"column":48}},"type":"binary-expr","locations":[{"start":{"line":134,"column":6},"end":{"line":134,"column":29}},{"start":{"line":134,"column":29},"end":{"line":134,"column":48}}],"line":134},"16":{"loc":{"start":{"line":151,"column":4},"end":{"line":153,"column":null}},"type":"if","locations":[{"start":{"line":151,"column":4},"end":{"line":153,"column":null}},{"start":{},"end":{}}],"line":151},"17":{"loc":{"start":{"line":160,"column":2},"end":{"line":162,"column":null}},"type":"if","locations":[{"start":{"line":160,"column":2},"end":{"line":162,"column":null}},{"start":{},"end":{}}],"line":160},"18":{"loc":{"start":{"line":175,"column":2},"end":{"line":177,"column":null}},"type":"if","locations":[{"start":{"line":175,"column":2},"end":{"line":177,"column":null}},{"start":{},"end":{}}],"line":175},"19":{"loc":{"start":{"line":222,"column":27},"end":{"line":222,"column":null}},"type":"binary-expr","locations":[{"start":{"line":222,"column":27},"end":{"line":222,"column":40}},{"start":{"line":222,"column":40},"end":{"line":222,"column":null}}],"line":222}},"s":{"0":4,"1":4,"2":4,"3":4,"4":4,"5":4,"6":0,"7":0,"8":0,"9":4,"10":0,"11":4,"12":0,"13":4,"14":0,"15":0,"16":0,"17":0,"18":0,"19":4,"20":0,"21":0,"22":0,"23":4,"24":0,"25":0,"26":0,"27":0,"28":0,"29":0,"30":0,"31":0,"32":0,"33":0,"34":0,"35":0,"36":0,"37":4,"38":0,"39":0,"40":0,"41":0,"42":0,"43":0,"44":0,"45":0,"46":0,"47":0,"48":0,"49":4,"50":0,"51":0,"52":0,"53":0,"54":0,"55":0,"56":0,"57":0,"58":4,"59":0,"60":0,"61":0,"62":0,"63":0,"64":0,"65":0,"66":0,"67":0,"68":0,"69":0,"70":0,"71":0,"72":0,"73":0,"74":4,"75":4,"76":0,"77":0,"78":0,"79":0,"80":0,"81":0,"82":0,"83":0},"f":{"0":0,"1":0,"2":0,"3":0,"4":0,"5":0,"6":0,"7":0,"8":0,"9":0,"10":0,"11":0,"12":0,"13":0,"14":4,"15":0,"16":0},"b":{"0":[0,0],"1":[0,0],"2":[0,0],"3":[0,0],"4":[0,0],"5":[0,0],"6":[0,0],"7":[0,0],"8":[0,0],"9":[0,0],"10":[0,0,0,0],"11":[0,0],"12":[0,0],"13":[0,0,0,0,0],"14":[0,0],"15":[0,0],"16":[0,0],"17":[0,0],"18":[0,0],"19":[0,0]},"meta":{"lastBranch":20,"lastFunction":17,"lastStatement":84,"seen":{"s:3:39:3:Infinity":0,"s:4:38:4:Infinity":1,"s:37:31:37:Infinity":2,"s:38:59:38:Infinity":3,"s:39:26:39:Infinity":4,"s:41:28:46:Infinity":5,"f:41:28:41:40":0,"b:42:2:45:Infinity:undefined:undefined:undefined:undefined":0,"s:42:2:45:Infinity":6,"s:43:4:43:Infinity":7,"s:44:4:44:Infinity":8,"s:48:21:49:Infinity":9,"f:48:21:48:22":1,"s:49:2:49:Infinity":10,"b:49:2:49:20:49:20:49:Infinity":1,"s:51:19:52:Infinity":11,"f:51:19:51:20":2,"s:52:2:52:Infinity":12,"b:52:2:52:19:52:19:52:Infinity":2,"s:54:24:63:Infinity":13,"f:54:24:54:38":3,"s:55:22:55:Infinity":14,"b:57:2:59:Infinity:undefined:undefined:undefined:undefined":3,"s:57:2:59:Infinity":15,"b:57:6:57:21:57:21:57:45":4,"s:58:4:58:Infinity":16,"s:61:19:61:Infinity":17,"b:61:59:61:68:61:68:61:Infinity":5,"s:62:2:62:Infinity":18,"s:65:29:76:Infinity":19,"f:65:29:65:30":4,"b:66:2:68:Infinity:undefined:undefined:undefined:undefined":6,"s:66:2:68:Infinity":20,"b:66:6:66:17:66:17:66:55":7,"s:67:4:67:Infinity":21,"s:70:2:75:Infinity":22,"s:78:30:127:Infinity":23,"f:78:30:78:Infinity":5,"b:82:2:84:Infinity:undefined:undefined:undefined:undefined":8,"s:82:2:84:Infinity":24,"s:83:4:83:Infinity":25,"s:88:2:92:Infinity":26,"s:89:4:89:Infinity":27,"s:91:4:91:Infinity":28,"s:94:20:94:Infinity":29,"s:95:18:95:Infinity":30,"b:97:2:110:Infinity:undefined:undefined:undefined:undefined":9,"s:97:2:110:Infinity":31,"b:98:4:98:Infinity:99:4:99:Infinity:100:4:100:Infinity:101:4:101:Infinity":10,"s:103:4:108:Infinity":32,"b:105:13:105:93:105:93:105:Infinity":11,"s:109:4:109:Infinity":33,"b:112:2:126:Infinity:undefined:undefined:undefined:undefined":12,"s:112:2:126:Infinity":34,"b:113:4:113:Infinity:114:4:114:Infinity:115:4:115:Infinity:116:4:116:Infinity:117:4:117:Infinity":13,"s:119:23:119:Infinity":35,"s:120:4:125:Infinity":36,"s:129:26:157:Infinity":37,"f:129:26:129:Infinity":6,"s:132:49:132:Infinity":38,"b:134:2:136:Infinity:undefined:undefined:undefined:undefined":14,"s:134:2:136:Infinity":39,"b:134:6:134:29:134:29:134:48":15,"s:135:4:135:Infinity":40,"s:138:22:138:Infinity":41,"s:139:20:142:Infinity":42,"s:144:2:147:Infinity":43,"s:149:2:149:Infinity":44,"s:150:2:156:Infinity":45,"f:150:30:150:36":7,"b:151:4:153:Infinity:undefined:undefined:undefined:undefined":16,"s:151:4:153:Infinity":46,"s:152:6:152:Infinity":47,"s:155:4:155:Infinity":48,"s:159:20:170:Infinity":49,"f:159:20:159:32":8,"b:160:2:162:Infinity:undefined:undefined:undefined:undefined":17,"s:160:2:162:Infinity":50,"s:161:4:161:Infinity":51,"s:164:2:164:Infinity":52,"s:165:2:165:Infinity":53,"s:166:2:166:Infinity":54,"s:167:2:167:Infinity":55,"s:168:2:168:Infinity":56,"s:169:2:169:Infinity":57,"s:172:16:205:Infinity":58,"f:172:16:172:17":9,"s:173:52:173:Infinity":59,"b:175:2:177:Infinity:undefined:undefined:undefined:undefined":18,"s:175:2:177:Infinity":60,"s:176:4:176:Infinity":61,"s:179:2:179:Infinity":62,"s:181:2:181:Infinity":63,"s:183:2:190:Infinity":64,"f:183:18:183:24":10,"s:184:4:188:Infinity":65,"s:189:4:189:Infinity":66,"s:192:2:194:Infinity":67,"f:192:21:192:22":11,"s:193:4:193:Infinity":68,"s:196:2:200:Infinity":69,"f:196:19:196:25":12,"s:197:4:197:Infinity":70,"s:198:4:198:Infinity":71,"s:199:4:199:Infinity":72,"s:202:2:204:Infinity":73,"f:202:19:202:25":13,"s:207:13:244:Infinity":74,"f:207:56:207:57":14,"s:207:66:244:2":75,"f:216:13:216:14":15,"s:217:4:217:Infinity":76,"s:218:4:218:Infinity":77,"s:220:4:226:Infinity":78,"b:222:27:222:40:222:40:222:Infinity":19,"s:228:4:228:Infinity":79,"f:231:15:231:21":16,"s:232:4:232:Infinity":80,"s:233:4:233:Infinity":81,"s:234:4:234:Infinity":82,"s:236:4:242:Infinity":83}}},"D:\\Study\\4_course\\VKR\\client\\src\\features\\constructor-host\\types.ts":{"path":"D:\\Study\\4_course\\VKR\\client\\src\\features\\constructor-host\\types.ts","statementMap":{},"fnMap":{},"branchMap":{},"s":{},"f":{},"b":{},"meta":{"lastBranch":0,"lastFunction":0,"lastStatement":0,"seen":{}}},"D:\\Study\\4_course\\VKR\\client\\src\\features\\constructor-host\\index.ts":{"path":"D:\\Study\\4_course\\VKR\\client\\src\\features\\constructor-host\\index.ts","statementMap":{},"fnMap":{},"branchMap":{},"s":{},"f":{},"b":{},"meta":{"lastBranch":0,"lastFunction":0,"lastStatement":0,"seen":{}}},"D:\\Study\\4_course\\VKR\\client\\src\\features\\dashboard\\model\\types.ts":{"path":"D:\\Study\\4_course\\VKR\\client\\src\\features\\dashboard\\model\\types.ts","statementMap":{},"fnMap":{},"branchMap":{},"s":{},"f":{},"b":{},"meta":{"lastBranch":0,"lastFunction":0,"lastStatement":0,"seen":{}}},"D:\\Study\\4_course\\VKR\\client\\src\\app\\App.tsx":{"path":"D:\\Study\\4_course\\VKR\\client\\src\\app\\App.tsx","statementMap":{"0":{"start":{"line":6,"column":4},"end":{"line":6,"column":null}}},"fnMap":{"0":{"name":"App","decl":{"start":{"line":5,"column":24},"end":{"line":5,"column":30}},"loc":{"start":{"line":5,"column":30},"end":{"line":7,"column":null}},"line":5}},"branchMap":{},"s":{"0":0},"f":{"0":0},"b":{},"meta":{"lastBranch":0,"lastFunction":1,"lastStatement":1,"seen":{"f:5:24:5:30":0,"s:6:4:6:Infinity":0}}}}}